here!
received token: 924727275:AAGW0DLzd9PjiUU4eiFyvh8JzVAcdU5O3B0
{} 924727275:AAGW0DLzd9PjiUU4eiFyvh8JzVAcdU5O3B0
22
set go
{'chat_id': '-389291248',
 'date': '2019-10-22',
 'desc': 'Привет тест',
 'end_date': '2019-10-31',
 'frequency': 'each_days',
 'id': '11',
 'selected_hr': '22',
 'selected_min': '23',
 'state': 'running'}
22
scheduling
dict_keys(['924727275'])
here!
received token: 877449221:AAFOG0FUZccsfetweOo_QNY8dB4dSMAs0x0
{'924727275': <telegram.bot.Bot object at 0x7f37a93e2940>} 877449221:AAFOG0FUZccsfetweOo_QNY8dB4dSMAs0x0
19
set go
{'chat_id': '-389291248',
 'date': '2019-09-02',
 'desc': 'Лалалей',
 'end_date': '2019-09-03',
 'frequency': 'each_days',
 'id': '2',
 'selected_hr': '19',
 'selected_min': '31',
 'state': 'running'}
19
11
set go
{'chat_id': '-313854166',
 'date': '2019-10-22',
 'desc': 'Вы такие молодцы!',
 'end_date': '2020-06-30',
 'frequency': 'custom_week_days',
 'id': '3',
 'selected_hr': '11',
 'selected_min': '00',
 'selected_week': ['mo_week', 'we_week', 'fr_week'],
 'state': 'running'}
11
scheduling
dict_keys(['924727275', '877449221'])
here!
received token: 906256479:AAFjVAg2a9K49P9opMXesx2RvPxA9pzGy7I
{'924727275': <telegram.bot.Bot object at 0x7f37a93e2940>, '877449221': <telegram.bot.Bot object at 0x7f37a839e6d8>} 906256479:AAFjVAg2a9K49P9opMXesx2RvPxA9pzGy7I
13
set go
{'chat_id': '-380916455',
 'date': '2019-09-01',
 'desc': 'Написали что-нибудь из Сбера?',
 'end_date': '2019-09-27',
 'frequency': 'each_days',
 'id': '13',
 'selected_hr': '13',
 'selected_min': '10',
 'state': 'running'}
13
14
set go
{'chat_id': '-350004291',
 'date': '2019-10-01',
 'desc': 'Тест',
 'end_date': '2019-10-31',
 'frequency': 'each_days',
 'id': '14',
 'selected_hr': '14',
 'selected_min': '59',
 'state': 'running'}
14
22
set go
{'chat_id': '-350004291',
 'date': '2019-10-01',
 'desc': 'Тест',
 'end_date': '2019-10-31',
 'frequency': 'each_days',
 'id': '15',
 'selected_hr': '22',
 'selected_min': '31',
 'state': 'running'}
22
22
set go
{'chat_id': '-380916455',
 'date': '2019-10-01',
 'desc': 'Тест',
 'end_date': '2019-11-30',
 'frequency': 'each_days',
 'id': '16',
 'selected_hr': '22',
 'selected_min': '44',
 'state': 'running'}
22
23
set go
{'chat_id': '-380916455',
 'date': '2019-10-01',
 'desc': 'Тест!',
 'end_date': '2019-11-30',
 'frequency': 'each_days',
 'id': '17',
 'selected_hr': '23',
 'selected_min': '02',
 'state': 'running'}
23
23
set go
{'chat_id': '-380916455',
 'date': '2019-10-01',
 'desc': 'Тест!',
 'end_date': '2019-11-30',
 'frequency': 'each_days',
 'id': '18',
 'selected_hr': '23',
 'selected_min': '06',
 'state': 'running'}
23
scheduling
dict_keys(['924727275', '877449221', '906256479'])
here!
received token: 765923564:AAGwlyc8Ox9bZjbDCGnAK6Alw4_jA7vZ5As
{'924727275': <telegram.bot.Bot object at 0x7f37a93e2940>, '877449221': <telegram.bot.Bot object at 0x7f37a839e6d8>, '906256479': <telegram.bot.Bot object at 0x7f37a839f780>} 765923564:AAGwlyc8Ox9bZjbDCGnAK6Alw4_jA7vZ5As
17
set go
{'chat_id': '-368417082',
 'date': '2019-09-06',
 'desc': 'Hey hey! Tell me about your great achievements! 🚀🚀🚀',
 'end_date': '2020-01-31',
 'frequency': 'busy_days',
 'id': '5',
 'selected_hr': '17',
 'selected_min': '00',
 'state': 'running'}
17
scheduling
dict_keys(['924727275', '877449221', '906256479', '765923564'])
here!
received token: 862615750:AAFaZB-CbMnP4u_YuGUxHEvxYs3rVY8dCh0
{'924727275': <telegram.bot.Bot object at 0x7f37a93e2940>, '877449221': <telegram.bot.Bot object at 0x7f37a839e6d8>, '906256479': <telegram.bot.Bot object at 0x7f37a839f780>, '765923564': <telegram.bot.Bot object at 0x7f37a8377240>} 862615750:AAFaZB-CbMnP4u_YuGUxHEvxYs3rVY8dCh0
21
set go
{'chat_id': '-1001419020405',
 'date': '2019-09-03',
 'desc': 'Сколько заездов за сегодня?',
 'end_date': '2020-06-30',
 'frequency': 'each_days',
 'id': '0',
 'selected_hr': '21',
 'selected_min': '47',
 'state': 'running'}
21
21
set go
{'chat_id': '-227677249',
 'date': '2019-09-04',
 'desc': 'Сколько заездов за сегодня?',
 'end_date': '2020-09-30',
 'frequency': 'each_days',
 'id': '1',
 'selected_hr': '21',
 'selected_min': '45',
 'state': 'running'}
21
23
set go
{'chat_id': '-386406721',
 'date': '2019-09-06',
 'desc': 'Сколько сегодня заказов?',
 'end_date': '2019-12-31',
 'frequency': 'each_days',
 'id': '2',
 'selected_hr': '23',
 'selected_min': '59',
 'state': 'running'}
23
17
set go
{'chat_id': '-1001419020405',
 'date': '2019-09-06',
 'desc': 'Сколько уже заездов?',
 'end_date': '2019-12-31',
 'frequency': 'each_days',
 'id': '3',
 'selected_hr': '17',
 'selected_min': '55',
 'state': 'running'}
17
17
set go
{'chat_id': '-227677249',
 'date': '2019-09-06',
 'desc': 'Сколько уже заездов?',
 'end_date': '2019-12-31',
 'frequency': 'each_days',
 'id': '4',
 'selected_hr': '17',
 'selected_min': '57',
 'state': 'running'}
17
14
set go
{'chat_id': '-1001419020405',
 'date': '2019-09-07',
 'desc': 'Сколько заездов уже было?',
 'end_date': '2019-12-31',
 'frequency': 'each_days',
 'id': '5',
 'selected_hr': '14',
 'selected_min': '32',
 'state': 'running'}
14
20
set go
{'chat_id': '-289972636',
 'date': '2019-09-06',
 'desc': 'Руслан, привет! Как дела сегодня? Распиши пожалуйста то, что важное '
         'произошло и что ты сделал сегодня?',
 'end_date': '2020-06-30',
 'frequency': 'busy_days',
 'id': '6',
 'selected_hr': '20',
 'selected_min': '05',
 'state': 'running'}
20
20
set go
{'chat_id': '-397775931',
 'date': '2019-09-06',
 'desc': 'Ульяна, привет! Как дела сегодня? Распиши пожалуйста то, что важное '
         'произошло и что ты сделала сегодня?',
 'end_date': '2020-07-31',
 'frequency': 'busy_days',
 'id': '7',
 'selected_hr': '20',
 'selected_min': '04',
 'state': 'running'}
20
20
set go
{'chat_id': '-368373418',
 'date': '2019-09-06',
 'desc': 'Аня, привет! Как дела сегодня? Распиши пожалуйста то, что важное '
         'произошло и что ты сделала сегодня?',
 'end_date': '2020-08-31',
 'frequency': 'busy_days',
 'id': '8',
 'selected_hr': '20',
 'selected_min': '03',
 'state': 'running'}
20
09
set go
{'chat_id': '-227677249',
 'date': '2019-09-10',
 'desc': 'Доброе утро! 🌞 \n\nНе забудь прислать фото, когда придёшь на работу)',
 'end_date': '2020-07-31',
 'frequency': 'each_days',
 'id': '10',
 'selected_hr': '09',
 'selected_min': '45',
 'state': 'running'}
09
13
set go
{'chat_id': '-386406721',
 'date': '2019-09-09',
 'desc': 'Привет! Как дела? Наша машина работает?',
 'end_date': '2020-07-31',
 'frequency': 'each_days',
 'id': '11',
 'selected_hr': '13',
 'selected_min': '10',
 'state': 'running'}
13
23
set go
{'chat_id': '-364356139',
 'date': '2019-09-14',
 'desc': 'Привет! Ты сколько сегодня отжался?) \n'
         '\n'
         'Минимум 50 раз. Не подведи меня!',
 'end_date': '2020-04-30',
 'frequency': 'each_days',
 'id': '13',
 'selected_hr': '23',
 'selected_min': '40',
 'state': 'running'}
23
13
set go
{'chat_id': '-351684504',
 'date': '2019-09-20',
 'desc': 'Сейчас последний шанс скинуть бабосы за квартиру Антону!',
 'end_date': '2020-02-29',
 'frequency': 'custom_days',
 'id': '14',
 'selected_days': ['20'],
 'selected_hr': '13',
 'selected_min': '00',
 'state': 'running'}
13
13
set go
{'chat_id': '-351684504',
 'date': '2019-09-20',
 'desc': 'Парни, бабки в кассу за квартиру несите)) уже 18 число.',
 'end_date': '2020-02-29',
 'frequency': 'custom_days',
 'id': '15',
 'selected_days': ['18'],
 'selected_hr': '13',
 'selected_min': '00',
 'state': 'running'}
13
14
set go
{'chat_id': '-1001314416716',
 'date': '2019-10-05',
 'desc': 'Привет, друзья. \n'
         '\n'
         'Добавляйтесь в активный чат.\n'
         '\n'
         '@sgf2019_official',
 'end_date': '2019-10-31',
 'frequency': 'each_days',
 'id': '16',
 'selected_hr': '14',
 'selected_min': '40',
 'state': 'running'}
14
22
set go
{'chat_id': '-1001314416716',
 'date': '2019-10-09',
 'desc': 'Друзья, мы считаем трафик и показываем лучшие локации для вашего '
         'бизнеса! Распознаем лица и увеличиваем эффективность! Statpad.ru',
 'end_date': '2019-11-30',
 'frequency': 'each_days',
 'id': '17',
 'selected_hr': '22',
 'selected_min': '38',
 'state': 'running'}
22
12
set go
{'chat_id': '-351684504',
 'date': '2019-10-16',
 'desc': 'Бабки, парни! Бабки!',
 'end_date': '2020-06-30',
 'frequency': 'custom_days',
 'id': '18',
 'selected_days': ['16', '17', '18'],
 'selected_hr': '12',
 'selected_min': '44',
 'state': 'running'}
12
22
set go
{'chat_id': '-364356139',
 'date': '2019-10-22',
 'desc': 'Тест',
 'end_date': '2019-10-31',
 'frequency': 'each_days',
 'id': '19',
 'selected_hr': '22',
 'selected_min': '18',
 'state': 'running'}
22
scheduling
dict_keys(['924727275', '877449221', '906256479', '765923564', '862615750'])
here!
received token: 416332215:AAH_tP3JecFCKS23bZ-sicVcBcffrLyRuBM
{'924727275': <telegram.bot.Bot object at 0x7f37a93e2940>, '877449221': <telegram.bot.Bot object at 0x7f37a839e6d8>, '906256479': <telegram.bot.Bot object at 0x7f37a839f780>, '765923564': <telegram.bot.Bot object at 0x7f37a8377240>, '862615750': <telegram.bot.Bot object at 0x7f37a8383fd0>} 416332215:AAH_tP3JecFCKS23bZ-sicVcBcffrLyRuBM
14
set go
{'chat_id': '-334850572',
 'date': '2019-12-29',
 'desc': 'sjsj',
 'end_date': '2019-09-28',
 'frequency': 'custom_week_days',
 'id': '0',
 'selected_hr': '14',
 'selected_min': '20',
 'selected_week': ['we_week', 'fr_week', 'sa_week', 'su_week'],
 'state': 'running'}
14
scheduling
dict_keys(['924727275', '877449221', '906256479', '765923564', '862615750', '416332215'])
here!
received token: 913428277:AAHyvniRFOMd1LTj4Mx6CM6biLBKy11UTls
{'924727275': <telegram.bot.Bot object at 0x7f37a93e2940>, '877449221': <telegram.bot.Bot object at 0x7f37a839e6d8>, '906256479': <telegram.bot.Bot object at 0x7f37a839f780>, '765923564': <telegram.bot.Bot object at 0x7f37a8377240>, '862615750': <telegram.bot.Bot object at 0x7f37a8383fd0>, '416332215': <telegram.bot.Bot object at 0x7f37a8389ef0>} 913428277:AAHyvniRFOMd1LTj4Mx6CM6biLBKy11UTls
scheduling
dict_keys(['924727275', '877449221', '906256479', '765923564', '862615750', '416332215', '913428277'])
here!
received token: 712777414:AAEziVUD-YMjp4fjpfoOhEqgqW92xKtywXs
{'924727275': <telegram.bot.Bot object at 0x7f37a93e2940>, '877449221': <telegram.bot.Bot object at 0x7f37a839e6d8>, '906256479': <telegram.bot.Bot object at 0x7f37a839f780>, '765923564': <telegram.bot.Bot object at 0x7f37a8377240>, '862615750': <telegram.bot.Bot object at 0x7f37a8383fd0>, '416332215': <telegram.bot.Bot object at 0x7f37a8389ef0>, '913428277': <telegram.bot.Bot object at 0x7f37a8141eb8>} 712777414:AAEziVUD-YMjp4fjpfoOhEqgqW92xKtywXs
09
set go
{'chat_id': '-363684150',
 'date': '2019-09-09',
 'desc': 'Доброе утро. ☀️ Ждём Ваши фоточки.',
 'end_date': '2019-12-31',
 'frequency': 'three_days',
 'id': '1',
 'selected_hr': '09',
 'selected_min': '00',
 'state': 'running'}
09
09
set go
{'chat_id': '-363684150',
 'date': '2019-09-10',
 'desc': 'Привет. Пришлите фото как придёте на работу 🦔',
 'end_date': '2019-12-31',
 'frequency': 'three_days',
 'id': '2',
 'selected_hr': '09',
 'selected_min': '00',
 'state': 'running'}
09
09
set go
{'chat_id': '-363684150',
 'date': '2019-09-11',
 'desc': 'Ежики, добрейшего утречка 😊 Не забудьте прислать фото, что вы на '
         'месте)',
 'end_date': '2019-12-31',
 'frequency': 'three_days',
 'id': '3',
 'selected_hr': '09',
 'selected_min': '00',
 'state': 'running'}
09
18
set go
{'chat_id': '-363684150',
 'date': '2019-09-08',
 'desc': 'Включите наружную рекламу.\nКак включите, поставьте в чат +',
 'end_date': '2020-01-31',
 'frequency': 'each_days',
 'id': '4',
 'selected_hr': '18',
 'selected_min': '00',
 'state': 'running'}
18
23
set go
{'chat_id': '-371469988',
 'date': '2019-09-17',
 'desc': 'Привет, чем мы сегодня стали лучше чем вчера?)',
 'end_date': '2019-12-31',
 'frequency': 'custom_week_days',
 'id': '5',
 'selected_hr': '23',
 'selected_min': '00',
 'selected_week': ['tu_week', 'sa_week'],
 'state': 'running'}
23
23
set go
{'chat_id': '-371469988',
 'date': '2019-09-18',
 'desc': 'Добрый вечер. Алтынгуль, что мы сегодня сделали? Чем больше цифр в '
         'отчёте, тем лучше)',
 'end_date': '2019-12-31',
 'frequency': 'custom_week_days',
 'id': '6',
 'selected_hr': '23',
 'selected_min': '00',
 'selected_week': ['su_week', 'we_week'],
 'state': 'running'}
23
23
set go
{'chat_id': '-371469988',
 'date': '2019-09-19',
 'desc': 'Здравствуй) Как твой день?',
 'end_date': '2019-12-31',
 'frequency': 'custom_week_days',
 'id': '7',
 'selected_hr': '23',
 'selected_min': '00',
 'selected_week': ['mo_week', 'th_week', 'fr_week'],
 'state': 'running'}
23
22
set go
{'chat_id': '-363684150',
 'date': '2019-09-19',
 'desc': 'Ребят, скиньте отчёт за день.',
 'end_date': '2020-01-31',
 'frequency': 'each_days',
 'id': '8',
 'selected_hr': '22',
 'selected_min': '00',
 'state': 'running'}
22
23
set go
{'chat_id': '-292035496',
 'date': '2019-09-23',
 'desc': 'Привет, дай отчет по сегодняшнему дню. Что мы сделали и что в '
         'ближайшее нужно будет сделать.',
 'end_date': '2020-01-31',
 'frequency': 'each_days',
 'id': '9',
 'selected_hr': '23',
 'selected_min': '00',
 'state': 'running'}
23
11
set go
{'chat_id': '-398358989',
 'date': '2019-09-21',
 'desc': 'Ну рассказывай',
 'end_date': '2019-09-30',
 'frequency': 'seven_days',
 'id': '10',
 'selected_hr': '11',
 'selected_min': '08',
 'state': 'running'}
11
11
set go
{'chat_id': '-398358989',
 'date': '2019-09-21',
 'desc': 'Отлично',
 'end_date': '2019-09-30',
 'frequency': 'each_days',
 'id': '11',
 'selected_hr': '11',
 'selected_min': '15',
 'state': 'running'}
11
22
set go
{'chat_id': '-398358989',
 'date': '2019-09-25',
 'desc': 'Выручка',
 'end_date': '2019-09-30',
 'frequency': 'custom_days',
 'id': '12',
 'selected_days': ['25'],
 'selected_hr': '22',
 'selected_min': '10',
 'state': 'running'}
22
22
set go
{'chat_id': '-398358989',
 'date': '2019-09-25',
 'desc': 'Закупки',
 'end_date': '2019-09-27',
 'frequency': 'four_days',
 'id': '13',
 'selected_hr': '22',
 'selected_min': '10',
 'state': 'running'}
22
22
set go
{'chat_id': '-398358989',
 'date': '2019-09-25',
 'desc': 'Эквайринг',
 'end_date': '2019-09-29',
 'frequency': 'each_days',
 'id': '14',
 'selected_hr': '22',
 'selected_min': '10',
 'state': 'running'}
22
22
set go
{'chat_id': '-398358989',
 'date': '2019-09-25',
 'desc': 'Наличные',
 'end_date': '2019-09-29',
 'frequency': 'each_days',
 'id': '15',
 'selected_hr': '22',
 'selected_min': '10',
 'state': 'running'}
22
22
set go
{'chat_id': '-398358989',
 'date': '2019-09-25',
 'desc': 'Зарплата',
 'end_date': '2019-09-30',
 'frequency': 'each_days',
 'id': '16',
 'selected_hr': '22',
 'selected_min': '10',
 'state': 'running'}
22
23
set go
{'chat_id': '-370417699',
 'date': '2019-10-02',
 'desc': 'Привет. Что мы сегодня сделали? Чем больше цифр в отчете, тем лучше.',
 'end_date': '2020-02-29',
 'frequency': 'each_days',
 'id': '17',
 'selected_hr': '23',
 'selected_min': '00',
 'state': 'running'}
23
23
set go
{'chat_id': '-345140893',
 'date': '2019-10-04',
 'desc': 'Привет, как наши дела?) Чем мы сегодня лучше чем вчера?',
 'end_date': '2020-01-31',
 'frequency': 'each_days',
 'id': '18',
 'selected_hr': '23',
 'selected_min': '00',
 'state': 'running'}
23
23
set go
{'chat_id': '-259677426',
 'date': '2019-10-10',
 'desc': 'Привет, расскажи что нас сделало ближе к 10 000 000 рублей в '
         'месяц?))))😜',
 'end_date': '2019-12-31',
 'frequency': 'each_days',
 'id': '19',
 'selected_hr': '23',
 'selected_min': '55',
 'state': 'running'}
23
23
set go
{'chat_id': '-349596465',
 'date': '2019-10-24',
 'desc': 'Привет. Какие у нас результаты за сегодня?\n'
         'Чем больше в отчете цифр, тем лучше.',
 'end_date': '2020-01-31',
 'frequency': 'each_days',
 'id': '20',
 'selected_hr': '23',
 'selected_min': '00',
 'state': 'running'}
23
09
set go
{'chat_id': '-373110077',
 'date': '2019-11-18',
 'desc': 'ЗП Людмила Лисичкина\n'
         'До 300 тыс - 15 к, от 300 если наторговали 7%, 1 млн 10%\n'
         '+ бонус за помощь',
 'end_date': '2020-07-31',
 'frequency': 'custom_days',
 'id': '21',
 'selected_days': ['18'],
 'selected_hr': '09',
 'selected_min': '00',
 'state': 'running'}
09
scheduling
dict_keys(['924727275', '877449221', '906256479', '765923564', '862615750', '416332215', '913428277', '712777414'])
here!
received token: 969092293:AAHQXBvxNglGILHbgTl5zSHznoX-62X0wV8
{'924727275': <telegram.bot.Bot object at 0x7f37a93e2940>, '877449221': <telegram.bot.Bot object at 0x7f37a839e6d8>, '906256479': <telegram.bot.Bot object at 0x7f37a839f780>, '765923564': <telegram.bot.Bot object at 0x7f37a8377240>, '862615750': <telegram.bot.Bot object at 0x7f37a8383fd0>, '416332215': <telegram.bot.Bot object at 0x7f37a8389ef0>, '913428277': <telegram.bot.Bot object at 0x7f37a8141eb8>, '712777414': <telegram.bot.Bot object at 0x7f37a8315f98>} 969092293:AAHQXBvxNglGILHbgTl5zSHznoX-62X0wV8
16
set go
{'chat_id': '-360108239',
 'date': '2019-09-09',
 'desc': 'Как дела? что нового? есть прогресс? 😇',
 'end_date': '2020-01-31',
 'frequency': 'custom_week_days',
 'id': '0',
 'selected_hr': '16',
 'selected_min': '00',
 'selected_week': ['mo_week', 'th_week'],
 'state': 'running'}
16
scheduling
dict_keys(['924727275', '877449221', '906256479', '765923564', '862615750', '416332215', '913428277', '712777414', '969092293'])
here!
received token: 687692025:AAGBXGc_AmnQbZTQ4yILJVwZFZPXm4gjmJs
{'924727275': <telegram.bot.Bot object at 0x7f37a93e2940>, '877449221': <telegram.bot.Bot object at 0x7f37a839e6d8>, '906256479': <telegram.bot.Bot object at 0x7f37a839f780>, '765923564': <telegram.bot.Bot object at 0x7f37a8377240>, '862615750': <telegram.bot.Bot object at 0x7f37a8383fd0>, '416332215': <telegram.bot.Bot object at 0x7f37a8389ef0>, '913428277': <telegram.bot.Bot object at 0x7f37a8141eb8>, '712777414': <telegram.bot.Bot object at 0x7f37a8315f98>, '969092293': <telegram.bot.Bot object at 0x7f37a82e9c18>} 687692025:AAGBXGc_AmnQbZTQ4yILJVwZFZPXm4gjmJs
11
set go
{'chat_id': '-368001757',
 'date': '2019-09-08',
 'desc': 'Гоша и Лёша, до 11 числа нам нужно загрузить 100 товаров!!!\n'
         'Все они должный пройти модерацию!!!\n'
         'Если этого не будет, бабок не будет!\n'
         'Сегодня нужно сделать следующее:\n'
         '- выложить минимум 20 товаров (без отмазок)\n'
         '- контролировать поставку! (Это для меня)\n'
         '- выбрать хорошие товары! (Это для нас)',
 'end_date': '2019-09-14',
 'frequency': 'each_days',
 'id': '6',
 'selected_hr': '11',
 'selected_min': '30',
 'state': 'running'}
11
15
set go
{'chat_id': '-368001757',
 'date': '2019-09-08',
 'desc': 'Нам нужно выложить20 товаров МИНИМУМ!\n'
         'Иначе не будет даже 300К\n'
         'Сколько за сегодня выложено товаров?',
 'end_date': '2019-09-16',
 'frequency': 'each_days',
 'id': '7',
 'selected_hr': '15',
 'selected_min': '00',
 'state': 'running'}
15
19
set go
{'chat_id': '-368001757',
 'date': '2019-09-08',
 'desc': 'Сколько за сегодня товаров выложено?\n'
         '\n'
         'Ответь свайпом, у меня интеграция с гугл таблицей',
 'end_date': '2019-09-16',
 'frequency': 'each_days',
 'id': '8',
 'selected_hr': '19',
 'selected_min': '00',
 'state': 'running'}
19
19
set go
{'chat_id': '-368001757',
 'date': '2019-09-08',
 'desc': 'После того как будет выложено нужное кол-во товаров, проверь те, что '
         'на модерации',
 'end_date': '2019-09-16',
 'frequency': 'each_days',
 'id': '9',
 'selected_hr': '19',
 'selected_min': '20',
 'state': 'running'}
19
scheduling
dict_keys(['924727275', '877449221', '906256479', '765923564', '862615750', '416332215', '913428277', '712777414', '969092293', '687692025'])
here!
received token: 963028398:AAGbK5DWsGe9ta1cW6HjIiHxlvQn-BjI-Oo
{'924727275': <telegram.bot.Bot object at 0x7f37a93e2940>, '877449221': <telegram.bot.Bot object at 0x7f37a839e6d8>, '906256479': <telegram.bot.Bot object at 0x7f37a839f780>, '765923564': <telegram.bot.Bot object at 0x7f37a8377240>, '862615750': <telegram.bot.Bot object at 0x7f37a8383fd0>, '416332215': <telegram.bot.Bot object at 0x7f37a8389ef0>, '913428277': <telegram.bot.Bot object at 0x7f37a8141eb8>, '712777414': <telegram.bot.Bot object at 0x7f37a8315f98>, '969092293': <telegram.bot.Bot object at 0x7f37a82e9c18>, '687692025': <telegram.bot.Bot object at 0x7f37a07edeb8>} 963028398:AAGbK5DWsGe9ta1cW6HjIiHxlvQn-BjI-Oo
Unauthorized
dict_keys(['924727275', '877449221', '906256479', '765923564', '862615750', '416332215', '913428277', '712777414', '969092293', '687692025'])
here!
received token: 383043558:AAEae_xzN493t4jeouO3Ty9tRuNuiJx3rew
{'924727275': <telegram.bot.Bot object at 0x7f37a93e2940>, '877449221': <telegram.bot.Bot object at 0x7f37a839e6d8>, '906256479': <telegram.bot.Bot object at 0x7f37a839f780>, '765923564': <telegram.bot.Bot object at 0x7f37a8377240>, '862615750': <telegram.bot.Bot object at 0x7f37a8383fd0>, '416332215': <telegram.bot.Bot object at 0x7f37a8389ef0>, '913428277': <telegram.bot.Bot object at 0x7f37a8141eb8>, '712777414': <telegram.bot.Bot object at 0x7f37a8315f98>, '969092293': <telegram.bot.Bot object at 0x7f37a82e9c18>, '687692025': <telegram.bot.Bot object at 0x7f37a07edeb8>} 383043558:AAEae_xzN493t4jeouO3Ty9tRuNuiJx3rew
scheduling
dict_keys(['924727275', '877449221', '906256479', '765923564', '862615750', '416332215', '913428277', '712777414', '969092293', '687692025', '383043558'])
here!
received token: 892530087:AAHYbqruU1Cp8hpnHM3p4zVyBtFoty0EkyY
{'924727275': <telegram.bot.Bot object at 0x7f37a93e2940>, '877449221': <telegram.bot.Bot object at 0x7f37a839e6d8>, '906256479': <telegram.bot.Bot object at 0x7f37a839f780>, '765923564': <telegram.bot.Bot object at 0x7f37a8377240>, '862615750': <telegram.bot.Bot object at 0x7f37a8383fd0>, '416332215': <telegram.bot.Bot object at 0x7f37a8389ef0>, '913428277': <telegram.bot.Bot object at 0x7f37a8141eb8>, '712777414': <telegram.bot.Bot object at 0x7f37a8315f98>, '969092293': <telegram.bot.Bot object at 0x7f37a82e9c18>, '687692025': <telegram.bot.Bot object at 0x7f37a07edeb8>, '383043558': <telegram.bot.Bot object at 0x7f37a07cabe0>} 892530087:AAHYbqruU1Cp8hpnHM3p4zVyBtFoty0EkyY
scheduling
dict_keys(['924727275', '877449221', '906256479', '765923564', '862615750', '416332215', '913428277', '712777414', '969092293', '687692025', '383043558', '892530087'])
here!
received token: 947784987:AAGfL0aSqT9vn4wqYbU03A7xPBp15GZOkRo
{'924727275': <telegram.bot.Bot object at 0x7f37a93e2940>, '877449221': <telegram.bot.Bot object at 0x7f37a839e6d8>, '906256479': <telegram.bot.Bot object at 0x7f37a839f780>, '765923564': <telegram.bot.Bot object at 0x7f37a8377240>, '862615750': <telegram.bot.Bot object at 0x7f37a8383fd0>, '416332215': <telegram.bot.Bot object at 0x7f37a8389ef0>, '913428277': <telegram.bot.Bot object at 0x7f37a8141eb8>, '712777414': <telegram.bot.Bot object at 0x7f37a8315f98>, '969092293': <telegram.bot.Bot object at 0x7f37a82e9c18>, '687692025': <telegram.bot.Bot object at 0x7f37a07edeb8>, '383043558': <telegram.bot.Bot object at 0x7f37a07cabe0>, '892530087': <telegram.bot.Bot object at 0x7f37a8090208>} 947784987:AAGfL0aSqT9vn4wqYbU03A7xPBp15GZOkRo
scheduling
dict_keys(['924727275', '877449221', '906256479', '765923564', '862615750', '416332215', '913428277', '712777414', '969092293', '687692025', '383043558', '892530087', '947784987'])
here!
received token: 959101265:AAHSvzBgePYt1ZxlwGjacXBr-bgmpBoPSVg
{'924727275': <telegram.bot.Bot object at 0x7f37a93e2940>, '877449221': <telegram.bot.Bot object at 0x7f37a839e6d8>, '906256479': <telegram.bot.Bot object at 0x7f37a839f780>, '765923564': <telegram.bot.Bot object at 0x7f37a8377240>, '862615750': <telegram.bot.Bot object at 0x7f37a8383fd0>, '416332215': <telegram.bot.Bot object at 0x7f37a8389ef0>, '913428277': <telegram.bot.Bot object at 0x7f37a8141eb8>, '712777414': <telegram.bot.Bot object at 0x7f37a8315f98>, '969092293': <telegram.bot.Bot object at 0x7f37a82e9c18>, '687692025': <telegram.bot.Bot object at 0x7f37a07edeb8>, '383043558': <telegram.bot.Bot object at 0x7f37a07cabe0>, '892530087': <telegram.bot.Bot object at 0x7f37a8090208>, '947784987': <telegram.bot.Bot object at 0x7f37a820d748>} 959101265:AAHSvzBgePYt1ZxlwGjacXBr-bgmpBoPSVg
scheduling
dict_keys(['924727275', '877449221', '906256479', '765923564', '862615750', '416332215', '913428277', '712777414', '969092293', '687692025', '383043558', '892530087', '947784987', '959101265'])
here!
received token: 866382576:AAFm6_vHFuhYEwdrgHWa4r2G1HS5e215L44
{'924727275': <telegram.bot.Bot object at 0x7f37a93e2940>, '877449221': <telegram.bot.Bot object at 0x7f37a839e6d8>, '906256479': <telegram.bot.Bot object at 0x7f37a839f780>, '765923564': <telegram.bot.Bot object at 0x7f37a8377240>, '862615750': <telegram.bot.Bot object at 0x7f37a8383fd0>, '416332215': <telegram.bot.Bot object at 0x7f37a8389ef0>, '913428277': <telegram.bot.Bot object at 0x7f37a8141eb8>, '712777414': <telegram.bot.Bot object at 0x7f37a8315f98>, '969092293': <telegram.bot.Bot object at 0x7f37a82e9c18>, '687692025': <telegram.bot.Bot object at 0x7f37a07edeb8>, '383043558': <telegram.bot.Bot object at 0x7f37a07cabe0>, '892530087': <telegram.bot.Bot object at 0x7f37a8090208>, '947784987': <telegram.bot.Bot object at 0x7f37a820d748>, '959101265': <telegram.bot.Bot object at 0x7f37a837f9b0>} 866382576:AAFm6_vHFuhYEwdrgHWa4r2G1HS5e215L44
scheduling
dict_keys(['924727275', '877449221', '906256479', '765923564', '862615750', '416332215', '913428277', '712777414', '969092293', '687692025', '383043558', '892530087', '947784987', '959101265', '866382576'])
here!
received token: 735843391:AAGysIPXMYKxgErFtmSCe4iIlvSblBXsOms
{'924727275': <telegram.bot.Bot object at 0x7f37a93e2940>, '877449221': <telegram.bot.Bot object at 0x7f37a839e6d8>, '906256479': <telegram.bot.Bot object at 0x7f37a839f780>, '765923564': <telegram.bot.Bot object at 0x7f37a8377240>, '862615750': <telegram.bot.Bot object at 0x7f37a8383fd0>, '416332215': <telegram.bot.Bot object at 0x7f37a8389ef0>, '913428277': <telegram.bot.Bot object at 0x7f37a8141eb8>, '712777414': <telegram.bot.Bot object at 0x7f37a8315f98>, '969092293': <telegram.bot.Bot object at 0x7f37a82e9c18>, '687692025': <telegram.bot.Bot object at 0x7f37a07edeb8>, '383043558': <telegram.bot.Bot object at 0x7f37a07cabe0>, '892530087': <telegram.bot.Bot object at 0x7f37a8090208>, '947784987': <telegram.bot.Bot object at 0x7f37a820d748>, '959101265': <telegram.bot.Bot object at 0x7f37a837f9b0>, '866382576': <telegram.bot.Bot object at 0x7f37a83224a8>} 735843391:AAGysIPXMYKxgErFtmSCe4iIlvSblBXsOms
scheduling
dict_keys(['924727275', '877449221', '906256479', '765923564', '862615750', '416332215', '913428277', '712777414', '969092293', '687692025', '383043558', '892530087', '947784987', '959101265', '866382576', '735843391'])
here!
received token: 933291977:AAFiHLgk32YxagWhC88S3-1pu8BEJlxzgkk
{'924727275': <telegram.bot.Bot object at 0x7f37a93e2940>, '877449221': <telegram.bot.Bot object at 0x7f37a839e6d8>, '906256479': <telegram.bot.Bot object at 0x7f37a839f780>, '765923564': <telegram.bot.Bot object at 0x7f37a8377240>, '862615750': <telegram.bot.Bot object at 0x7f37a8383fd0>, '416332215': <telegram.bot.Bot object at 0x7f37a8389ef0>, '913428277': <telegram.bot.Bot object at 0x7f37a8141eb8>, '712777414': <telegram.bot.Bot object at 0x7f37a8315f98>, '969092293': <telegram.bot.Bot object at 0x7f37a82e9c18>, '687692025': <telegram.bot.Bot object at 0x7f37a07edeb8>, '383043558': <telegram.bot.Bot object at 0x7f37a07cabe0>, '892530087': <telegram.bot.Bot object at 0x7f37a8090208>, '947784987': <telegram.bot.Bot object at 0x7f37a820d748>, '959101265': <telegram.bot.Bot object at 0x7f37a837f9b0>, '866382576': <telegram.bot.Bot object at 0x7f37a83224a8>, '735843391': <telegram.bot.Bot object at 0x7f37a8285e80>} 933291977:AAFiHLgk32YxagWhC88S3-1pu8BEJlxzgkk
23
set go
{'chat_id': '-393262721',
 'date': '2019-09-09',
 'desc': 'Привет. \n'
         '1. Какая польза сегодня стала результатом дня?\n'
         '2.В чем ее можно оценить? \n'
         '3.Чему ты научилась? \n'
         '4.Что тебя порадовало?\n'
         '5.Чем ты порадовала меня?',
 'end_date': '2020-04-30',
 'frequency': 'each_days',
 'id': '0',
 'selected_hr': '23',
 'selected_min': '00',
 'state': 'running'}
23
scheduling
dict_keys(['924727275', '877449221', '906256479', '765923564', '862615750', '416332215', '913428277', '712777414', '969092293', '687692025', '383043558', '892530087', '947784987', '959101265', '866382576', '735843391', '933291977'])
here!
received token: 833550115:AAEARAZ3u9Zr4zNRQEnB1j1cPrv6D1txJRA
{'924727275': <telegram.bot.Bot object at 0x7f37a93e2940>, '877449221': <telegram.bot.Bot object at 0x7f37a839e6d8>, '906256479': <telegram.bot.Bot object at 0x7f37a839f780>, '765923564': <telegram.bot.Bot object at 0x7f37a8377240>, '862615750': <telegram.bot.Bot object at 0x7f37a8383fd0>, '416332215': <telegram.bot.Bot object at 0x7f37a8389ef0>, '913428277': <telegram.bot.Bot object at 0x7f37a8141eb8>, '712777414': <telegram.bot.Bot object at 0x7f37a8315f98>, '969092293': <telegram.bot.Bot object at 0x7f37a82e9c18>, '687692025': <telegram.bot.Bot object at 0x7f37a07edeb8>, '383043558': <telegram.bot.Bot object at 0x7f37a07cabe0>, '892530087': <telegram.bot.Bot object at 0x7f37a8090208>, '947784987': <telegram.bot.Bot object at 0x7f37a820d748>, '959101265': <telegram.bot.Bot object at 0x7f37a837f9b0>, '866382576': <telegram.bot.Bot object at 0x7f37a83224a8>, '735843391': <telegram.bot.Bot object at 0x7f37a8285e80>, '933291977': <telegram.bot.Bot object at 0x7f37a94105f8>} 833550115:AAEARAZ3u9Zr4zNRQEnB1j1cPrv6D1txJRA
scheduling
dict_keys(['924727275', '877449221', '906256479', '765923564', '862615750', '416332215', '913428277', '712777414', '969092293', '687692025', '383043558', '892530087', '947784987', '959101265', '866382576', '735843391', '933291977', '833550115'])
here!
received token: 924746105:AAFWh6dhG5aJiuOc5HNTpjDMWfp-bfxrmBU
{'924727275': <telegram.bot.Bot object at 0x7f37a93e2940>, '877449221': <telegram.bot.Bot object at 0x7f37a839e6d8>, '906256479': <telegram.bot.Bot object at 0x7f37a839f780>, '765923564': <telegram.bot.Bot object at 0x7f37a8377240>, '862615750': <telegram.bot.Bot object at 0x7f37a8383fd0>, '416332215': <telegram.bot.Bot object at 0x7f37a8389ef0>, '913428277': <telegram.bot.Bot object at 0x7f37a8141eb8>, '712777414': <telegram.bot.Bot object at 0x7f37a8315f98>, '969092293': <telegram.bot.Bot object at 0x7f37a82e9c18>, '687692025': <telegram.bot.Bot object at 0x7f37a07edeb8>, '383043558': <telegram.bot.Bot object at 0x7f37a07cabe0>, '892530087': <telegram.bot.Bot object at 0x7f37a8090208>, '947784987': <telegram.bot.Bot object at 0x7f37a820d748>, '959101265': <telegram.bot.Bot object at 0x7f37a837f9b0>, '866382576': <telegram.bot.Bot object at 0x7f37a83224a8>, '735843391': <telegram.bot.Bot object at 0x7f37a8285e80>, '933291977': <telegram.bot.Bot object at 0x7f37a94105f8>, '833550115': <telegram.bot.Bot object at 0x7f37a8241ef0>} 924746105:AAFWh6dhG5aJiuOc5HNTpjDMWfp-bfxrmBU
scheduling
dict_keys(['924727275', '877449221', '906256479', '765923564', '862615750', '416332215', '913428277', '712777414', '969092293', '687692025', '383043558', '892530087', '947784987', '959101265', '866382576', '735843391', '933291977', '833550115', '924746105'])
here!
received token: 932531119:AAGTM2QmByD1deofTP4DrkXQeLVrstF31ek
{'924727275': <telegram.bot.Bot object at 0x7f37a93e2940>, '877449221': <telegram.bot.Bot object at 0x7f37a839e6d8>, '906256479': <telegram.bot.Bot object at 0x7f37a839f780>, '765923564': <telegram.bot.Bot object at 0x7f37a8377240>, '862615750': <telegram.bot.Bot object at 0x7f37a8383fd0>, '416332215': <telegram.bot.Bot object at 0x7f37a8389ef0>, '913428277': <telegram.bot.Bot object at 0x7f37a8141eb8>, '712777414': <telegram.bot.Bot object at 0x7f37a8315f98>, '969092293': <telegram.bot.Bot object at 0x7f37a82e9c18>, '687692025': <telegram.bot.Bot object at 0x7f37a07edeb8>, '383043558': <telegram.bot.Bot object at 0x7f37a07cabe0>, '892530087': <telegram.bot.Bot object at 0x7f37a8090208>, '947784987': <telegram.bot.Bot object at 0x7f37a820d748>, '959101265': <telegram.bot.Bot object at 0x7f37a837f9b0>, '866382576': <telegram.bot.Bot object at 0x7f37a83224a8>, '735843391': <telegram.bot.Bot object at 0x7f37a8285e80>, '933291977': <telegram.bot.Bot object at 0x7f37a94105f8>, '833550115': <telegram.bot.Bot object at 0x7f37a8241ef0>, '924746105': <telegram.bot.Bot object at 0x7f37a82adef0>} 932531119:AAGTM2QmByD1deofTP4DrkXQeLVrstF31ek
08
set go
{'chat_id': '-224206059',
 'date': '2019-09-11',
 'desc': 'ПИС топ',
 'end_date': '2019-09-20',
 'frequency': 'each_days',
 'id': '0',
 'selected_hr': '08',
 'selected_min': '56',
 'state': 'running'}
08
07
set go
{'chat_id': '-224206059',
 'date': '2019-09-23',
 'desc': 'ПИС пипис',
 'end_date': '2019-09-30',
 'frequency': 'each_days',
 'id': '1',
 'selected_hr': '07',
 'selected_min': '17',
 'state': 'running'}
07
11
set go
{'chat_id': '-224206059',
 'date': '2019-10-01',
 'desc': 'ПИС немец',
 'end_date': '2019-10-27',
 'frequency': 'each_days',
 'id': '2',
 'selected_hr': '11',
 'selected_min': '00',
 'state': 'running'}
11
15
set go
{'chat_id': '-224206059',
 'date': '2019-10-22',
 'desc': 'Найс ПИС отослал',
 'end_date': '2019-11-21',
 'frequency': 'each_days',
 'id': '3',
 'selected_hr': '15',
 'selected_min': '20',
 'state': 'running'}
15
scheduling
dict_keys(['924727275', '877449221', '906256479', '765923564', '862615750', '416332215', '913428277', '712777414', '969092293', '687692025', '383043558', '892530087', '947784987', '959101265', '866382576', '735843391', '933291977', '833550115', '924746105', '932531119'])
here!
received token: 933766402:AAG9TsmO_9-aHvMr3tW8yAFL7HHmYoZRm3Y
{'924727275': <telegram.bot.Bot object at 0x7f37a93e2940>, '877449221': <telegram.bot.Bot object at 0x7f37a839e6d8>, '906256479': <telegram.bot.Bot object at 0x7f37a839f780>, '765923564': <telegram.bot.Bot object at 0x7f37a8377240>, '862615750': <telegram.bot.Bot object at 0x7f37a8383fd0>, '416332215': <telegram.bot.Bot object at 0x7f37a8389ef0>, '913428277': <telegram.bot.Bot object at 0x7f37a8141eb8>, '712777414': <telegram.bot.Bot object at 0x7f37a8315f98>, '969092293': <telegram.bot.Bot object at 0x7f37a82e9c18>, '687692025': <telegram.bot.Bot object at 0x7f37a07edeb8>, '383043558': <telegram.bot.Bot object at 0x7f37a07cabe0>, '892530087': <telegram.bot.Bot object at 0x7f37a8090208>, '947784987': <telegram.bot.Bot object at 0x7f37a820d748>, '959101265': <telegram.bot.Bot object at 0x7f37a837f9b0>, '866382576': <telegram.bot.Bot object at 0x7f37a83224a8>, '735843391': <telegram.bot.Bot object at 0x7f37a8285e80>, '933291977': <telegram.bot.Bot object at 0x7f37a94105f8>, '833550115': <telegram.bot.Bot object at 0x7f37a8241ef0>, '924746105': <telegram.bot.Bot object at 0x7f37a82adef0>, '932531119': <telegram.bot.Bot object at 0x7f37a8143d30>} 933766402:AAG9TsmO_9-aHvMr3tW8yAFL7HHmYoZRm3Y
12
set go
{'chat_id': '-244316242',
 'date': '2019-10-03',
 'desc': '5 числа каждого месяца оплата аренды\n'
         '3 числа каждого месяца отчет Альфакселератор \n'
         'Отчет Антону по расходам каждый месяц',
 'end_date': '2020-02-29',
 'frequency': 'custom_days',
 'id': '0',
 'selected_days': ['3'],
 'selected_hr': '12',
 'selected_min': '00',
 'state': 'running'}
12
01
set go
{'chat_id': '-368373418',
 'date': '2019-10-01',
 'desc': 'Антон!\nСколько нужно налички в этом месяце?☺️\nНапиши сумму',
 'end_date': '2020-01-31',
 'frequency': 'custom_days',
 'id': '1',
 'selected_days': ['1', '28'],
 'selected_hr': '01',
 'selected_min': '00',
 'state': 'running'}
01
16
set go
{'chat_id': '-368373418',
 'date': '2019-10-01',
 'desc': 'Антон!\nСделай пожалуйста счета и акты для БАБАЕВСКОГО!❤️😌',
 'end_date': '2020-03-31',
 'frequency': 'custom_days',
 'id': '2',
 'selected_days': ['8'],
 'selected_hr': '16',
 'selected_min': '00',
 'state': 'running'}
16
11
set go
{'chat_id': '-345999604',
 'date': '2019-09-20',
 'desc': 'Добрый день! \nМы готовы сегодня выйти на онлайн связь.',
 'end_date': '2019-12-01',
 'frequency': 'custom_week_days',
 'id': '3',
 'selected_hr': '11',
 'selected_min': '30',
 'selected_week': ['we_week', 'sa_week'],
 'state': 'running'}
11
20
set go
{'chat_id': '-345999604',
 'date': '2019-09-21',
 'desc': 'Антон, Аня!  \n'
         'Какие задачи сделали сегодня по ТА? \n'
         'Что будете делать завтра?',
 'end_date': '2019-12-01',
 'frequency': 'custom_week_days',
 'id': '4',
 'selected_hr': '20',
 'selected_min': '00',
 'selected_week': ['mo_week',
                   'tu_week',
                   'th_week',
                   'fr_week',
                   'we_week',
                   'sa_week',
                   'su_week'],
 'state': 'running'}
20
14
set go
{'chat_id': '-345999604',
 'date': '2019-09-26',
 'desc': 'Антон!\n'
         'Пропиши пожалуйста минимальные требования к 1 камере - дедлайн 27.09',
 'end_date': '2019-09-27',
 'frequency': 'two_days',
 'id': '7',
 'selected_hr': '14',
 'selected_min': '40',
 'state': 'running'}
14
12
set go
{'chat_id': '-345999604',
 'date': '2019-09-26',
 'desc': 'Антон, напиши СЕГОДНЯ характеристики камер - дедлайн до 26.09😉',
 'end_date': '2019-09-27',
 'frequency': 'each_days',
 'id': '8',
 'selected_hr': '12',
 'selected_min': '50',
 'state': 'running'}
12
13
set go
{'chat_id': '-345999604',
 'date': '2019-09-26',
 'desc': 'Антон\n'
         'Подготовь лк, чтобы продемонстрировать Реалтайм - дедлайн 26.09',
 'end_date': '2019-09-27',
 'frequency': 'each_days',
 'id': '9',
 'selected_hr': '13',
 'selected_min': '40',
 'state': 'running'}
13
20
set go
{'chat_id': '-244316242',
 'date': '2019-10-10',
 'desc': 'Аня! Не забудь выложить задание на следующий день для марафона '
         'изобилия!🌞🌞❤️❤️',
 'end_date': '2019-11-10',
 'frequency': 'each_days',
 'id': '10',
 'selected_hr': '20',
 'selected_min': '00',
 'state': 'running'}
20
18
set go
{'chat_id': '-396009649',
 'date': '2019-10-10',
 'desc': 'Всем привет!  \n'
         'Не забываем заполнить таблицу!  \n'
         'Срок до пятницы 11.10 😉',
 'end_date': '2019-10-12',
 'frequency': 'two_days',
 'id': '11',
 'selected_hr': '18',
 'selected_min': '00',
 'state': 'running'}
18
12
set go
{'chat_id': '-396009649',
 'date': '2019-10-14',
 'desc': 'Всем привет!  \nНапоминаю что сегодня сбор в 15:00 в штабе😉',
 'end_date': '2019-10-16',
 'frequency': 'each_days',
 'id': '12',
 'selected_hr': '12',
 'selected_min': '00',
 'state': 'running'}
12
19
set go
{'chat_id': '-396009649',
 'date': '2019-10-25',
 'desc': 'Чибупели!!!  😈\n'
         'Вы что сделали сегодня???  \n'
         'Каждый пишет что смотрел, делал, искал, выписывал!  \n'
         'Пишем сейчас все сюда 👇👇👇👇',
 'end_date': '2019-11-30',
 'frequency': 'each_days',
 'id': '13',
 'selected_hr': '19',
 'selected_min': '00',
 'state': 'running'}
19
scheduling
dict_keys(['924727275', '877449221', '906256479', '765923564', '862615750', '416332215', '913428277', '712777414', '969092293', '687692025', '383043558', '892530087', '947784987', '959101265', '866382576', '735843391', '933291977', '833550115', '924746105', '932531119', '933766402'])
here!
received token: 917640569:AAEi7S0tV5vE1hw57UjdqJFsYqwFRD3dKI0
{'924727275': <telegram.bot.Bot object at 0x7f37a93e2940>, '877449221': <telegram.bot.Bot object at 0x7f37a839e6d8>, '906256479': <telegram.bot.Bot object at 0x7f37a839f780>, '765923564': <telegram.bot.Bot object at 0x7f37a8377240>, '862615750': <telegram.bot.Bot object at 0x7f37a8383fd0>, '416332215': <telegram.bot.Bot object at 0x7f37a8389ef0>, '913428277': <telegram.bot.Bot object at 0x7f37a8141eb8>, '712777414': <telegram.bot.Bot object at 0x7f37a8315f98>, '969092293': <telegram.bot.Bot object at 0x7f37a82e9c18>, '687692025': <telegram.bot.Bot object at 0x7f37a07edeb8>, '383043558': <telegram.bot.Bot object at 0x7f37a07cabe0>, '892530087': <telegram.bot.Bot object at 0x7f37a8090208>, '947784987': <telegram.bot.Bot object at 0x7f37a820d748>, '959101265': <telegram.bot.Bot object at 0x7f37a837f9b0>, '866382576': <telegram.bot.Bot object at 0x7f37a83224a8>, '735843391': <telegram.bot.Bot object at 0x7f37a8285e80>, '933291977': <telegram.bot.Bot object at 0x7f37a94105f8>, '833550115': <telegram.bot.Bot object at 0x7f37a8241ef0>, '924746105': <telegram.bot.Bot object at 0x7f37a82adef0>, '932531119': <telegram.bot.Bot object at 0x7f37a8143d30>, '933766402': <telegram.bot.Bot object at 0x7f37a81c63c8>} 917640569:AAEi7S0tV5vE1hw57UjdqJFsYqwFRD3dKI0
10
set go
{'chat_id': '-388143890',
 'date': '2019-09-17',
 'desc': 'Привет.',
 'end_date': '2019-09-12',
 'frequency': 'each_days',
 'id': '3',
 'selected_hr': '10',
 'selected_min': '46',
 'state': 'running'}
10
scheduling
dict_keys(['924727275', '877449221', '906256479', '765923564', '862615750', '416332215', '913428277', '712777414', '969092293', '687692025', '383043558', '892530087', '947784987', '959101265', '866382576', '735843391', '933291977', '833550115', '924746105', '932531119', '933766402', '917640569'])
here!
received token: 934238976:AAED9r9JeGddbP-nWeikpoot_hP6txxPYDg
{'924727275': <telegram.bot.Bot object at 0x7f37a93e2940>, '877449221': <telegram.bot.Bot object at 0x7f37a839e6d8>, '906256479': <telegram.bot.Bot object at 0x7f37a839f780>, '765923564': <telegram.bot.Bot object at 0x7f37a8377240>, '862615750': <telegram.bot.Bot object at 0x7f37a8383fd0>, '416332215': <telegram.bot.Bot object at 0x7f37a8389ef0>, '913428277': <telegram.bot.Bot object at 0x7f37a8141eb8>, '712777414': <telegram.bot.Bot object at 0x7f37a8315f98>, '969092293': <telegram.bot.Bot object at 0x7f37a82e9c18>, '687692025': <telegram.bot.Bot object at 0x7f37a07edeb8>, '383043558': <telegram.bot.Bot object at 0x7f37a07cabe0>, '892530087': <telegram.bot.Bot object at 0x7f37a8090208>, '947784987': <telegram.bot.Bot object at 0x7f37a820d748>, '959101265': <telegram.bot.Bot object at 0x7f37a837f9b0>, '866382576': <telegram.bot.Bot object at 0x7f37a83224a8>, '735843391': <telegram.bot.Bot object at 0x7f37a8285e80>, '933291977': <telegram.bot.Bot object at 0x7f37a94105f8>, '833550115': <telegram.bot.Bot object at 0x7f37a8241ef0>, '924746105': <telegram.bot.Bot object at 0x7f37a82adef0>, '932531119': <telegram.bot.Bot object at 0x7f37a8143d30>, '933766402': <telegram.bot.Bot object at 0x7f37a81c63c8>, '917640569': <telegram.bot.Bot object at 0x7f37a81eeeb8>} 934238976:AAED9r9JeGddbP-nWeikpoot_hP6txxPYDg
scheduling
dict_keys(['924727275', '877449221', '906256479', '765923564', '862615750', '416332215', '913428277', '712777414', '969092293', '687692025', '383043558', '892530087', '947784987', '959101265', '866382576', '735843391', '933291977', '833550115', '924746105', '932531119', '933766402', '917640569', '934238976'])
here!
received token: 802449140:AAGwHcudcOTbZenb58n8goXselDFd2Qq6DU
{'924727275': <telegram.bot.Bot object at 0x7f37a93e2940>, '877449221': <telegram.bot.Bot object at 0x7f37a839e6d8>, '906256479': <telegram.bot.Bot object at 0x7f37a839f780>, '765923564': <telegram.bot.Bot object at 0x7f37a8377240>, '862615750': <telegram.bot.Bot object at 0x7f37a8383fd0>, '416332215': <telegram.bot.Bot object at 0x7f37a8389ef0>, '913428277': <telegram.bot.Bot object at 0x7f37a8141eb8>, '712777414': <telegram.bot.Bot object at 0x7f37a8315f98>, '969092293': <telegram.bot.Bot object at 0x7f37a82e9c18>, '687692025': <telegram.bot.Bot object at 0x7f37a07edeb8>, '383043558': <telegram.bot.Bot object at 0x7f37a07cabe0>, '892530087': <telegram.bot.Bot object at 0x7f37a8090208>, '947784987': <telegram.bot.Bot object at 0x7f37a820d748>, '959101265': <telegram.bot.Bot object at 0x7f37a837f9b0>, '866382576': <telegram.bot.Bot object at 0x7f37a83224a8>, '735843391': <telegram.bot.Bot object at 0x7f37a8285e80>, '933291977': <telegram.bot.Bot object at 0x7f37a94105f8>, '833550115': <telegram.bot.Bot object at 0x7f37a8241ef0>, '924746105': <telegram.bot.Bot object at 0x7f37a82adef0>, '932531119': <telegram.bot.Bot object at 0x7f37a8143d30>, '933766402': <telegram.bot.Bot object at 0x7f37a81c63c8>, '917640569': <telegram.bot.Bot object at 0x7f37a81eeeb8>, '934238976': <telegram.bot.Bot object at 0x7f37a822beb8>} 802449140:AAGwHcudcOTbZenb58n8goXselDFd2Qq6DU
scheduling
dict_keys(['924727275', '877449221', '906256479', '765923564', '862615750', '416332215', '913428277', '712777414', '969092293', '687692025', '383043558', '892530087', '947784987', '959101265', '866382576', '735843391', '933291977', '833550115', '924746105', '932531119', '933766402', '917640569', '934238976', '802449140'])
here!
received token: 982605365:AAEDkL0SFXYt473qHJj6Ta-4_jej3YetBjY
{'924727275': <telegram.bot.Bot object at 0x7f37a93e2940>, '877449221': <telegram.bot.Bot object at 0x7f37a839e6d8>, '906256479': <telegram.bot.Bot object at 0x7f37a839f780>, '765923564': <telegram.bot.Bot object at 0x7f37a8377240>, '862615750': <telegram.bot.Bot object at 0x7f37a8383fd0>, '416332215': <telegram.bot.Bot object at 0x7f37a8389ef0>, '913428277': <telegram.bot.Bot object at 0x7f37a8141eb8>, '712777414': <telegram.bot.Bot object at 0x7f37a8315f98>, '969092293': <telegram.bot.Bot object at 0x7f37a82e9c18>, '687692025': <telegram.bot.Bot object at 0x7f37a07edeb8>, '383043558': <telegram.bot.Bot object at 0x7f37a07cabe0>, '892530087': <telegram.bot.Bot object at 0x7f37a8090208>, '947784987': <telegram.bot.Bot object at 0x7f37a820d748>, '959101265': <telegram.bot.Bot object at 0x7f37a837f9b0>, '866382576': <telegram.bot.Bot object at 0x7f37a83224a8>, '735843391': <telegram.bot.Bot object at 0x7f37a8285e80>, '933291977': <telegram.bot.Bot object at 0x7f37a94105f8>, '833550115': <telegram.bot.Bot object at 0x7f37a8241ef0>, '924746105': <telegram.bot.Bot object at 0x7f37a82adef0>, '932531119': <telegram.bot.Bot object at 0x7f37a8143d30>, '933766402': <telegram.bot.Bot object at 0x7f37a81c63c8>, '917640569': <telegram.bot.Bot object at 0x7f37a81eeeb8>, '934238976': <telegram.bot.Bot object at 0x7f37a822beb8>, '802449140': <telegram.bot.Bot object at 0x7f37a824bfd0>} 982605365:AAEDkL0SFXYt473qHJj6Ta-4_jej3YetBjY
scheduling
dict_keys(['924727275', '877449221', '906256479', '765923564', '862615750', '416332215', '913428277', '712777414', '969092293', '687692025', '383043558', '892530087', '947784987', '959101265', '866382576', '735843391', '933291977', '833550115', '924746105', '932531119', '933766402', '917640569', '934238976', '802449140', '982605365'])
123432 658196407
1 dict_keys(['924727275', '877449221', '906256479', '765923564', '862615750', '416332215', '913428277', '712777414', '969092293', '687692025', '383043558', '892530087', '947784987', '959101265', '866382576', '735843391', '933291977', '833550115', '924746105', '932531119', '933766402', '917640569', '934238976', '802449140', '982605365', '658196407'])
loaded messages
'963028398'
{
  "error": {
    "code": 429,
    "message": "Quota exceeded for quota group 'ReadGroup' and limit 'USER-100s' of service 'sheets.googleapis.com' for consumer 'project_number:974784086607'.",
    "status": "RESOURCE_EXHAUSTED",
    "details": [
      {
        "@type": "type.googleapis.com/google.rpc.Help",
        "links": [
          {
            "description": "Google developer console API key",
            "url": "https://console.developers.google.com/project/974784086607/apiui/credential"
          }
        ]
      }
    ]
  }
}

{
  "error": {
    "code": 429,
    "message": "Quota exceeded for quota group 'ReadGroup' and limit 'USER-100s' of service 'sheets.googleapis.com' for consumer 'project_number:974784086607'.",
    "status": "RESOURCE_EXHAUSTED",
    "details": [
      {
        "@type": "type.googleapis.com/google.rpc.Help",
        "links": [
          {
            "description": "Google developer console API key",
            "url": "https://console.developers.google.com/project/974784086607/apiui/credential"
          }
        ]
      }
    ]
  }
}

{
  "error": {
    "code": 429,
    "message": "Quota exceeded for quota group 'ReadGroup' and limit 'USER-100s' of service 'sheets.googleapis.com' for consumer 'project_number:974784086607'.",
    "status": "RESOURCE_EXHAUSTED",
    "details": [
      {
        "@type": "type.googleapis.com/google.rpc.Help",
        "links": [
          {
            "description": "Google developer console API key",
            "url": "https://console.developers.google.com/project/974784086607/apiui/credential"
          }
        ]
      }
    ]
  }
}

{
  "error": {
    "code": 429,
    "message": "Quota exceeded for quota group 'ReadGroup' and limit 'USER-100s' of service 'sheets.googleapis.com' for consumer 'project_number:974784086607'.",
    "status": "RESOURCE_EXHAUSTED",
    "details": [
      {
        "@type": "type.googleapis.com/google.rpc.Help",
        "links": [
          {
            "description": "Google developer console API key",
            "url": "https://console.developers.google.com/project/974784086607/apiui/credential"
          }
        ]
      }
    ]
  }
}

{
  "error": {
    "code": 429,
    "message": "Quota exceeded for quota group 'ReadGroup' and limit 'USER-100s' of service 'sheets.googleapis.com' for consumer 'project_number:974784086607'.",
    "status": "RESOURCE_EXHAUSTED",
    "details": [
      {
        "@type": "type.googleapis.com/google.rpc.Help",
        "links": [
          {
            "description": "Google developer console API key",
            "url": "https://console.developers.google.com/project/974784086607/apiui/credential"
          }
        ]
      }
    ]
  }
}

{
  "error": {
    "code": 429,
    "message": "Quota exceeded for quota group 'ReadGroup' and limit 'USER-100s' of service 'sheets.googleapis.com' for consumer 'project_number:974784086607'.",
    "status": "RESOURCE_EXHAUSTED",
    "details": [
      {
        "@type": "type.googleapis.com/google.rpc.Help",
        "links": [
          {
            "description": "Google developer console API key",
            "url": "https://console.developers.google.com/project/974784086607/apiui/credential"
          }
        ]
      }
    ]
  }
}

{
  "error": {
    "code": 429,
    "message": "Quota exceeded for quota group 'ReadGroup' and limit 'USER-100s' of service 'sheets.googleapis.com' for consumer 'project_number:974784086607'.",
    "status": "RESOURCE_EXHAUSTED",
    "details": [
      {
        "@type": "type.googleapis.com/google.rpc.Help",
        "links": [
          {
            "description": "Google developer console API key",
            "url": "https://console.developers.google.com/project/974784086607/apiui/credential"
          }
        ]
      }
    ]
  }
}

{
  "error": {
    "code": 429,
    "message": "Quota exceeded for quota group 'ReadGroup' and limit 'USER-100s' of service 'sheets.googleapis.com' for consumer 'project_number:974784086607'.",
    "status": "RESOURCE_EXHAUSTED",
    "details": [
      {
        "@type": "type.googleapis.com/google.rpc.Help",
        "links": [
          {
            "description": "Google developer console API key",
            "url": "https://console.developers.google.com/project/974784086607/apiui/credential"
          }
        ]
      }
    ]
  }
}

{
  "error": {
    "code": 429,
    "message": "Quota exceeded for quota group 'ReadGroup' and limit 'USER-100s' of service 'sheets.googleapis.com' for consumer 'project_number:974784086607'.",
    "status": "RESOURCE_EXHAUSTED",
    "details": [
      {
        "@type": "type.googleapis.com/google.rpc.Help",
        "links": [
          {
            "description": "Google developer console API key",
            "url": "https://console.developers.google.com/project/974784086607/apiui/credential"
          }
        ]
      }
    ]
  }
}

{
  "error": {
    "code": 429,
    "message": "Quota exceeded for quota group 'ReadGroup' and limit 'USER-100s' of service 'sheets.googleapis.com' for consumer 'project_number:974784086607'.",
    "status": "RESOURCE_EXHAUSTED",
    "details": [
      {
        "@type": "type.googleapis.com/google.rpc.Help",
        "links": [
          {
            "description": "Google developer console API key",
            "url": "https://console.developers.google.com/project/974784086607/apiui/credential"
          }
        ]
      }
    ]
  }
}

{
  "error": {
    "code": 429,
    "message": "Quota exceeded for quota group 'ReadGroup' and limit 'USER-100s' of service 'sheets.googleapis.com' for consumer 'project_number:974784086607'.",
    "status": "RESOURCE_EXHAUSTED",
    "details": [
      {
        "@type": "type.googleapis.com/google.rpc.Help",
        "links": [
          {
            "description": "Google developer console API key",
            "url": "https://console.developers.google.com/project/974784086607/apiui/credential"
          }
        ]
      }
    ]
  }
}

{
  "error": {
    "code": 429,
    "message": "Quota exceeded for quota group 'ReadGroup' and limit 'USER-100s' of service 'sheets.googleapis.com' for consumer 'project_number:974784086607'.",
    "status": "RESOURCE_EXHAUSTED",
    "details": [
      {
        "@type": "type.googleapis.com/google.rpc.Help",
        "links": [
          {
            "description": "Google developer console API key",
            "url": "https://console.developers.google.com/project/974784086607/apiui/credential"
          }
        ]
      }
    ]
  }
}

{
  "error": {
    "code": 429,
    "message": "Quota exceeded for quota group 'ReadGroup' and limit 'USER-100s' of service 'sheets.googleapis.com' for consumer 'project_number:974784086607'.",
    "status": "RESOURCE_EXHAUSTED",
    "details": [
      {
        "@type": "type.googleapis.com/google.rpc.Help",
        "links": [
          {
            "description": "Google developer console API key",
            "url": "https://console.developers.google.com/project/974784086607/apiui/credential"
          }
        ]
      }
    ]
  }
}

{
  "error": {
    "code": 429,
    "message": "Quota exceeded for quota group 'ReadGroup' and limit 'USER-100s' of service 'sheets.googleapis.com' for consumer 'project_number:974784086607'.",
    "status": "RESOURCE_EXHAUSTED",
    "details": [
      {
        "@type": "type.googleapis.com/google.rpc.Help",
        "links": [
          {
            "description": "Google developer console API key",
            "url": "https://console.developers.google.com/project/974784086607/apiui/credential"
          }
        ]
      }
    ]
  }
}

{
  "error": {
    "code": 429,
    "message": "Quota exceeded for quota group 'ReadGroup' and limit 'USER-100s' of service 'sheets.googleapis.com' for consumer 'project_number:974784086607'.",
    "status": "RESOURCE_EXHAUSTED",
    "details": [
      {
        "@type": "type.googleapis.com/google.rpc.Help",
        "links": [
          {
            "description": "Google developer console API key",
            "url": "https://console.developers.google.com/project/974784086607/apiui/credential"
          }
        ]
      }
    ]
  }
}

{
  "error": {
    "code": 429,
    "message": "Quota exceeded for quota group 'ReadGroup' and limit 'USER-100s' of service 'sheets.googleapis.com' for consumer 'project_number:974784086607'.",
    "status": "RESOURCE_EXHAUSTED",
    "details": [
      {
        "@type": "type.googleapis.com/google.rpc.Help",
        "links": [
          {
            "description": "Google developer console API key",
            "url": "https://console.developers.google.com/project/974784086607/apiui/credential"
          }
        ]
      }
    ]
  }
}

{
  "error": {
    "code": 429,
    "message": "Quota exceeded for quota group 'ReadGroup' and limit 'USER-100s' of service 'sheets.googleapis.com' for consumer 'project_number:974784086607'.",
    "status": "RESOURCE_EXHAUSTED",
    "details": [
      {
        "@type": "type.googleapis.com/google.rpc.Help",
        "links": [
          {
            "description": "Google developer console API key",
            "url": "https://console.developers.google.com/project/974784086607/apiui/credential"
          }
        ]
      }
    ]
  }
}

{
  "error": {
    "code": 429,
    "message": "Quota exceeded for quota group 'ReadGroup' and limit 'USER-100s' of service 'sheets.googleapis.com' for consumer 'project_number:974784086607'.",
    "status": "RESOURCE_EXHAUSTED",
    "details": [
      {
        "@type": "type.googleapis.com/google.rpc.Help",
        "links": [
          {
            "description": "Google developer console API key",
            "url": "https://console.developers.google.com/project/974784086607/apiui/credential"
          }
        ]
      }
    ]
  }
}

{
  "error": {
    "code": 429,
    "message": "Quota exceeded for quota group 'ReadGroup' and limit 'USER-100s' of service 'sheets.googleapis.com' for consumer 'project_number:974784086607'.",
    "status": "RESOURCE_EXHAUSTED",
    "details": [
      {
        "@type": "type.googleapis.com/google.rpc.Help",
        "links": [
          {
            "description": "Google developer console API key",
            "url": "https://console.developers.google.com/project/974784086607/apiui/credential"
          }
        ]
      }
    ]
  }
}

{
  "error": {
    "code": 429,
    "message": "Quota exceeded for quota group 'ReadGroup' and limit 'USER-100s' of service 'sheets.googleapis.com' for consumer 'project_number:974784086607'.",
    "status": "RESOURCE_EXHAUSTED",
    "details": [
      {
        "@type": "type.googleapis.com/google.rpc.Help",
        "links": [
          {
            "description": "Google developer console API key",
            "url": "https://console.developers.google.com/project/974784086607/apiui/credential"
          }
        ]
      }
    ]
  }
}

whatttt
2019-10-28 10:39:26.994135
2019-10-28 10:39:31.999567
2019-10-28 10:39:37.001040
2019-10-28 10:39:42.006571
2019-10-28 10:39:47.012084
2019-10-28 10:39:52.015980
2019-10-28 10:39:57.017328
2019-10-28 10:40:02.018449
2019-10-28 10:40:07.019673
2019-10-28 10:40:12.020884
2019-10-28 10:40:17.021981
2019-10-28 10:40:22.023585
2019-10-28 10:40:27.025328
2019-10-28 10:40:32.727203
Запросы, созданные пользователями 1
2019-10-28 10:40:38.791354
2019-10-28 10:40:43.796833
2019-10-28 10:40:48.802305
2019-10-28 10:40:53.807760
2019-10-28 10:40:58.813211
2019-10-28 10:41:03.816991
2019-10-28 10:41:08.821994
2019-10-28 10:41:13.827501
2019-10-28 10:41:18.832994
2019-10-28 10:41:23.838497
2019-10-28 10:41:28.842870
2019-10-28 10:41:33.844615
Запросы, созданные пользователями 1
2019-10-28 10:41:39.812928
2019-10-28 10:41:44.818483
2019-10-28 10:41:49.822008
2019-10-28 10:41:54.824548
2019-10-28 10:41:59.830079
2019-10-28 10:42:04.835607
2019-10-28 10:42:09.841099
2019-10-28 10:42:14.846591
2019-10-28 10:42:19.852062
2019-10-28 10:42:24.857528
2019-10-28 10:42:29.862913
2019-10-28 10:42:34.864126
Запросы, созданные пользователями 1
2019-10-28 10:42:40.626595
2019-10-28 10:42:45.632120
2019-10-28 10:42:50.637700
2019-10-28 10:42:55.640934
2019-10-28 10:43:00.646405
2019-10-28 10:43:05.651889
2019-10-28 10:43:10.656936
2019-10-28 10:43:15.662428
2019-10-28 10:43:20.667877
2019-10-28 10:43:25.672947
2019-10-28 10:43:30.677400
2019-10-28 10:43:35.681810
Запросы, созданные пользователями 1
2019-10-28 10:43:41.656903
2019-10-28 10:43:46.662283
2019-10-28 10:43:51.663384
2019-10-28 10:43:56.664588
2019-10-28 10:44:01.665818
2019-10-28 10:44:06.667087
2019-10-28 10:44:11.668361
2019-10-28 10:44:16.669719
2019-10-28 10:44:21.671092
2019-10-28 10:44:26.672330
2019-10-28 10:44:31.674003
2019-10-28 10:44:36.675688
Запросы, созданные пользователями 1
2019-10-28 10:44:42.431719
2019-10-28 10:44:47.437238
2019-10-28 10:44:52.442754
2019-10-28 10:44:57.448258
2019-10-28 10:45:02.453721
2019-10-28 10:45:07.459210
2019-10-28 10:45:12.464752
2019-10-28 10:45:17.469374
2019-10-28 10:45:22.473485
2019-10-28 10:45:27.477826
2019-10-28 10:45:32.482334
2019-10-28 10:45:37.486816
Запросы, созданные пользователями 1
2019-10-28 10:45:43.234413
2019-10-28 10:45:48.239944
2019-10-28 10:45:53.245499
2019-10-28 10:45:58.251029
2019-10-28 10:46:03.256546
alive!
2019-10-28 10:46:08.270666
2019-10-28 10:46:13.276151
2019-10-28 10:46:18.281688
2019-10-28 10:46:23.283473
2019-10-28 10:46:28.284736
2019-10-28 10:46:33.285971
2019-10-28 10:46:38.287192
Запросы, созданные пользователями 1
2019-10-28 10:46:44.343785
2019-10-28 10:46:49.348124
2019-10-28 10:46:54.352267
2019-10-28 10:46:59.356527
2019-10-28 10:47:04.361036
2019-10-28 10:47:09.365587
2019-10-28 10:47:14.370096
2019-10-28 10:47:19.374540
2019-10-28 10:47:24.378773
2019-10-28 10:47:29.383230
2019-10-28 10:47:34.387364
2019-10-28 10:47:39.391696
Запросы, созданные пользователями 1
2019-10-28 10:47:45.296792
2019-10-28 10:47:50.301162
2019-10-28 10:47:55.305174
2019-10-28 10:48:00.310740
2019-10-28 10:48:05.316058
2019-10-28 10:48:10.320595
2019-10-28 10:48:15.325184
2019-10-28 10:48:20.329680
2019-10-28 10:48:25.333969
2019-10-28 10:48:30.338274
2019-10-28 10:48:35.342801
2019-10-28 10:48:40.348298
Запросы, созданные пользователями 1
2019-10-28 10:48:46.197013
2019-10-28 10:48:51.202559
2019-10-28 10:48:56.208058
2019-10-28 10:49:01.212931
2019-10-28 10:49:06.218406
2019-10-28 10:49:11.223919
2019-10-28 10:49:16.229411
2019-10-28 10:49:21.234904
2019-10-28 10:49:26.240437
2019-10-28 10:49:31.246066
2019-10-28 10:49:36.251604
2019-10-28 10:49:41.255122
Запросы, созданные пользователями 1
2019-10-28 10:49:47.013425
2019-10-28 10:49:52.019011
2019-10-28 10:49:57.024531
2019-10-28 10:50:02.030056
2019-10-28 10:50:07.035577
2019-10-28 10:50:12.041068
2019-10-28 10:50:17.046609
2019-10-28 10:50:22.052156
2019-10-28 10:50:27.057745
2019-10-28 10:50:32.063323
2019-10-28 10:50:37.064954
2019-10-28 10:50:42.066597
Запросы, созданные пользователями 1
2019-10-28 10:50:47.834514
2019-10-28 10:50:52.840019
2019-10-28 10:50:57.845525
2019-10-28 10:51:02.848943
2019-10-28 10:51:07.854043
2019-10-28 10:51:12.855305
2019-10-28 10:51:17.856500
2019-10-28 10:51:22.857749
2019-10-28 10:51:27.860904
2019-10-28 10:51:32.866365
2019-10-28 10:51:37.871900
2019-10-28 10:51:42.877383
Запросы, созданные пользователями 1
2019-10-28 10:52:05.223706
2019-10-28 10:52:10.229227
2019-10-28 10:52:15.234745
2019-10-28 10:52:20.240281
2019-10-28 10:52:25.245795
2019-10-28 10:52:30.250455
2019-10-28 10:52:35.255185
2019-10-28 10:52:40.259527
2019-10-28 10:52:45.264929
2019-10-28 10:52:50.268279
2019-10-28 10:52:55.272991
2019-10-28 10:53:00.278247
Запросы, созданные пользователями 1
2019-10-28 10:53:06.129580
2019-10-28 10:53:11.135101
2019-10-28 10:53:16.140569
2019-10-28 10:53:21.146076
2019-10-28 10:53:26.149016
2019-10-28 10:53:31.151093
2019-10-28 10:53:36.152357
2019-10-28 10:53:41.153549
2019-10-28 10:53:46.154779
2019-10-28 10:53:51.156052
2019-10-28 10:53:56.157713
2019-10-28 10:54:01.160934
Запросы, созданные пользователями 1
2019-10-28 10:54:07.148926
2019-10-28 10:54:12.154465
2019-10-28 10:54:17.160002
2019-10-28 10:54:22.164859
2019-10-28 10:54:27.166112
2019-10-28 10:54:32.167295
2019-10-28 10:54:37.168616
2019-10-28 10:54:42.172671
2019-10-28 10:54:47.176930
2019-10-28 10:54:52.181417
2019-10-28 10:54:57.186102
2019-10-28 10:55:02.191166
Запросы, созданные пользователями 1
2019-10-28 10:55:08.504655
2019-10-28 10:55:13.508944
2019-10-28 10:55:18.514501
2019-10-28 10:55:23.519982
2019-10-28 10:55:28.525563
2019-10-28 10:55:33.531114
2019-10-28 10:55:38.532925
2019-10-28 10:55:43.538438
2019-10-28 10:55:48.543955
2019-10-28 10:55:53.549493
2019-10-28 10:55:58.555044
2019-10-28 10:56:03.560551
Запросы, созданные пользователями 1
2019-10-28 10:56:09.322102
2019-10-28 10:56:14.327664
2019-10-28 10:56:19.329010
2019-10-28 10:56:24.334588
2019-10-28 10:56:29.340166
2019-10-28 10:56:34.345676
2019-10-28 10:56:39.351164
2019-10-28 10:56:44.356661
2019-10-28 10:56:49.362245
2019-10-28 10:56:54.367833
2019-10-28 10:56:59.369745
2019-10-28 10:57:04.371478
Запросы, созданные пользователями 1
2019-10-28 10:57:10.134727
2019-10-28 10:57:15.140244
2019-10-28 10:57:20.145753
2019-10-28 10:57:25.151253
2019-10-28 10:57:30.153087
2019-10-28 10:57:35.158659
2019-10-28 10:57:40.164195
2019-10-28 10:57:45.169661
2019-10-28 10:57:50.175151
2019-10-28 10:57:55.180720
2019-10-28 10:58:00.183590
2019-10-28 10:58:05.185237
Запросы, созданные пользователями 1
2019-10-28 10:58:10.948727
2019-10-28 10:58:15.954310
2019-10-28 10:58:20.959841
2019-10-28 10:58:25.961061
2019-10-28 10:58:30.965182
2019-10-28 10:58:35.966442
2019-10-28 10:58:40.967774
2019-10-28 10:58:45.969040
2019-10-28 10:58:50.970211
2019-10-28 10:58:55.971437
2019-10-28 10:59:00.972677
2019-10-28 10:59:05.974459
Запросы, созданные пользователями 1
2019-10-28 10:59:11.821994
2019-10-28 10:59:16.826009
2019-10-28 10:59:21.831045
2019-10-28 10:59:26.835624
2019-10-28 10:59:31.839783
2019-10-28 10:59:36.844124
2019-10-28 10:59:41.848564
2019-10-28 10:59:46.852670
2019-10-28 10:59:51.856973
2019-10-28 10:59:56.861263
2019-10-28 11:00:01.866027
alive!
{'chat_id': '-313854166',
 'date': '2019-10-22',
 'desc': 'Вы такие молодцы!',
 'end_date': '2020-06-30',
 'frequency': 'custom_week_days',
 'id': '3',
 'selected_hr': '11',
 'selected_min': '00',
 'selected_week': ['mo_week', 'we_week', 'fr_week'],
 'state': 'running'}
877449221 -313854166 Вы такие молодцы! 220142491
alivv 2019-10-28 11:00:01.876487
al2
alive!
2019-10-28 11:00:07.225067
Запросы, созданные пользователями 1
2019-10-28 11:00:12.995233
2019-10-28 11:00:17.996523
2019-10-28 11:00:22.997757
2019-10-28 11:00:27.999013
2019-10-28 11:00:33.000443
2019-10-28 11:00:38.001641
2019-10-28 11:00:43.004165
2019-10-28 11:00:48.008462
2019-10-28 11:00:53.012476
2019-10-28 11:00:58.017056
2019-10-28 11:01:03.021711
2019-10-28 11:01:08.025963
Запросы, созданные пользователями 1
2019-10-28 11:01:13.821776
2019-10-28 11:01:18.827260
2019-10-28 11:01:23.832838
2019-10-28 11:01:28.838383
2019-10-28 11:01:33.843935
2019-10-28 11:01:38.849464
2019-10-28 11:01:43.854986
2019-10-28 11:01:48.860554
2019-10-28 11:01:53.866098
2019-10-28 11:01:58.871517
2019-10-28 11:02:03.875634
2019-10-28 11:02:08.879846
Запросы, созданные пользователями 1
2019-10-28 11:02:15.027436
2019-10-28 11:02:20.028711
2019-10-28 11:02:25.030000
2019-10-28 11:02:30.031277
2019-10-28 11:02:35.032567
2019-10-28 11:02:40.033899
2019-10-28 11:02:45.035225
2019-10-28 11:02:50.036507
2019-10-28 11:02:55.037754
2019-10-28 11:03:00.038943
2019-10-28 11:03:05.040616
2019-10-28 11:03:10.042270
Запросы, созданные пользователями 1
2019-10-28 11:03:16.159777
2019-10-28 11:03:21.165203
2019-10-28 11:03:26.170707
2019-10-28 11:03:31.176240
2019-10-28 11:03:36.181741
2019-10-28 11:03:41.187269
2019-10-28 11:03:46.192841
2019-10-28 11:03:51.197009
2019-10-28 11:03:56.198251
2019-10-28 11:04:01.199414
2019-10-28 11:04:06.201189
2019-10-28 11:04:11.202814
Запросы, созданные пользователями 1
2019-10-28 11:04:17.433806
2019-10-28 11:04:22.439304
2019-10-28 11:04:27.444752
2019-10-28 11:04:32.450326
2019-10-28 11:04:37.455861
2019-10-28 11:04:42.461380
2019-10-28 11:04:47.466871
2019-10-28 11:04:52.472346
2019-10-28 11:04:57.477776
2019-10-28 11:05:02.480969
2019-10-28 11:05:07.486527
2019-10-28 11:05:12.492021
Запросы, созданные пользователями 1
2019-10-28 11:05:18.560382
2019-10-28 11:05:23.564992
2019-10-28 11:05:28.570523
2019-10-28 11:05:33.576025
2019-10-28 11:05:38.580195
2019-10-28 11:05:43.581554
2019-10-28 11:05:48.584220
2019-10-28 11:05:53.588450
2019-10-28 11:05:58.592946
2019-10-28 11:06:03.597813
2019-10-28 11:06:08.602157
2019-10-28 11:06:13.606852
Запросы, созданные пользователями 1
2019-10-28 11:06:19.459975
2019-10-28 11:06:24.465514
2019-10-28 11:06:29.471032
2019-10-28 11:06:34.476610
2019-10-28 11:06:39.482248
2019-10-28 11:06:44.487738
2019-10-28 11:06:49.490120
2019-10-28 11:06:54.493501
2019-10-28 11:06:59.498977
2019-10-28 11:07:04.504549
2019-10-28 11:07:09.510098
2019-10-28 11:07:14.515643
Запросы, созданные пользователями 1
2019-10-28 11:07:20.380684
2019-10-28 11:07:25.386171
2019-10-28 11:07:30.391715
2019-10-28 11:07:35.396942
2019-10-28 11:07:40.402387
2019-10-28 11:07:45.407864
2019-10-28 11:07:50.409011
2019-10-28 11:07:55.414528
2019-10-28 11:08:00.418504
alive!
2019-10-28 11:08:05.432381
2019-10-28 11:08:10.436984
2019-10-28 11:08:15.442559
Запросы, созданные пользователями 1
2019-10-28 11:08:21.293647
2019-10-28 11:08:26.299174
2019-10-28 11:08:31.304734
2019-10-28 11:08:36.310291
2019-10-28 11:08:41.315841
2019-10-28 11:08:46.321352
2019-10-28 11:08:51.326851
2019-10-28 11:08:56.332400
2019-10-28 11:09:01.337944
2019-10-28 11:09:06.343552
2019-10-28 11:09:11.345004
2019-10-28 11:09:16.350502
Запросы, созданные пользователями 1
2019-10-28 11:09:22.507623
2019-10-28 11:09:27.508131
2019-10-28 11:09:32.508696
2019-10-28 11:09:37.509363
2019-10-28 11:09:42.509974
2019-10-28 11:09:47.515554
2019-10-28 11:09:52.521068
2019-10-28 11:09:57.526598
2019-10-28 11:10:02.532119
2019-10-28 11:10:07.537628
2019-10-28 11:10:12.543169
2019-10-28 11:10:17.548721
Запросы, созданные пользователями 1
2019-10-28 11:10:23.544937
2019-10-28 11:10:28.550450
2019-10-28 11:10:33.555968
2019-10-28 11:10:38.561485
2019-10-28 11:10:43.566988
2019-10-28 11:10:48.572498
2019-10-28 11:10:53.578042
2019-10-28 11:10:58.583604
2019-10-28 11:11:03.585430
2019-10-28 11:11:08.586588
2019-10-28 11:11:13.588250
2019-10-28 11:11:18.589840
Запросы, созданные пользователями 1
2019-10-28 11:11:24.358406
2019-10-28 11:11:29.363906
2019-10-28 11:11:34.369407
2019-10-28 11:11:39.374905
2019-10-28 11:11:44.380383
2019-10-28 11:11:49.385851
2019-10-28 11:11:54.391402
2019-10-28 11:11:59.392958
2019-10-28 11:12:04.398475
2019-10-28 11:12:09.404011
2019-10-28 11:12:14.408991
2019-10-28 11:12:19.413188
Запросы, созданные пользователями 1
2019-10-28 11:12:25.004239
2019-10-28 11:12:30.009778
2019-10-28 11:12:35.012929
2019-10-28 11:12:40.018424
2019-10-28 11:12:45.023919
2019-10-28 11:12:50.029440
2019-10-28 11:12:55.034925
2019-10-28 11:13:00.040391
2019-10-28 11:13:05.045869
2019-10-28 11:13:10.051441
2019-10-28 11:13:15.056940
2019-10-28 11:13:20.062501
Запросы, созданные пользователями 1
2019-10-28 11:13:25.814715
2019-10-28 11:13:30.820218
2019-10-28 11:13:35.822000
2019-10-28 11:13:40.827515
2019-10-28 11:13:45.832951
2019-10-28 11:13:50.838446
2019-10-28 11:13:55.843903
2019-10-28 11:14:00.849355
2019-10-28 11:14:05.854818
2019-10-28 11:14:10.857003
2019-10-28 11:14:15.862540
2019-10-28 11:14:20.868035
Запросы, созданные пользователями 1
2019-10-28 11:14:26.624040
2019-10-28 11:14:31.624997
2019-10-28 11:14:36.630554
2019-10-28 11:14:41.636056
2019-10-28 11:14:46.641597
2019-10-28 11:14:51.645858
2019-10-28 11:14:56.647236
2019-10-28 11:15:01.648655
alive!
2019-10-28 11:15:06.662167
2019-10-28 11:15:11.667610
2019-10-28 11:15:16.673065
2019-10-28 11:15:21.677490
Запросы, созданные пользователями 1
2019-10-28 11:15:27.527732
2019-10-28 11:15:32.533244
2019-10-28 11:15:37.537674
2019-10-28 11:15:42.540948
2019-10-28 11:15:47.544924
2019-10-28 11:15:52.547287
2019-10-28 11:15:57.552787
2019-10-28 11:16:02.556946
2019-10-28 11:16:07.562407
2019-10-28 11:16:12.567882
2019-10-28 11:16:17.573373
2019-10-28 11:16:22.577515
Запросы, созданные пользователями 1
2019-10-28 11:16:28.544835
2019-10-28 11:16:33.550437
2019-10-28 11:16:38.550991
2019-10-28 11:16:43.553562
2019-10-28 11:16:48.554583
2019-10-28 11:16:53.555686
2019-10-28 11:16:58.556841
2019-10-28 11:17:03.558031
2019-10-28 11:17:08.559291
2019-10-28 11:17:13.560623