 8778 pts/1    00:00:07 python3
 9241 ?        00:00:00 python3
 8778 pts/1    00:00:11 python3
 9730 ?        00:00:00 python3
 9975 ?        00:00:00 python3
Sun Sep 8 13:38:01 MSK 2019
11932 ?        00:00:00 python3
Sun Sep 8 14:38:01 MSK 2019
Sun Sep 8 15:38:01 MSK 2019
12693 ?        00:00:27 python3
Sun Sep 8 16:38:01 MSK 2019
Sun Sep 8 17:38:01 MSK 2019
Sun Sep 8 18:38:01 MSK 2019
Sun Sep 8 19:38:01 MSK 2019
Sun Sep 8 20:38:01 MSK 2019
Sun Sep 8 21:38:01 MSK 2019
Sun Sep 8 22:38:01 MSK 2019
18285 ?        00:00:18 python3 <defunct>
Sun Sep 8 23:38:01 MSK 2019
19037 ?        00:00:19 python3 <defunct>
Mon Sep 9 00:38:01 MSK 2019
Mon Sep 9 01:38:01 MSK 2019
Mon Sep 9 02:38:02 MSK 2019
Mon Sep 9 03:38:01 MSK 2019
Mon Sep 9 04:38:01 MSK 2019
Mon Sep 9 05:38:01 MSK 2019
23527 ?        00:00:19 python3 <defunct>
Mon Sep 9 06:38:01 MSK 2019
Mon Sep 9 07:38:01 MSK 2019
Mon Sep 9 08:38:01 MSK 2019
25901 ?        00:00:27 python3
Mon Sep 9 09:38:01 MSK 2019
27634 ?        00:00:32 python3
Mon Sep 9 10:38:01 MSK 2019
28411 ?        00:00:26 python3
Mon Sep 9 11:38:02 MSK 2019
29300 ?        00:00:27 python3
Mon Sep 9 12:38:01 MSK 2019
Mon Sep 9 13:38:01 MSK 2019
Mon Sep 9 14:38:01 MSK 2019
Mon Sep 9 15:38:01 MSK 2019
Mon Sep 9 16:38:01 MSK 2019
Mon Sep 9 17:38:01 MSK 2019
Mon Sep 9 18:38:01 MSK 2019
Mon Sep 9 19:38:01 MSK 2019
Mon Sep 9 20:38:01 MSK 2019
 5177 ?        00:00:28 python3
Mon Sep 9 21:38:01 MSK 2019
Mon Sep 9 22:38:01 MSK 2019
Mon Sep 9 23:38:01 MSK 2019
 7597 ?        00:00:22 python3 <defunct>
Tue Sep 10 00:38:01 MSK 2019
Tue Sep 10 01:38:01 MSK 2019
 9175 ?        00:00:28 python3
Tue Sep 10 02:38:01 MSK 2019
Tue Sep 10 03:38:01 MSK 2019
Tue Sep 10 04:38:02 MSK 2019
11564 ?        00:00:28 python3
Tue Sep 10 05:38:01 MSK 2019
Tue Sep 10 06:38:01 MSK 2019
13109 ?        00:00:16 python3 <defunct>
Tue Sep 10 07:38:01 MSK 2019
Tue Sep 10 08:38:01 MSK 2019
Tue Sep 10 09:38:01 MSK 2019
25908 pts/0    00:00:06 python3 <defunct>
Tue Sep 10 20:38:01 MSK 2019
26162 ?        00:00:31 python3
Tue Sep 10 21:38:01 MSK 2019
Tue Sep 10 22:38:01 MSK 2019
27916 ?        00:00:30 python3
Tue Sep 10 23:38:01 MSK 2019
28725 ?        00:00:45 python3
Wed Sep 11 00:38:01 MSK 2019
29502 ?        00:00:27 python3
Wed Sep 11 01:38:01 MSK 2019
30329 ?        00:00:26 python3
Wed Sep 11 02:38:01 MSK 2019
31328 ?        00:00:28 python3
Wed Sep 11 03:38:01 MSK 2019
Wed Sep 11 04:38:01 MSK 2019
  414 ?        00:00:27 python3
Wed Sep 11 05:38:01 MSK 2019
 1248 ?        00:00:27 python3
Wed Sep 11 06:38:01 MSK 2019
 2021 ?        00:00:26 python3
Wed Sep 11 07:38:01 MSK 2019
 3179 ?        00:00:27 python3
Wed Sep 11 08:38:02 MSK 2019
 3948 ?        00:00:30 python3
Wed Sep 11 09:38:02 MSK 2019
 4791 ?        00:00:31 python3
Wed Sep 11 10:38:01 MSK 2019
 5552 ?        00:00:27 python3
Wed Sep 11 11:38:01 MSK 2019
 6325 ?        00:00:29 python3
Wed Sep 11 12:38:01 MSK 2019
 7680 pts/0    00:00:16 python3
Wed Sep 11 13:38:01 MSK 2019
 8218 ?        00:00:29 python3
Wed Sep 11 14:38:01 MSK 2019
 9001 ?        00:00:28 python3
Wed Sep 11 15:38:01 MSK 2019
 9827 ?        00:00:30 python3
Wed Sep 11 16:38:01 MSK 2019
10604 ?        00:00:29 python3
Wed Sep 11 17:38:01 MSK 2019
Wed Sep 11 18:38:01 MSK 2019
12558 ?        00:00:31 python3
Wed Sep 11 19:38:01 MSK 2019
13343 ?        00:00:28 python3
Wed Sep 11 20:38:01 MSK 2019
Wed Sep 11 21:38:01 MSK 2019
14901 ?        00:00:30 python3
Wed Sep 11 22:38:02 MSK 2019
Wed Sep 11 23:38:01 MSK 2019
16544 ?        00:00:28 python3
Thu Sep 12 00:38:01 MSK 2019
Thu Sep 12 01:38:01 MSK 2019
18193 ?        00:00:29 python3
Thu Sep 12 02:38:01 MSK 2019
Thu Sep 12 03:38:01 MSK 2019
19770 ?        00:00:30 python3
Thu Sep 12 04:38:01 MSK 2019
20522 ?        00:00:28 python3
Thu Sep 12 05:38:01 MSK 2019
21291 ?        00:00:29 python3
Thu Sep 12 06:38:01 MSK 2019
28058 ?        00:00:29 python3
Thu Sep 12 07:38:01 MSK 2019
28848 ?        00:00:29 python3
Thu Sep 12 08:38:01 MSK 2019
29614 ?        00:00:29 python3
Thu Sep 12 09:38:01 MSK 2019
30469 ?        00:00:29 python3
Thu Sep 12 10:38:01 MSK 2019
31255 ?        00:00:32 python3
Thu Sep 12 11:38:01 MSK 2019
32028 ?        00:00:30 python3
Thu Sep 12 12:38:01 MSK 2019
  358 ?        00:00:29 python3
Thu Sep 12 13:38:01 MSK 2019
 1153 ?        00:00:29 python3
Thu Sep 12 14:38:01 MSK 2019
 1915 ?        00:00:28 python3
Thu Sep 12 15:38:02 MSK 2019
 2705 ?        00:00:29 python3
Thu Sep 12 16:38:01 MSK 2019
 3456 ?        00:00:30 python3
Thu Sep 12 17:38:01 MSK 2019
 4189 ?        00:00:29 python3
Thu Sep 12 18:38:01 MSK 2019
 4953 ?        00:00:27 python3
Thu Sep 12 19:38:01 MSK 2019
 5778 ?        00:00:30 python3
Thu Sep 12 20:38:01 MSK 2019
 6536 ?        00:00:28 python3
Thu Sep 12 21:38:01 MSK 2019
 7287 ?        00:00:28 python3
Thu Sep 12 22:38:01 MSK 2019
 8046 ?        00:00:28 python3
Thu Sep 12 23:38:01 MSK 2019
 8808 ?        00:00:29 python3
Fri Sep 13 00:38:01 MSK 2019
 9602 ?        00:00:27 python3
Fri Sep 13 01:38:01 MSK 2019
10360 ?        00:00:28 python3
Fri Sep 13 02:38:01 MSK 2019
11118 ?        00:00:29 python3
Fri Sep 13 03:38:01 MSK 2019
11884 ?        00:00:27 python3
Fri Sep 13 04:38:01 MSK 2019
12629 ?        00:00:29 python3
Fri Sep 13 05:38:01 MSK 2019
13365 ?        00:00:28 python3
Fri Sep 13 06:38:01 MSK 2019
14117 ?        00:00:28 python3
Fri Sep 13 07:38:01 MSK 2019
15016 ?        00:00:28 python3
Fri Sep 13 08:38:01 MSK 2019
15796 ?        00:00:29 python3
Fri Sep 13 09:38:01 MSK 2019
16638 ?        00:00:28 python3
Fri Sep 13 10:38:01 MSK 2019
17395 ?        00:00:27 python3
Fri Sep 13 11:38:01 MSK 2019
18141 ?        00:00:31 python3
Fri Sep 13 12:38:01 MSK 2019
18941 ?        00:00:29 python3
Fri Sep 13 13:38:01 MSK 2019
19726 ?        00:00:31 python3
Fri Sep 13 14:38:01 MSK 2019
20885 ?        00:00:30 python3
Fri Sep 13 15:38:02 MSK 2019
21633 ?        00:00:29 python3
Fri Sep 13 16:38:01 MSK 2019
22392 ?        00:00:28 python3
Fri Sep 13 17:38:01 MSK 2019
23150 ?        00:00:29 python3
Fri Sep 13 18:38:01 MSK 2019
23917 ?        00:00:30 python3
Fri Sep 13 19:38:01 MSK 2019
24685 ?        00:00:30 python3
Fri Sep 13 20:38:01 MSK 2019
25452 ?        00:00:28 python3
Fri Sep 13 21:38:01 MSK 2019
26203 ?        00:00:29 python3
Fri Sep 13 22:38:01 MSK 2019
26976 ?        00:00:32 python3
Fri Sep 13 23:38:01 MSK 2019
27807 ?        00:00:30 python3
Sat Sep 14 00:38:01 MSK 2019
28565 ?        00:00:26 python3
Sat Sep 14 01:38:02 MSK 2019
29328 ?        00:00:32 python3
Sat Sep 14 02:38:01 MSK 2019
30074 ?        00:00:31 python3
Sat Sep 14 03:38:01 MSK 2019
30865 ?        00:00:29 python3
Sat Sep 14 04:38:01 MSK 2019
31627 ?        00:00:30 python3
Sat Sep 14 05:38:01 MSK 2019
Sat Sep 14 06:38:01 MSK 2019
Sat Sep 14 07:38:01 MSK 2019
 2097 ?        00:00:30 python3
Sat Sep 14 08:38:01 MSK 2019
 2866 ?        00:00:33 python3
Sat Sep 14 09:38:01 MSK 2019
 3735 ?        00:00:31 python3
Sat Sep 14 10:38:01 MSK 2019
 4522 ?        00:00:30 python3
Sat Sep 14 11:38:01 MSK 2019
 5289 ?        00:00:29 python3
Sat Sep 14 12:38:01 MSK 2019
 6068 ?        00:00:32 python3
Sat Sep 14 13:38:01 MSK 2019
 6850 ?        00:00:32 python3
Sat Sep 14 14:38:01 MSK 2019
 7635 ?        00:00:31 python3
Sat Sep 14 15:38:01 MSK 2019
 8466 ?        00:00:30 python3
Sat Sep 14 16:38:02 MSK 2019
 9264 ?        00:00:30 python3
Sat Sep 14 17:38:01 MSK 2019
10066 ?        00:00:30 python3
Sat Sep 14 18:38:01 MSK 2019
11075 ?        00:00:31 python3
Sat Sep 14 19:38:01 MSK 2019
11886 ?        00:00:29 python3
Sat Sep 14 20:38:01 MSK 2019
12680 ?        00:00:31 python3
Sat Sep 14 21:38:01 MSK 2019
13458 ?        00:00:29 python3
Sat Sep 14 22:38:01 MSK 2019
14244 ?        00:00:30 python3
Sat Sep 14 23:38:01 MSK 2019
15208 ?        00:00:31 python3
Sun Sep 15 00:38:01 MSK 2019
16040 ?        00:00:32 python3
Sun Sep 15 01:38:01 MSK 2019
16801 ?        00:00:30 python3
Sun Sep 15 02:38:02 MSK 2019
17571 ?        00:00:29 python3
Sun Sep 15 03:38:01 MSK 2019
18355 ?        00:00:30 python3
Sun Sep 15 04:38:01 MSK 2019
19135 ?        00:00:33 python3
Sun Sep 15 05:38:01 MSK 2019
19904 ?        00:00:32 python3
Sun Sep 15 06:38:01 MSK 2019
20684 ?        00:00:29 python3
Sun Sep 15 07:38:01 MSK 2019
21561 ?        00:00:31 python3
Sun Sep 15 08:38:01 MSK 2019
22351 ?        00:00:31 python3
Sun Sep 15 09:38:01 MSK 2019
23204 ?        00:00:30 python3
Sun Sep 15 10:38:01 MSK 2019
23984 ?        00:00:30 python3
Sun Sep 15 11:38:01 MSK 2019
24805 ?        00:00:30 python3
Sun Sep 15 12:38:01 MSK 2019
25575 ?        00:00:34 python3
Sun Sep 15 13:38:01 MSK 2019
26348 ?        00:02:35 python3
Sun Sep 15 14:38:01 MSK 2019
Sun Sep 15 15:38:01 MSK 2019
28372 ?        00:00:32 python3
Sun Sep 15 16:38:01 MSK 2019
29178 ?        00:00:31 python3
Sun Sep 15 17:38:01 MSK 2019
Sun Sep 15 18:38:01 MSK 2019
Sun Sep 15 19:38:01 MSK 2019
Sun Sep 15 20:38:01 MSK 2019
Sun Sep 15 21:38:01 MSK 2019
Sun Sep 15 22:38:01 MSK 2019
Sun Sep 15 23:38:01 MSK 2019
Mon Sep 16 00:38:01 MSK 2019
 3221 ?        00:00:31 python3
Mon Sep 16 01:38:01 MSK 2019
 4027 ?        00:00:31 python3
Mon Sep 16 02:38:01 MSK 2019
 4789 ?        00:00:31 python3
Mon Sep 16 03:38:01 MSK 2019
Mon Sep 16 04:38:01 MSK 2019
 6379 ?        00:00:30 python3
Mon Sep 16 05:38:01 MSK 2019
 7147 ?        00:00:31 python3
Mon Sep 16 06:38:01 MSK 2019
 8030 ?        00:00:31 python3
Mon Sep 16 07:38:01 MSK 2019
 8787 ?        00:00:31 python3
Mon Sep 16 08:38:01 MSK 2019
 9967 ?        00:00:32 python3
Mon Sep 16 09:38:01 MSK 2019
Mon Sep 16 10:38:01 MSK 2019
11649 ?        00:00:31 python3
Mon Sep 16 11:38:01 MSK 2019
Mon Sep 16 12:38:01 MSK 2019
Mon Sep 16 13:38:01 MSK 2019
14071 ?        00:00:31 python3
Mon Sep 16 14:38:01 MSK 2019
Mon Sep 16 15:38:01 MSK 2019
15736 ?        00:00:33 python3
Mon Sep 16 16:38:01 MSK 2019
16832 ?        00:00:34 python3
Mon Sep 16 17:38:01 MSK 2019
17606 ?        00:00:32 python3
Mon Sep 16 18:38:01 MSK 2019
18399 ?        00:00:32 python3
Mon Sep 16 19:38:01 MSK 2019
19174 ?        00:00:30 python3
Mon Sep 16 20:38:01 MSK 2019
21167 ?        00:00:02 python3
Mon Sep 16 21:38:01 MSK 2019
Mon Sep 16 22:38:01 MSK 2019
Mon Sep 16 23:38:01 MSK 2019
24244 ?        00:00:31 python3
Tue Sep 17 00:38:01 MSK 2019
Tue Sep 17 01:38:01 MSK 2019
25826 ?        00:00:33 python3
Tue Sep 17 02:38:01 MSK 2019
26614 ?        00:00:30 python3
Tue Sep 17 03:38:01 MSK 2019
Tue Sep 17 04:38:01 MSK 2019
28161 ?        00:00:31 python3
Tue Sep 17 05:38:01 MSK 2019
28940 ?        00:00:33 python3
Tue Sep 17 06:38:02 MSK 2019
30130 ?        00:00:33 python3
Tue Sep 17 07:38:01 MSK 2019
Tue Sep 17 08:38:01 MSK 2019
Tue Sep 17 09:38:01 MSK 2019
32666 ?        00:00:34 python3
Tue Sep 17 10:38:01 MSK 2019
 1016 ?        00:00:31 python3
Tue Sep 17 11:38:01 MSK 2019
 1818 ?        00:00:32 python3
Tue Sep 17 12:38:02 MSK 2019
 2609 ?        00:00:32 python3
Tue Sep 17 13:38:01 MSK 2019
 3400 ?        00:00:32 python3
Tue Sep 17 14:38:01 MSK 2019
 4168 ?        00:00:32 python3
Tue Sep 17 15:38:01 MSK 2019
 4938 ?        00:00:33 python3
Tue Sep 17 16:38:01 MSK 2019
Tue Sep 17 17:38:01 MSK 2019
Tue Sep 17 18:38:01 MSK 2019
 7352 ?        00:00:30 python3
Tue Sep 17 19:38:01 MSK 2019
 8125 ?        00:00:32 python3
Tue Sep 17 20:38:01 MSK 2019
 9030 ?        00:00:32 python3
Tue Sep 17 21:38:01 MSK 2019
Tue Sep 17 22:38:01 MSK 2019
Tue Sep 17 23:38:01 MSK 2019
11374 ?        00:00:34 python3
Wed Sep 18 00:38:01 MSK 2019
Wed Sep 18 01:38:01 MSK 2019
13059 ?        00:00:31 python3
Wed Sep 18 02:38:01 MSK 2019
13849 ?        00:00:33 python3
Wed Sep 18 03:38:01 MSK 2019
14650 ?        00:00:31 python3
Wed Sep 18 04:38:01 MSK 2019
15444 ?        00:00:30 python3
Wed Sep 18 05:38:02 MSK 2019
16223 ?        00:00:31 python3
Wed Sep 18 06:38:01 MSK 2019
Wed Sep 18 07:38:01 MSK 2019
17904 ?        00:00:32 python3
Wed Sep 18 08:38:01 MSK 2019
18680 ?        00:00:33 python3
Wed Sep 18 09:38:01 MSK 2019
Wed Sep 18 10:38:01 MSK 2019
Wed Sep 18 11:38:01 MSK 2019
21131 ?        00:00:31 python3
Wed Sep 18 12:38:02 MSK 2019
Wed Sep 18 13:38:01 MSK 2019
23131 ?        00:00:35 python3
Wed Sep 18 14:38:01 MSK 2019
23906 ?        00:00:32 python3
Wed Sep 18 15:38:01 MSK 2019
24674 ?        00:00:31 python3
Wed Sep 18 16:38:01 MSK 2019
25495 ?        00:00:31 python3
Wed Sep 18 17:38:01 MSK 2019
Wed Sep 18 18:38:01 MSK 2019
Wed Sep 18 19:38:01 MSK 2019
27883 ?        00:00:31 python3
Wed Sep 18 20:38:01 MSK 2019
28687 ?        00:00:33 python3
Wed Sep 18 21:38:01 MSK 2019
Wed Sep 18 22:38:01 MSK 2019
30287 ?        00:00:33 python3
Wed Sep 18 23:38:01 MSK 2019
Thu Sep 19 00:38:01 MSK 2019
31886 ?        00:00:33 python3
Thu Sep 19 01:38:01 MSK 2019
Thu Sep 19 02:38:01 MSK 2019
 1059 ?        00:00:30 python3
Thu Sep 19 03:38:01 MSK 2019
 2277 ?        00:00:30 python3
Thu Sep 19 04:38:02 MSK 2019
 3053 ?        00:00:32 python3
Thu Sep 19 05:38:01 MSK 2019
 3824 ?        00:00:31 python3
Thu Sep 19 06:38:01 MSK 2019
 4643 ?        00:00:30 python3
Thu Sep 19 07:38:01 MSK 2019
11477 ?        00:00:32 python3
Thu Sep 19 08:38:01 MSK 2019
Thu Sep 19 09:38:01 MSK 2019
13130 ?        00:00:34 python3
Thu Sep 19 10:38:01 MSK 2019
13896 ?        00:00:33 python3
Thu Sep 19 11:38:01 MSK 2019
14676 ?        00:00:32 python3
Thu Sep 19 12:38:01 MSK 2019
Thu Sep 19 13:38:01 MSK 2019
16233 ?        00:00:31 python3
Thu Sep 19 14:38:01 MSK 2019
Thu Sep 19 15:38:01 MSK 2019
17870 ?        00:00:32 python3
Thu Sep 19 16:38:01 MSK 2019
Thu Sep 19 17:38:01 MSK 2019
19810 ?        00:00:29 python3
Thu Sep 19 18:38:01 MSK 2019
20725 ?        00:00:29 python3
Thu Sep 19 19:38:01 MSK 2019
Thu Sep 19 20:38:01 MSK 2019
Thu Sep 19 21:38:01 MSK 2019
Thu Sep 19 22:38:01 MSK 2019
Thu Sep 19 23:38:01 MSK 2019
24654 ?        00:00:29 python3
Fri Sep 20 00:38:01 MSK 2019
26154 ?        00:00:29 python3
Fri Sep 20 01:38:01 MSK 2019
26912 ?        00:00:29 python3
Fri Sep 20 02:38:01 MSK 2019
27686 ?        00:00:28 python3
Fri Sep 20 03:38:01 MSK 2019
28472 ?        00:00:29 python3
Fri Sep 20 04:38:01 MSK 2019
Fri Sep 20 05:38:01 MSK 2019
Fri Sep 20 06:38:01 MSK 2019
30825 ?        00:00:30 python3
Fri Sep 20 07:38:01 MSK 2019
31723 ?        00:00:29 python3
Fri Sep 20 08:38:01 MSK 2019
32496 ?        00:00:29 python3
Fri Sep 20 09:38:01 MSK 2019
  941 ?        00:00:31 python3
Fri Sep 20 10:38:01 MSK 2019
Fri Sep 20 11:38:01 MSK 2019
 2524 ?        00:00:29 python3
Fri Sep 20 12:38:01 MSK 2019
 3298 ?        00:00:32 python3
Fri Sep 20 13:38:01 MSK 2019
Fri Sep 20 14:38:01 MSK 2019
 4903 ?        00:00:28 python3
Fri Sep 20 15:38:01 MSK 2019
 5765 ?        00:00:32 python3
Fri Sep 20 16:38:01 MSK 2019
Fri Sep 20 17:38:01 MSK 2019
Fri Sep 20 18:38:02 MSK 2019
Fri Sep 20 19:38:01 MSK 2019
10957 ?        00:00:25 python3
Fri Sep 20 20:38:01 MSK 2019
11727 ?        00:00:26 python3
Fri Sep 20 21:38:01 MSK 2019
12516 ?        00:00:25 python3
Fri Sep 20 22:38:01 MSK 2019
13313 ?        00:00:26 python3
Fri Sep 20 23:38:01 MSK 2019
Sat Sep 21 00:38:01 MSK 2019
Sat Sep 21 01:38:01 MSK 2019
Sat Sep 21 02:38:01 MSK 2019
Sat Sep 21 03:38:01 MSK 2019
17264 ?        00:00:24 python3
Sat Sep 21 04:38:01 MSK 2019
18438 ?        00:00:25 python3
Sat Sep 21 05:38:01 MSK 2019
19193 ?        00:00:26 python3
Sat Sep 21 06:38:01 MSK 2019
Sat Sep 21 07:38:01 MSK 2019
20809 ?        00:00:26 python3
Sat Sep 21 08:38:01 MSK 2019
Sat Sep 21 09:38:01 MSK 2019
Sat Sep 21 10:38:01 MSK 2019
23263 ?        00:00:31 python3
Sat Sep 21 11:38:01 MSK 2019
Sat Sep 21 12:38:01 MSK 2019
24808 ?        00:00:29 python3
Sat Sep 21 13:38:01 MSK 2019
25570 ?        00:01:57 python3
Sat Sep 21 14:38:01 MSK 2019
Sat Sep 21 15:38:01 MSK 2019
27099 ?        00:00:28 python3
Sat Sep 21 16:38:02 MSK 2019
27854 ?        00:00:28 python3
Sat Sep 21 17:38:01 MSK 2019
28633 ?        00:00:26 python3
Sat Sep 21 18:38:01 MSK 2019
29394 ?        00:00:26 python3
Sat Sep 21 19:38:01 MSK 2019
Sat Sep 21 20:38:01 MSK 2019
Sat Sep 21 21:38:01 MSK 2019
31791 ?        00:00:27 python3
Sat Sep 21 22:38:01 MSK 2019
32625 ?        00:00:28 python3
Sat Sep 21 23:38:01 MSK 2019
  988 ?        00:00:26 python3
Sun Sep 22 00:38:01 MSK 2019
 1764 ?        00:00:27 python3
Sun Sep 22 01:38:01 MSK 2019
 2531 ?        00:00:26 python3
Sun Sep 22 02:38:01 MSK 2019
 3307 ?        00:00:25 python3
Sun Sep 22 03:38:01 MSK 2019
 4255 ?        00:00:26 python3
Sun Sep 22 04:38:01 MSK 2019
 5487 ?        00:00:24 python3
Sun Sep 22 05:38:01 MSK 2019
Sun Sep 22 06:38:01 MSK 2019
 7074 ?        00:00:27 python3
Sun Sep 22 07:38:01 MSK 2019
Sun Sep 22 08:38:01 MSK 2019
 8666 ?        00:00:28 python3
Sun Sep 22 09:38:01 MSK 2019
 9565 ?        00:00:28 python3
Sun Sep 22 10:38:01 MSK 2019
Sun Sep 22 11:38:01 MSK 2019
11233 ?        00:00:26 python3
Sun Sep 22 12:38:02 MSK 2019
12011 ?        00:00:27 python3
Sun Sep 22 13:38:01 MSK 2019
Sun Sep 22 14:38:01 MSK 2019
13603 ?        00:00:29 python3
Sun Sep 22 15:38:01 MSK 2019
Sun Sep 22 16:38:01 MSK 2019
15114 ?        00:00:28 python3
Sun Sep 22 17:38:01 MSK 2019
Sun Sep 22 18:38:01 MSK 2019
16659 ?        00:00:25 python3
Sun Sep 22 19:38:01 MSK 2019
17405 ?        00:00:25 python3
Sun Sep 22 20:38:01 MSK 2019
18155 ?        00:00:25 python3
Sun Sep 22 21:38:01 MSK 2019
18913 ?        00:00:28 python3
Sun Sep 22 22:38:01 MSK 2019
Sun Sep 22 23:38:01 MSK 2019
20480 ?        00:00:27 python3 <defunct>
Mon Sep 23 00:38:01 MSK 2019
Mon Sep 23 01:38:01 MSK 2019
Mon Sep 23 02:38:01 MSK 2019
22875 ?        00:00:27 python3
Mon Sep 23 03:38:01 MSK 2019
Mon Sep 23 04:38:01 MSK 2019
24482 ?        00:00:26 python3
Mon Sep 23 05:38:01 MSK 2019
Mon Sep 23 06:38:01 MSK 2019
Mon Sep 23 07:38:01 MSK 2019
27008 ?        00:00:25 python3
Mon Sep 23 08:38:01 MSK 2019
27813 ?        00:00:27 python3
Mon Sep 23 09:38:01 MSK 2019
28693 ?        00:00:26 python3
Mon Sep 23 10:38:01 MSK 2019
Mon Sep 23 11:38:01 MSK 2019
Mon Sep 23 12:38:01 MSK 2019
31064 ?        00:00:26 python3
Mon Sep 23 13:38:02 MSK 2019
Mon Sep 23 14:38:01 MSK 2019
32683 ?        00:00:27 python3
Mon Sep 23 15:38:01 MSK 2019
Mon Sep 23 16:38:01 MSK 2019
 2341 ?        00:00:28 python3
Mon Sep 23 17:38:01 MSK 2019
 3134 ?        00:00:26 python3
Mon Sep 23 18:38:01 MSK 2019
 3939 ?        00:00:25 python3
Mon Sep 23 19:38:01 MSK 2019
Mon Sep 23 20:38:01 MSK 2019
 5467 ?        00:00:25 python3
Mon Sep 23 21:38:01 MSK 2019
Mon Sep 23 22:38:01 MSK 2019
 7029 ?        00:00:27 python3
Mon Sep 23 23:38:01 MSK 2019
 7804 ?        00:00:27 python3
Tue Sep 24 00:38:01 MSK 2019
 9036 ?        00:00:27 python3
Tue Sep 24 01:38:01 MSK 2019
Tue Sep 24 02:38:01 MSK 2019
Tue Sep 24 03:38:01 MSK 2019
11476 ?        00:00:25 python3
Tue Sep 24 04:38:01 MSK 2019
Tue Sep 24 05:38:01 MSK 2019
13061 ?        00:00:26 python3
Tue Sep 24 06:38:02 MSK 2019
13879 ?        00:00:27 python3
Tue Sep 24 07:38:01 MSK 2019
14766 ?        00:00:26 python3
Tue Sep 24 08:38:01 MSK 2019
15590 ?        00:00:26 python3
Tue Sep 24 09:38:01 MSK 2019
16499 ?        00:00:27 python3
Tue Sep 24 10:38:01 MSK 2019
17283 ?        00:00:26 python3
Tue Sep 24 11:38:01 MSK 2019
18078 ?        00:00:26 python3
Tue Sep 24 12:38:01 MSK 2019
18871 ?        00:00:25 python3
Tue Sep 24 13:38:01 MSK 2019
19638 ?        00:00:26 python3
Tue Sep 24 14:38:01 MSK 2019
20481 ?        00:00:25 python3
Tue Sep 24 15:38:01 MSK 2019
21276 ?        00:00:27 python3
Tue Sep 24 16:38:01 MSK 2019
22063 ?        00:00:25 python3
Tue Sep 24 17:38:01 MSK 2019
22856 ?        00:00:27 python3
Tue Sep 24 18:38:01 MSK 2019
23728 ?        00:00:27 python3
Tue Sep 24 19:38:01 MSK 2019
24515 ?        00:00:27 python3
Tue Sep 24 20:38:01 MSK 2019
Tue Sep 24 21:38:01 MSK 2019
Tue Sep 24 22:38:01 MSK 2019
Tue Sep 24 23:38:01 MSK 2019
Wed Sep 25 00:38:01 MSK 2019
28621 ?        00:00:25 python3
Wed Sep 25 01:38:01 MSK 2019
Wed Sep 25 02:38:01 MSK 2019
Wed Sep 25 03:38:01 MSK 2019
Wed Sep 25 04:38:01 MSK 2019
Wed Sep 25 05:38:01 MSK 2019
32683 ?        00:00:24 python3
Wed Sep 25 06:38:01 MSK 2019
Wed Sep 25 07:38:01 MSK 2019
 1881 ?        00:00:24 python3
Wed Sep 25 08:38:01 MSK 2019
 2674 ?        00:00:25 python3
Wed Sep 25 09:38:01 MSK 2019
 3534 ?        00:00:24 python3
Wed Sep 25 10:38:02 MSK 2019
 4356 ?        00:00:24 python3
Wed Sep 25 11:38:01 MSK 2019
 5153 ?        00:00:25 python3
Wed Sep 25 12:38:01 MSK 2019
 6345 ?        00:00:23 python3
Wed Sep 25 13:38:01 MSK 2019
 7146 ?        00:00:27 python3
Wed Sep 25 14:38:01 MSK 2019
 7921 ?        00:00:24 python3
Wed Sep 25 15:38:01 MSK 2019
 8876 ?        00:00:26 python3
Wed Sep 25 16:38:01 MSK 2019
 9690 ?        00:00:27 python3
Wed Sep 25 17:38:01 MSK 2019
11101 ?        00:00:17 python3
Wed Sep 25 18:38:01 MSK 2019
11695 ?        00:00:27 python3
Wed Sep 25 19:38:01 MSK 2019
12511 ?        00:00:26 python3
Wed Sep 25 20:38:01 MSK 2019
Wed Sep 25 21:38:01 MSK 2019
14081 ?        00:00:29 python3
Wed Sep 25 22:38:01 MSK 2019
Wed Sep 25 23:38:01 MSK 2019
Thu Sep 26 00:38:01 MSK 2019
16535 ?        00:00:25 python3
Thu Sep 26 01:38:01 MSK 2019
17304 ?        00:00:27 python3
Thu Sep 26 02:38:01 MSK 2019
Thu Sep 26 03:38:01 MSK 2019
18904 ?        00:00:25 python3
Thu Sep 26 04:38:01 MSK 2019
19665 ?        00:00:26 python3
Thu Sep 26 05:38:01 MSK 2019
20479 ?        00:00:26 python3
Thu Sep 26 06:38:01 MSK 2019
Thu Sep 26 07:38:01 MSK 2019
22117 ?        00:00:26 python3
Thu Sep 26 08:38:01 MSK 2019
22888 ?        00:00:28 python3
Thu Sep 26 09:38:01 MSK 2019
Thu Sep 26 10:38:02 MSK 2019
24509 ?        00:00:25 python3
Thu Sep 26 11:38:01 MSK 2019
25305 ?        00:00:24 python3 <defunct>
Thu Sep 26 12:38:01 MSK 2019
26089 ?        00:00:29 python3
Thu Sep 26 13:38:01 MSK 2019
26885 ?        00:00:26 python3
Thu Sep 26 14:38:01 MSK 2019
28089 ?        00:00:24 python3
Thu Sep 26 15:38:01 MSK 2019
28859 ?        00:00:25 python3
Thu Sep 26 16:38:01 MSK 2019
Thu Sep 26 17:38:01 MSK 2019
Thu Sep 26 18:38:01 MSK 2019
31165 ?        00:00:26 python3
Thu Sep 26 19:38:01 MSK 2019
Thu Sep 26 20:38:01 MSK 2019
Thu Sep 26 21:38:01 MSK 2019
 1174 ?        00:00:24 python3
Thu Sep 26 22:38:01 MSK 2019
 1976 ?        00:00:32 python3
Thu Sep 26 23:38:01 MSK 2019
 2784 ?        00:00:28 python3
Fri Sep 27 00:38:01 MSK 2019
Fri Sep 27 01:38:01 MSK 2019
Fri Sep 27 02:38:01 MSK 2019
 5161 ?        00:00:25 python3
Fri Sep 27 03:38:01 MSK 2019
 5944 ?        00:00:26 python3
Fri Sep 27 04:38:01 MSK 2019
 6705 ?        00:00:25 python3
Fri Sep 27 05:38:01 MSK 2019
 7468 ?        00:00:26 python3
Fri Sep 27 06:38:01 MSK 2019
Fri Sep 27 07:38:01 MSK 2019
Fri Sep 27 08:38:01 MSK 2019
 9889 ?        00:00:26 python3
Fri Sep 27 09:38:02 MSK 2019
Fri Sep 27 10:38:01 MSK 2019
11984 ?        00:00:25 python3
Fri Sep 27 11:38:01 MSK 2019
Fri Sep 27 12:38:01 MSK 2019
13567 ?        00:00:23 python3
Fri Sep 27 13:38:01 MSK 2019
14385 ?        00:00:24 python3
Fri Sep 27 14:38:01 MSK 2019
Fri Sep 27 15:38:01 MSK 2019
Fri Sep 27 16:38:01 MSK 2019
16675 ?        00:00:25 python3
Fri Sep 27 17:38:01 MSK 2019
17472 ?        00:00:25 python3
Fri Sep 27 18:38:01 MSK 2019
Fri Sep 27 19:38:01 MSK 2019
19060 ?        00:00:27 python3
Fri Sep 27 20:38:01 MSK 2019
19845 ?        00:00:24 python3
Fri Sep 27 21:38:01 MSK 2019
20620 ?        00:00:24 python3
Fri Sep 27 22:38:01 MSK 2019
21404 ?        00:00:28 python3
Fri Sep 27 23:38:01 MSK 2019
22181 ?        00:00:24 python3
Sat Sep 28 00:38:01 MSK 2019
Sat Sep 28 01:38:01 MSK 2019
23799 ?        00:00:26 python3
Sat Sep 28 02:38:01 MSK 2019
24599 ?        00:00:25 python3
Sat Sep 28 03:38:02 MSK 2019
Sat Sep 28 04:38:01 MSK 2019
26172 ?        00:00:25 python3
Sat Sep 28 05:38:01 MSK 2019
Sat Sep 28 06:38:01 MSK 2019
28081 ?        00:00:27 python3
Sat Sep 28 07:38:01 MSK 2019
28937 ?        00:00:24 python3
Sat Sep 28 08:38:01 MSK 2019
29699 ?        00:00:25 python3
Sat Sep 28 09:38:01 MSK 2019
30615 ?        00:00:23 python3
Sat Sep 28 10:38:01 MSK 2019
31429 ?        00:00:26 python3
Sat Sep 28 11:38:01 MSK 2019
Sat Sep 28 12:38:01 MSK 2019
  544 ?        00:00:25 python3
Sat Sep 28 13:38:01 MSK 2019
 1336 ?        00:00:24 python3
Sat Sep 28 14:38:01 MSK 2019
 2132 ?        00:00:24 python3
Sat Sep 28 15:38:01 MSK 2019
 2893 ?        00:00:24 python3
Sat Sep 28 16:38:01 MSK 2019
 3717 ?        00:00:21 python3
Sat Sep 28 17:38:01 MSK 2019
Sat Sep 28 18:38:01 MSK 2019
Sat Sep 28 19:38:01 MSK 2019
 6134 ?        00:00:23 python3
Sat Sep 28 20:38:01 MSK 2019
Sat Sep 28 21:38:01 MSK 2019
 7700 ?        00:00:23 python3
Sat Sep 28 22:38:01 MSK 2019
Sat Sep 28 23:38:01 MSK 2019
 9235 ?        00:00:22 python3
Sun Sep 29 00:38:01 MSK 2019
Sun Sep 29 01:38:01 MSK 2019
10846 ?        00:00:22 python3
Sun Sep 29 02:38:01 MSK 2019
Sun Sep 29 03:38:01 MSK 2019
Sun Sep 29 04:38:01 MSK 2019
Sun Sep 29 05:38:01 MSK 2019
14495 ?        00:00:22 python3
Sun Sep 29 06:38:01 MSK 2019
15269 ?        00:00:23 python3
Sun Sep 29 07:38:01 MSK 2019
16186 ?        00:00:22 python3
Sun Sep 29 08:38:01 MSK 2019
Sun Sep 29 09:38:01 MSK 2019
17928 ?        00:00:23 python3
Sun Sep 29 10:38:01 MSK 2019
Sun Sep 29 11:38:01 MSK 2019
19509 ?        00:00:23 python3
Sun Sep 29 12:38:01 MSK 2019
Sun Sep 29 13:38:01 MSK 2019
Sun Sep 29 14:38:01 MSK 2019
Sun Sep 29 15:38:01 MSK 2019
Sun Sep 29 16:38:01 MSK 2019
23542 ?        00:00:23 python3
Sun Sep 29 17:38:01 MSK 2019
24345 ?        00:00:23 python3
Sun Sep 29 18:38:01 MSK 2019
Sun Sep 29 19:38:01 MSK 2019
Sun Sep 29 20:38:01 MSK 2019
Sun Sep 29 21:38:01 MSK 2019
27455 ?        00:00:24 python3
Sun Sep 29 22:38:01 MSK 2019
28234 ?        00:00:26 python3
Sun Sep 29 23:38:01 MSK 2019
Mon Sep 30 00:38:01 MSK 2019
30274 ?        00:00:22 python3
Mon Sep 30 01:38:01 MSK 2019
Mon Sep 30 02:38:01 MSK 2019
Mon Sep 30 03:38:01 MSK 2019
32650 ?        00:00:23 python3
Mon Sep 30 04:38:01 MSK 2019
  995 ?        00:00:23 python3
Mon Sep 30 05:38:01 MSK 2019
Mon Sep 30 06:38:02 MSK 2019
 2544 ?        00:00:22 python3
Mon Sep 30 07:38:01 MSK 2019
 3431 ?        00:00:24 python3
Mon Sep 30 08:38:01 MSK 2019
 4248 ?        00:00:23 python3
Mon Sep 30 09:38:01 MSK 2019
 5106 ?        00:00:23 python3
Mon Sep 30 10:38:01 MSK 2019
 5887 ?        00:00:25 python3
Mon Sep 30 11:38:01 MSK 2019
Mon Sep 30 12:38:01 MSK 2019
Mon Sep 30 13:38:01 MSK 2019
 8220 ?        00:01:47 python3
Mon Sep 30 14:38:02 MSK 2019
 9001 ?        00:00:24 python3
Mon Sep 30 15:38:01 MSK 2019
 9829 ?        00:00:26 python3
Mon Sep 30 16:38:01 MSK 2019
10668 ?        00:00:26 python3
Mon Sep 30 17:38:01 MSK 2019
11540 ?        00:00:24 python3
Mon Sep 30 18:38:01 MSK 2019
Mon Sep 30 19:38:01 MSK 2019
13451 ?        00:00:25 python3
Mon Sep 30 20:38:01 MSK 2019
14234 ?        00:00:25 python3
Mon Sep 30 21:38:01 MSK 2019
15033 ?        00:00:26 python3
Mon Sep 30 22:38:01 MSK 2019
15867 ?        00:00:26 python3
Mon Sep 30 23:38:01 MSK 2019
Tue Oct 1 00:38:01 MSK 2019
Tue Oct 1 01:38:01 MSK 2019
18390 ?        00:00:26 python3
Tue Oct 1 02:38:01 MSK 2019
19182 ?        00:00:24 python3
Tue Oct 1 03:38:01 MSK 2019
20018 ?        00:00:24 python3
Tue Oct 1 04:38:01 MSK 2019
20814 ?        00:00:25 python3
Tue Oct 1 05:38:01 MSK 2019
21604 ?        00:00:24 python3
Tue Oct 1 06:38:01 MSK 2019
22406 ?        00:00:24 python3
Tue Oct 1 07:38:01 MSK 2019
Tue Oct 1 08:38:02 MSK 2019
24153 ?        00:00:26 python3
Tue Oct 1 09:38:01 MSK 2019
25056 ?        00:00:26 python3
Tue Oct 1 10:38:01 MSK 2019
Tue Oct 1 11:38:01 MSK 2019
26648 ?        00:00:26 python3
Tue Oct 1 12:38:01 MSK 2019
27882 ?        00:00:25 python3
Tue Oct 1 13:38:01 MSK 2019
Tue Oct 1 14:38:01 MSK 2019
29472 ?        00:00:26 python3
Tue Oct 1 15:38:02 MSK 2019
Tue Oct 1 16:38:01 MSK 2019
31100 ?        00:00:28 python3
Tue Oct 1 17:38:01 MSK 2019
31929 ?        00:00:26 python3
Tue Oct 1 18:38:01 MSK 2019
32732 ?        00:00:25 python3
Tue Oct 1 19:38:01 MSK 2019
 1274 ?        00:00:24 python3
Tue Oct 1 20:38:01 MSK 2019
 2085 ?        00:00:26 python3
Tue Oct 1 21:38:01 MSK 2019
 2873 ?        00:00:26 python3
Tue Oct 1 22:38:01 MSK 2019
 3678 ?        00:00:27 python3
Tue Oct 1 23:38:01 MSK 2019
 4504 ?        00:00:29 python3
Wed Oct 2 00:38:01 MSK 2019
 5719 ?        00:00:24 python3
Wed Oct 2 01:38:01 MSK 2019
 6499 ?        00:00:25 python3
Wed Oct 2 02:38:01 MSK 2019
Wed Oct 2 03:38:01 MSK 2019
 8127 ?        00:00:27 python3
Wed Oct 2 04:38:01 MSK 2019
 9006 ?        00:00:27 python3
Wed Oct 2 05:38:01 MSK 2019
Wed Oct 2 06:38:01 MSK 2019
10572 ?        00:00:25 python3
Wed Oct 2 07:38:01 MSK 2019
15718 ?        00:00:25 python3
Wed Oct 2 08:38:02 MSK 2019
16555 ?        00:00:26 python3
Wed Oct 2 09:38:01 MSK 2019
Wed Oct 2 10:38:01 MSK 2019
18255 ?        00:00:27 python3
Wed Oct 2 11:38:01 MSK 2019
Wed Oct 2 12:38:01 MSK 2019
19818 ?        00:00:27 python3
Wed Oct 2 13:38:01 MSK 2019
20594 ?        00:00:26 python3
Wed Oct 2 14:38:01 MSK 2019
21464 ?        00:00:25 python3
Wed Oct 2 15:38:01 MSK 2019
22317 ?        00:00:26 python3
Wed Oct 2 16:38:01 MSK 2019
Wed Oct 2 17:38:01 MSK 2019
23935 ?        00:00:27 python3
Wed Oct 2 18:38:01 MSK 2019
Wed Oct 2 19:38:01 MSK 2019
Wed Oct 2 20:38:01 MSK 2019
26325 ?        00:00:26 python3
Wed Oct 2 21:38:01 MSK 2019
Wed Oct 2 22:38:01 MSK 2019
27922 ?        00:00:27 python3
Wed Oct 2 23:38:01 MSK 2019
28735 ?        00:00:25 python3
Thu Oct 3 00:38:01 MSK 2019
29560 ?        00:00:24 python3
Thu Oct 3 01:38:01 MSK 2019
30341 ?        00:00:26 python3
Thu Oct 3 02:38:01 MSK 2019
31192 ?        00:00:24 python3
Thu Oct 3 03:38:01 MSK 2019
Thu Oct 3 04:38:01 MSK 2019
Thu Oct 3 05:38:02 MSK 2019
 1160 ?        00:00:26 python3
Thu Oct 3 06:38:01 MSK 2019
 2357 ?        00:00:25 python3
Thu Oct 3 07:38:01 MSK 2019
 3315 ?        00:00:28 python3
Thu Oct 3 08:38:01 MSK 2019
 4137 ?        00:00:27 python3
Thu Oct 3 09:38:01 MSK 2019
 5003 ?        00:00:26 python3
Thu Oct 3 10:38:01 MSK 2019
 5793 ?        00:00:26 python3
Thu Oct 3 11:38:01 MSK 2019
 6589 ?        00:00:26 python3
Thu Oct 3 12:38:01 MSK 2019
 7394 ?        00:00:27 python3
Thu Oct 3 13:38:01 MSK 2019
 8187 ?        00:00:27 python3
Thu Oct 3 14:38:01 MSK 2019
 8978 ?        00:00:27 python3
Thu Oct 3 15:38:01 MSK 2019
 9788 ?        00:00:27 python3
Thu Oct 3 16:38:01 MSK 2019
Thu Oct 3 17:38:01 MSK 2019
11443 ?        00:00:26 python3
Thu Oct 3 18:38:01 MSK 2019
12293 ?        00:00:27 python3
Thu Oct 3 19:38:01 MSK 2019
13081 ?        00:00:26 python3
Thu Oct 3 20:38:01 MSK 2019
13861 ?        00:00:26 python3
Thu Oct 3 21:38:01 MSK 2019
14648 ?        00:00:25 python3
Thu Oct 3 22:38:01 MSK 2019
15427 ?        00:00:26 python3
Thu Oct 3 23:38:01 MSK 2019
Fri Oct 4 00:38:01 MSK 2019
17054 ?        00:00:24 python3
Fri Oct 4 01:38:01 MSK 2019
17801 ?        00:00:27 python3
Fri Oct 4 02:38:01 MSK 2019
18590 ?        00:00:24 python3
Fri Oct 4 03:38:01 MSK 2019
19398 ?        00:00:24 python3
Fri Oct 4 04:38:01 MSK 2019
20156 ?        00:00:24 python3
Fri Oct 4 05:38:01 MSK 2019
Fri Oct 4 06:38:01 MSK 2019
Fri Oct 4 07:38:01 MSK 2019
22584 ?        00:00:25 python3
Fri Oct 4 08:38:01 MSK 2019
Fri Oct 4 09:38:01 MSK 2019
24199 ?        00:00:26 python3
Fri Oct 4 10:38:01 MSK 2019
24971 ?        00:00:27 python3
Fri Oct 4 11:38:01 MSK 2019
Fri Oct 4 12:38:01 MSK 2019
26974 ?        00:00:25 python3
Fri Oct 4 13:38:01 MSK 2019
27747 ?        00:00:24 python3
Fri Oct 4 14:38:02 MSK 2019
Fri Oct 4 15:38:01 MSK 2019
Fri Oct 4 16:38:01 MSK 2019
Fri Oct 4 17:38:01 MSK 2019
Fri Oct 4 18:38:01 MSK 2019
31728 ?        00:00:24 python3
Fri Oct 4 19:38:01 MSK 2019
Fri Oct 4 20:38:01 MSK 2019
  954 ?        00:00:26 python3
Fri Oct 4 21:38:01 MSK 2019
 1736 ?        00:00:27 python3
Fri Oct 4 22:38:01 MSK 2019
Fri Oct 4 23:38:01 MSK 2019
Sat Oct 5 00:38:01 MSK 2019
 4150 ?        00:00:28 python3
Sat Oct 5 01:38:01 MSK 2019
Sat Oct 5 02:38:01 MSK 2019
 5752 ?        00:00:27 python3
Sat Oct 5 03:38:01 MSK 2019
 6570 ?        00:00:27 python3
Sat Oct 5 04:38:01 MSK 2019
 7386 ?        00:00:28 python3
Sat Oct 5 05:38:01 MSK 2019
 8190 ?        00:00:26 python3
Sat Oct 5 06:38:01 MSK 2019
Sat Oct 5 07:38:01 MSK 2019
Sat Oct 5 08:38:01 MSK 2019
10613 ?        00:00:27 python3
Sat Oct 5 09:38:01 MSK 2019
Sat Oct 5 10:38:01 MSK 2019
12242 ?        00:00:27 python3
Sat Oct 5 11:38:01 MSK 2019
13035 ?        00:00:28 python3 <defunct>
Sat Oct 5 12:38:01 MSK 2019
Sat Oct 5 13:38:01 MSK 2019
14639 ?        00:38:07 python3
Sat Oct 5 14:38:01 MSK 2019
15398 ?        00:27:06 python3
Sat Oct 5 15:38:02 MSK 2019
16599 ?        00:00:28 python3
Sat Oct 5 16:38:01 MSK 2019
17384 ?        00:00:28 python3
Sat Oct 5 17:38:01 MSK 2019
19139 pts/0    00:00:02 python3 <defunct>
Sat Oct 5 18:38:01 MSK 2019
19341 ?        00:00:29 python3
20944 pts/0    00:00:10 python3
Sat Oct 5 19:38:01 MSK 2019
22851 ?        00:00:19 python3
Sat Oct 5 20:38:01 MSK 2019
24375 ?        00:00:08 python3 <defunct>
Sat Oct 5 21:38:01 MSK 2019
24694 ?        00:00:32 python3
Sat Oct 5 22:38:01 MSK 2019
Sat Oct 5 23:38:01 MSK 2019
Sun Oct 6 00:38:01 MSK 2019
Sun Oct 6 01:38:01 MSK 2019
28012 ?        00:00:28 python3
Sun Oct 6 02:38:01 MSK 2019
28816 ?        00:00:27 python3
Sun Oct 6 03:38:01 MSK 2019
29660 ?        00:00:28 python3
Sun Oct 6 04:38:01 MSK 2019
30426 ?        00:00:29 python3
Sun Oct 6 05:38:01 MSK 2019
31227 ?        00:00:26 python3
Sun Oct 6 06:38:01 MSK 2019
32112 ?        00:00:29 python3
Sun Oct 6 07:38:01 MSK 2019
Sun Oct 6 08:38:02 MSK 2019
 1333 ?        00:00:27 python3
Sun Oct 6 09:38:01 MSK 2019
 2243 ?        00:00:30 python3 <defunct>
Sun Oct 6 10:38:01 MSK 2019
 3066 ?        00:00:29 python3
Sun Oct 6 11:38:01 MSK 2019
 3859 ?        00:00:31 python3
Sun Oct 6 12:38:01 MSK 2019
 4659 ?        00:00:29 python3
Sun Oct 6 13:38:01 MSK 2019
 5473 ?        00:38:07 python3
Sun Oct 6 14:38:02 MSK 2019
 6677 ?        00:00:30 python3
Sun Oct 6 15:38:01 MSK 2019
 7451 ?        00:00:29 python3
Sun Oct 6 16:38:01 MSK 2019
 8268 ?        00:00:30 python3
Sun Oct 6 17:38:01 MSK 2019
 9048 ?        00:00:31 python3
Sun Oct 6 18:38:01 MSK 2019
 9832 ?        00:00:29 python3
Sun Oct 6 19:38:01 MSK 2019
10618 ?        00:00:30 python3 <defunct>
Sun Oct 6 20:38:01 MSK 2019
11398 ?        00:00:30 python3
Sun Oct 6 21:38:01 MSK 2019
12220 ?        00:00:30 python3
Sun Oct 6 22:38:01 MSK 2019
13002 ?        00:00:31 python3
Sun Oct 6 23:38:01 MSK 2019
13863 ?        00:00:30 python3
Mon Oct 7 00:38:01 MSK 2019
14702 ?        00:00:30 python3
Mon Oct 7 01:38:01 MSK 2019
15492 ?        00:00:30 python3
Mon Oct 7 02:38:01 MSK 2019
16295 ?        00:00:28 python3
Mon Oct 7 03:38:01 MSK 2019
17105 ?        00:00:29 python3
Mon Oct 7 04:38:01 MSK 2019
17875 ?        00:00:29 python3
Mon Oct 7 05:38:01 MSK 2019
18673 ?        00:00:31 python3
Mon Oct 7 06:38:01 MSK 2019
19851 ?        00:00:29 python3
Mon Oct 7 07:38:01 MSK 2019
27031 ?        00:00:31 python3
Mon Oct 7 08:38:01 MSK 2019
Mon Oct 7 09:38:01 MSK 2019
Mon Oct 7 10:38:01 MSK 2019
29464 ?        00:00:30 python3
Mon Oct 7 11:38:01 MSK 2019
30235 ?        00:00:29 python3
Mon Oct 7 12:38:01 MSK 2019
Mon Oct 7 13:38:01 MSK 2019
Mon Oct 7 14:38:01 MSK 2019
32602 ?        00:00:29 python3
Mon Oct 7 15:38:01 MSK 2019
  974 ?        00:00:30 python3
Mon Oct 7 16:38:01 MSK 2019
 1779 ?        00:00:28 python3
Mon Oct 7 17:38:01 MSK 2019
 2554 ?        00:00:29 python3
Mon Oct 7 18:38:01 MSK 2019
 3339 ?        00:00:29 python3
Mon Oct 7 19:38:01 MSK 2019
 4116 ?        00:00:30 python3
Mon Oct 7 20:38:01 MSK 2019
Mon Oct 7 21:38:01 MSK 2019
Mon Oct 7 22:38:01 MSK 2019
 6451 ?        00:00:31 python3
Mon Oct 7 23:38:01 MSK 2019
 7582 ?        00:00:29 python3
Tue Oct 8 00:38:01 MSK 2019
 8377 ?        00:00:29 python3 <defunct>
Tue Oct 8 01:38:01 MSK 2019
 9173 ?        00:00:29 python3
Tue Oct 8 02:38:01 MSK 2019
 9950 ?        00:00:29 python3
Tue Oct 8 03:38:01 MSK 2019
10737 ?        00:00:27 python3
Tue Oct 8 04:38:01 MSK 2019
11507 ?        00:00:28 python3
Tue Oct 8 05:38:01 MSK 2019
12281 ?        00:00:30 python3
Tue Oct 8 06:38:01 MSK 2019
15453 ?        00:00:29 python3
Tue Oct 8 07:38:01 MSK 2019
Tue Oct 8 08:38:01 MSK 2019
17034 ?        00:00:30 python3
Tue Oct 8 09:38:01 MSK 2019
Tue Oct 8 10:38:01 MSK 2019
18684 ?        00:00:28 python3
Tue Oct 8 11:38:01 MSK 2019
19462 ?        00:00:29 python3
Tue Oct 8 12:38:01 MSK 2019
20655 ?        00:00:30 python3
Tue Oct 8 13:38:01 MSK 2019
21454 ?        00:38:08 python3
Tue Oct 8 14:38:02 MSK 2019
Tue Oct 8 15:38:01 MSK 2019
Tue Oct 8 16:38:01 MSK 2019
Tue Oct 8 17:38:01 MSK 2019
24648 ?        00:00:29 python3
Tue Oct 8 18:38:01 MSK 2019
25448 ?        00:00:28 python3
Tue Oct 8 19:38:01 MSK 2019
26236 ?        00:00:30 python3
Tue Oct 8 20:38:01 MSK 2019
27090 ?        00:00:31 python3
Tue Oct 8 21:38:01 MSK 2019
27884 ?        00:00:31 python3
Tue Oct 8 22:38:01 MSK 2019
28857 ?        00:00:39 python3
Tue Oct 8 23:38:01 MSK 2019
29678 ?        00:00:31 python3
Wed Oct 9 00:38:01 MSK 2019
30507 ?        00:00:32 python3
Wed Oct 9 01:38:01 MSK 2019
Wed Oct 9 02:38:01 MSK 2019
32069 ?        00:00:31 python3
Wed Oct 9 03:38:01 MSK 2019
  386 ?        00:00:30 python3
Wed Oct 9 04:38:01 MSK 2019
 1191 ?        00:00:31 python3
Wed Oct 9 05:38:01 MSK 2019
 1948 ?        00:00:30 python3
Wed Oct 9 06:38:01 MSK 2019
 2827 ?        00:00:31 python3
Wed Oct 9 07:38:01 MSK 2019
 3708 ?        00:00:31 python3
Wed Oct 9 08:38:01 MSK 2019
 4461 ?        00:00:32 python3
Wed Oct 9 09:38:01 MSK 2019
 5310 ?        00:00:31 python3
Wed Oct 9 10:38:01 MSK 2019
Wed Oct 9 11:38:01 MSK 2019
 6894 ?        00:00:34 python3 <defunct>
Wed Oct 9 12:38:01 MSK 2019
Wed Oct 9 13:38:01 MSK 2019
11946 ?        00:00:15 python3
Wed Oct 9 14:38:01 MSK 2019
Wed Oct 9 15:38:01 MSK 2019
Wed Oct 9 16:38:01 MSK 2019
Wed Oct 9 17:38:01 MSK 2019
14999 ?        00:00:29 python3
Wed Oct 9 18:38:01 MSK 2019
Wed Oct 9 19:38:01 MSK 2019
Wed Oct 9 20:38:01 MSK 2019
17627 ?        00:00:28 python3
Wed Oct 9 21:38:01 MSK 2019
18391 ?        00:00:34 python3
Wed Oct 9 22:38:01 MSK 2019
19197 ?        00:00:30 python3
Wed Oct 9 23:38:01 MSK 2019
Thu Oct 10 00:38:01 MSK 2019
20781 ?        00:00:29 python3
Thu Oct 10 01:38:01 MSK 2019
21979 ?        00:00:28 python3
Thu Oct 10 02:38:01 MSK 2019
22741 ?        00:00:28 python3
Thu Oct 10 03:38:01 MSK 2019
Thu Oct 10 04:38:02 MSK 2019
Thu Oct 10 05:38:01 MSK 2019
Thu Oct 10 06:38:01 MSK 2019
25904 ?        00:00:28 python3
Thu Oct 10 07:38:01 MSK 2019
27043 ?        00:00:28 python3
Thu Oct 10 08:38:01 MSK 2019
27812 ?        00:00:29 python3
Thu Oct 10 09:38:01 MSK 2019
28678 ?        00:00:28 python3
Thu Oct 10 10:38:01 MSK 2019
29459 ?        00:00:30 python3
Thu Oct 10 11:38:01 MSK 2019
30284 ?        00:00:29 python3
Thu Oct 10 12:38:01 MSK 2019
Thu Oct 10 13:38:01 MSK 2019
31871 ?        00:38:07 python3
Thu Oct 10 14:38:01 MSK 2019
32644 ?        00:00:29 python3
Thu Oct 10 15:38:01 MSK 2019
 1392 ?        00:00:29 python3
Thu Oct 10 16:38:01 MSK 2019
 2154 ?        00:00:31 python3
Thu Oct 10 17:38:01 MSK 2019
 2962 ?        00:00:29 python3
Thu Oct 10 18:38:01 MSK 2019
 3769 ?        00:00:30 python3
Thu Oct 10 19:38:02 MSK 2019
Thu Oct 10 20:38:01 MSK 2019
Thu Oct 10 21:38:01 MSK 2019
Thu Oct 10 22:38:01 MSK 2019
 6938 ?        00:00:29 python3
Thu Oct 10 23:38:01 MSK 2019
 7744 ?        00:00:30 python3
Fri Oct 11 00:38:01 MSK 2019
Fri Oct 11 01:38:01 MSK 2019
 9316 ?        00:00:30 python3
Fri Oct 11 02:38:01 MSK 2019
10537 ?        00:00:29 python3
Fri Oct 11 03:38:01 MSK 2019
11353 ?        00:00:28 python3
Fri Oct 11 04:38:01 MSK 2019
Fri Oct 11 05:38:01 MSK 2019
Fri Oct 11 06:38:01 MSK 2019
13829 ?        00:00:29 python3
Fri Oct 11 07:38:01 MSK 2019
14624 ?        00:00:29 python3
Fri Oct 11 08:38:01 MSK 2019
15402 ?        00:00:28 python3
Fri Oct 11 09:38:01 MSK 2019
16243 ?        00:00:30 python3
Fri Oct 11 10:38:01 MSK 2019
17425 ?        00:00:29 python3
Fri Oct 11 11:38:01 MSK 2019
18204 ?        00:00:28 python3
Fri Oct 11 12:38:01 MSK 2019
18979 ?        00:00:29 python3
Fri Oct 11 13:38:01 MSK 2019
19769 ?        00:38:06 python3
Fri Oct 11 14:38:01 MSK 2019
Fri Oct 11 15:38:01 MSK 2019
22104 ?        00:00:28 python3
Fri Oct 11 16:38:01 MSK 2019
Fri Oct 11 17:38:02 MSK 2019
Fri Oct 11 18:38:01 MSK 2019
24683 ?        00:00:30 python3
Fri Oct 11 19:38:01 MSK 2019
25446 ?        00:00:29 python3
Fri Oct 11 20:38:01 MSK 2019
26278 ?        00:00:30 python3
Fri Oct 11 21:38:01 MSK 2019
27061 ?        00:00:29 python3
Fri Oct 11 22:38:01 MSK 2019
27832 ?        00:00:28 python3
Fri Oct 11 23:38:01 MSK 2019
28642 ?        00:00:27 python3
Sat Oct 12 00:38:01 MSK 2019
29475 ?        00:00:29 python3
Sat Oct 12 01:38:01 MSK 2019
30233 ?        00:00:28 python3
Sat Oct 12 02:38:01 MSK 2019
31008 ?        00:00:28 python3
Sat Oct 12 03:38:01 MSK 2019
31814 ?        00:00:30 python3
Sat Oct 12 04:38:01 MSK 2019
  461 ?        00:00:30 python3
Sat Oct 12 05:38:01 MSK 2019
 1282 ?        00:00:28 python3
Sat Oct 12 06:38:01 MSK 2019
 2167 ?        00:00:27 python3
Sat Oct 12 07:38:01 MSK 2019
 2920 ?        00:00:28 python3
Sat Oct 12 08:38:01 MSK 2019
 4101 ?        00:00:28 python3
Sat Oct 12 09:38:02 MSK 2019
 5003 ?        00:00:30 python3
Sat Oct 12 10:38:01 MSK 2019
Sat Oct 12 11:38:01 MSK 2019
 6533 ?        00:00:28 python3
Sat Oct 12 12:38:01 MSK 2019
 7305 ?        00:00:27 python3
Sat Oct 12 13:38:01 MSK 2019
 9205 ?        00:00:13 python3
Sat Oct 12 14:38:01 MSK 2019
 9558 ?        00:00:31 python3
Sat Oct 12 15:38:01 MSK 2019
10401 ?        00:00:28 python3
Sat Oct 12 16:38:01 MSK 2019
Sat Oct 12 17:38:01 MSK 2019
11933 ?        00:00:30 python3
Sat Oct 12 18:38:01 MSK 2019
Sat Oct 12 19:38:01 MSK 2019
13543 ?        00:00:28 python3
Sat Oct 12 20:38:01 MSK 2019
14378 ?        00:00:28 python3
Sat Oct 12 21:38:01 MSK 2019
15154 ?        00:00:29 python3
Sat Oct 12 22:38:01 MSK 2019
15937 ?        00:00:28 python3
Sat Oct 12 23:38:01 MSK 2019
16817 ?        00:00:30 python3
Sun Oct 13 00:38:01 MSK 2019
17607 ?        00:00:29 python3
Sun Oct 13 01:38:01 MSK 2019
18462 ?        00:00:30 python3
Sun Oct 13 02:38:01 MSK 2019
Sun Oct 13 03:38:01 MSK 2019
20107 ?        00:00:29 python3
Sun Oct 13 04:38:01 MSK 2019
20903 ?        00:00:28 python3
Sun Oct 13 05:38:01 MSK 2019
21664 ?        00:00:30 python3
Sun Oct 13 06:38:01 MSK 2019
22527 ?        00:00:29 python3
Sun Oct 13 07:38:02 MSK 2019
23723 ?        00:00:28 python3
Sun Oct 13 08:38:01 MSK 2019
24522 ?        00:00:29 python3
Sun Oct 13 09:38:01 MSK 2019
25375 ?        00:00:29 python3
Sun Oct 13 10:38:01 MSK 2019
Sun Oct 13 11:38:01 MSK 2019
26918 ?        00:00:30 python3
Sun Oct 13 12:38:01 MSK 2019
27709 ?        00:00:29 python3
Sun Oct 13 13:38:01 MSK 2019
28470 ?        00:00:31 python3
Sun Oct 13 14:38:01 MSK 2019
29239 ?        00:00:27 python3
Sun Oct 13 15:38:01 MSK 2019
30008 ?        00:00:28 python3
Sun Oct 13 16:38:01 MSK 2019
30791 ?        00:00:31 python3
Sun Oct 13 17:38:01 MSK 2019
31581 ?        00:00:29 python3
Sun Oct 13 18:38:01 MSK 2019
Sun Oct 13 19:38:01 MSK 2019
  806 ?        00:00:29 python3
Sun Oct 13 20:38:01 MSK 2019
 1599 ?        00:00:30 python3
Sun Oct 13 21:38:01 MSK 2019
 2421 ?        00:00:30 python3
Sun Oct 13 22:38:01 MSK 2019
 3187 ?        00:00:29 python3
Sun Oct 13 23:38:01 MSK 2019
 3975 ?        00:00:31 python3
Mon Oct 14 00:38:01 MSK 2019
 4809 ?        00:00:30 python3
Mon Oct 14 01:38:01 MSK 2019
 5582 ?        00:00:28 python3
Mon Oct 14 02:38:01 MSK 2019
 6364 ?        00:00:30 python3
Mon Oct 14 03:38:01 MSK 2019
Mon Oct 14 04:38:01 MSK 2019
 7962 ?        00:00:31 python3
Mon Oct 14 05:38:01 MSK 2019
 8734 ?        00:00:29 python3
Mon Oct 14 06:38:01 MSK 2019
 9601 ?        00:00:30 python3
Mon Oct 14 07:38:01 MSK 2019
Mon Oct 14 08:38:01 MSK 2019
11171 ?        00:00:30 python3
Mon Oct 14 09:38:01 MSK 2019
12012 ?        00:00:31 python3
Mon Oct 14 10:38:01 MSK 2019
13211 ?        00:00:30 python3
Mon Oct 14 11:38:01 MSK 2019
13984 ?        00:00:32 python3
Mon Oct 14 12:38:01 MSK 2019
14775 ?        00:00:30 python3
Mon Oct 14 13:38:01 MSK 2019
15558 ?        00:00:30 python3
Mon Oct 14 14:38:01 MSK 2019
16317 ?        00:00:29 python3
Mon Oct 14 15:38:02 MSK 2019
17109 ?        00:00:32 python3
Mon Oct 14 16:38:01 MSK 2019
17909 ?        00:00:31 python3
Mon Oct 14 17:38:01 MSK 2019
18725 ?        00:00:28 python3
Mon Oct 14 18:38:01 MSK 2019
19521 ?        00:00:30 python3
Mon Oct 14 19:38:01 MSK 2019
20336 ?        00:00:28 python3
Mon Oct 14 20:38:01 MSK 2019
21158 ?        00:00:29 python3
Mon Oct 14 21:38:01 MSK 2019
21982 ?        00:00:31 python3
Mon Oct 14 22:38:01 MSK 2019
Mon Oct 14 23:38:01 MSK 2019
23622 ?        00:00:31 python3
Tue Oct 15 00:38:01 MSK 2019
24417 ?        00:00:31 python3
Tue Oct 15 01:38:01 MSK 2019
25205 ?        00:00:29 python3
Tue Oct 15 02:38:01 MSK 2019
26001 ?        00:00:29 python3
Tue Oct 15 03:38:01 MSK 2019
Tue Oct 15 04:38:01 MSK 2019
27624 ?        00:00:29 python3
Tue Oct 15 05:38:01 MSK 2019
28421 ?        00:00:29 python3
Tue Oct 15 06:38:01 MSK 2019
Tue Oct 15 07:38:01 MSK 2019
30707 ?        00:00:31 python3
Tue Oct 15 08:38:01 MSK 2019
Tue Oct 15 09:38:01 MSK 2019
32375 ?        00:00:31 python3
Tue Oct 15 10:38:01 MSK 2019
  753 ?        00:00:32 python3
Tue Oct 15 11:38:01 MSK 2019
 1596 ?        00:00:30 python3
Tue Oct 15 12:38:01 MSK 2019
 2398 ?        00:00:30 python3
Tue Oct 15 13:38:01 MSK 2019
 3254 ?        00:03:19 python3
Tue Oct 15 14:38:01 MSK 2019
 4126 ?        00:00:31 python3
Tue Oct 15 15:38:01 MSK 2019
 4946 ?        00:00:30 python3
Tue Oct 15 16:38:01 MSK 2019
 5752 ?        00:00:29 python3
Tue Oct 15 17:38:01 MSK 2019
 6599 ?        00:00:31 python3
Tue Oct 15 18:38:01 MSK 2019
 7417 ?        00:00:31 python3
Tue Oct 15 19:38:01 MSK 2019
 8241 ?        00:00:30 python3
Tue Oct 15 20:38:01 MSK 2019
 9046 ?        00:00:31 python3
Tue Oct 15 21:38:01 MSK 2019
 9832 ?        00:00:31 python3
Tue Oct 15 22:38:01 MSK 2019
10637 ?        00:00:34 python3
Tue Oct 15 23:38:01 MSK 2019
Wed Oct 16 00:38:01 MSK 2019
Wed Oct 16 01:38:01 MSK 2019
Wed Oct 16 02:38:01 MSK 2019
14002 ?        00:00:29 python3
Wed Oct 16 03:38:01 MSK 2019
14819 ?        00:00:31 python3
Wed Oct 16 04:38:01 MSK 2019
15632 ?        00:00:30 python3
Wed Oct 16 05:38:01 MSK 2019
16825 ?        00:00:32 python3
Wed Oct 16 06:38:01 MSK 2019
17673 ?        00:00:32 python3
Wed Oct 16 07:38:01 MSK 2019
Wed Oct 16 08:38:01 MSK 2019
19417 ?        00:00:32 python3
Wed Oct 16 09:38:01 MSK 2019
20314 ?        00:00:31 python3
Wed Oct 16 10:38:01 MSK 2019
21125 ?        00:00:30 python3
Wed Oct 16 11:38:02 MSK 2019
Wed Oct 16 12:38:01 MSK 2019
22773 ?        00:00:34 python3
Wed Oct 16 13:38:01 MSK 2019
23549 ?        00:03:51 python3
Wed Oct 16 14:38:01 MSK 2019
24360 ?        00:00:31 python3
Wed Oct 16 15:38:01 MSK 2019
25157 ?        00:00:32 python3
Wed Oct 16 16:38:01 MSK 2019
25947 ?        00:00:30 python3
Wed Oct 16 17:38:01 MSK 2019
26769 ?        00:00:31 python3
Wed Oct 16 18:38:01 MSK 2019
27578 ?        00:00:31 python3
Wed Oct 16 19:38:01 MSK 2019
Wed Oct 16 20:38:01 MSK 2019
29223 ?        00:00:30 python3
Wed Oct 16 21:38:01 MSK 2019
29997 ?        00:00:31 python3
Wed Oct 16 22:38:01 MSK 2019
Wed Oct 16 23:38:01 MSK 2019
31603 ?        00:00:31 python3
Thu Oct 17 00:38:01 MSK 2019
32413 ?        00:00:31 python3
Thu Oct 17 01:38:01 MSK 2019
 1546 ?        00:00:31 python3
Thu Oct 17 02:38:01 MSK 2019
 2369 ?        00:00:30 python3
Thu Oct 17 03:38:01 MSK 2019
 3178 ?        00:00:30 python3
Thu Oct 17 04:38:01 MSK 2019
 4041 ?        00:00:32 python3
Thu Oct 17 05:38:01 MSK 2019
Thu Oct 17 06:38:01 MSK 2019
 5676 ?        00:00:31 python3 <defunct>
Thu Oct 17 07:38:01 MSK 2019
 6564 ?        00:00:31 python3
Thu Oct 17 08:38:01 MSK 2019
 7356 ?        00:00:31 python3
Thu Oct 17 09:38:01 MSK 2019
 8247 ?        00:00:31 python3
Thu Oct 17 10:38:01 MSK 2019
 9084 ?        00:00:33 python3
Thu Oct 17 11:38:01 MSK 2019
 9883 ?        00:00:31 python3
Thu Oct 17 12:38:01 MSK 2019
Thu Oct 17 13:38:01 MSK 2019
11588 ?        00:00:32 python3
Thu Oct 17 14:38:01 MSK 2019
12382 ?        00:00:31 python3
Thu Oct 17 15:38:01 MSK 2019
Thu Oct 17 16:38:01 MSK 2019
Thu Oct 17 17:38:01 MSK 2019
14835 ?        00:00:30 python3
Thu Oct 17 18:38:01 MSK 2019
15637 ?        00:00:31 python3
Thu Oct 17 19:38:01 MSK 2019
16424 ?        00:00:31 python3
Thu Oct 17 20:38:01 MSK 2019
17246 ?        00:00:32 python3
Thu Oct 17 21:38:01 MSK 2019
18048 ?        00:00:32 python3
Thu Oct 17 22:38:01 MSK 2019
18873 ?        00:00:30 python3
Thu Oct 17 23:38:01 MSK 2019
19697 ?        00:00:31 python3
Fri Oct 18 00:38:01 MSK 2019
20521 ?        00:00:30 python3
Fri Oct 18 01:38:01 MSK 2019
21309 ?        00:00:32 python3
Fri Oct 18 02:38:01 MSK 2019
22135 ?        00:00:30 python3
Fri Oct 18 03:38:01 MSK 2019
23327 ?        00:00:29 python3
Fri Oct 18 04:38:01 MSK 2019
24142 ?        00:00:33 python3
Fri Oct 18 05:38:01 MSK 2019
24943 ?        00:00:32 python3
Fri Oct 18 06:38:01 MSK 2019
Fri Oct 18 07:38:01 MSK 2019
26619 ?        00:00:32 python3
Fri Oct 18 08:38:01 MSK 2019
27387 ?        00:00:32 python3
Fri Oct 18 09:38:01 MSK 2019
28249 ?        00:00:29 python3
Fri Oct 18 10:38:01 MSK 2019
29056 ?        00:00:32 python3
Fri Oct 18 11:38:01 MSK 2019
29841 ?        00:00:31 python3
Fri Oct 18 12:38:01 MSK 2019
30618 ?        00:00:33 python3
Fri Oct 18 13:38:01 MSK 2019
31417 ?        00:00:31 python3
Fri Oct 18 14:38:02 MSK 2019
32230 ?        00:00:32 python3
Fri Oct 18 15:38:01 MSK 2019
  555 ?        00:00:33 python3
Fri Oct 18 16:38:01 MSK 2019
 1458 ?        00:00:31 python3
Fri Oct 18 17:38:01 MSK 2019
 2243 ?        00:00:32 python3
Fri Oct 18 18:38:01 MSK 2019
 3076 ?        00:00:32 python3
Fri Oct 18 19:38:01 MSK 2019
 3914 ?        00:00:34 python3
Fri Oct 18 20:38:01 MSK 2019
 4706 ?        00:00:30 python3
Fri Oct 18 21:38:02 MSK 2019
 5514 ?        00:00:33 python3
Fri Oct 18 22:38:01 MSK 2019
 6440 ?        00:00:33 python3
Fri Oct 18 23:38:01 MSK 2019
 7268 ?        00:00:33 python3
Sat Oct 19 00:38:01 MSK 2019
 8106 ?        00:00:32 python3
Sat Oct 19 01:38:01 MSK 2019
 9294 ?        00:00:32 python3
Sat Oct 19 02:38:01 MSK 2019
10083 ?        00:00:33 python3
Sat Oct 19 03:38:01 MSK 2019
Sat Oct 19 04:38:01 MSK 2019
11722 ?        00:00:32 python3
Sat Oct 19 05:38:01 MSK 2019
12521 ?        00:00:31 python3
Sat Oct 19 06:38:01 MSK 2019
13495 ?        00:00:32 python3
Sat Oct 19 07:38:01 MSK 2019
14308 ?        00:00:30 python3
Sat Oct 19 08:38:01 MSK 2019
15121 ?        00:00:32 python3
Sat Oct 19 09:38:01 MSK 2019
16040 ?        00:00:33 python3
Sat Oct 19 10:38:01 MSK 2019
16859 ?        00:00:32 python3
Sat Oct 19 11:38:01 MSK 2019
17666 ?        00:00:32 python3
Sat Oct 19 12:38:01 MSK 2019
18457 ?        00:00:32 python3
Sat Oct 19 13:38:01 MSK 2019
19235 ?        00:00:31 python3
Sat Oct 19 14:38:01 MSK 2019
20028 ?        00:00:30 python3
Sat Oct 19 15:38:01 MSK 2019
20831 ?        00:00:31 python3
Sat Oct 19 16:38:01 MSK 2019
21624 ?        00:00:30 python3
Sat Oct 19 17:38:01 MSK 2019
22436 ?        00:00:32 python3
Sat Oct 19 18:38:01 MSK 2019
23269 ?        00:00:31 python3
Sat Oct 19 19:38:01 MSK 2019
24069 ?        00:00:32 python3
Sat Oct 19 20:38:01 MSK 2019
24868 ?        00:00:33 python3
Sat Oct 19 21:38:01 MSK 2019
25664 ?        00:00:30 python3
Sat Oct 19 22:38:01 MSK 2019
26481 ?        00:00:31 python3
Sat Oct 19 23:38:01 MSK 2019
Sun Oct 20 00:38:01 MSK 2019
28155 ?        00:00:30 python3
Sun Oct 20 01:38:01 MSK 2019
28971 ?        00:00:31 python3
Sun Oct 20 02:38:01 MSK 2019
29814 ?        00:00:31 python3
Sun Oct 20 03:38:01 MSK 2019
31031 ?        00:00:30 python3
Sun Oct 20 04:38:01 MSK 2019
31822 ?        00:00:31 python3
Sun Oct 20 05:38:01 MSK 2019
32625 ?        00:00:31 python3
Sun Oct 20 06:38:01 MSK 2019
 1015 ?        00:00:30 python3
Sun Oct 20 07:38:01 MSK 2019
 1951 ?        00:00:31 python3
Sun Oct 20 08:38:02 MSK 2019
 2768 ?        00:00:31 python3
Sun Oct 20 09:38:01 MSK 2019
 3749 ?        00:00:33 python3
Sun Oct 20 10:38:01 MSK 2019
 4541 ?        00:00:32 python3
Sun Oct 20 11:38:01 MSK 2019
 5513 ?        00:00:30 python3
Sun Oct 20 12:38:01 MSK 2019
 6304 ?        00:00:30 python3
Sun Oct 20 13:38:01 MSK 2019
 7116 ?        00:04:22 python3
Sun Oct 20 14:38:01 MSK 2019
 7903 ?        00:00:31 python3
Sun Oct 20 15:38:01 MSK 2019
 8689 ?        00:00:30 python3
Sun Oct 20 16:38:01 MSK 2019
 9487 ?        00:00:31 python3
Sun Oct 20 17:38:01 MSK 2019
10285 ?        00:00:33 python3
Sun Oct 20 18:38:01 MSK 2019
11121 ?        00:00:31 python3
Sun Oct 20 19:38:01 MSK 2019
11904 ?        00:00:30 python3
Sun Oct 20 20:38:01 MSK 2019
12713 ?        00:00:33 python3
Sun Oct 20 21:38:01 MSK 2019
13527 ?        00:00:32 python3
Sun Oct 20 22:38:01 MSK 2019
14339 ?        00:00:33 python3
Sun Oct 20 23:38:02 MSK 2019
15111 ?        00:00:32 python3
Mon Oct 21 00:38:01 MSK 2019
15918 ?        00:00:32 python3
Mon Oct 21 01:38:01 MSK 2019
16706 ?        00:00:31 python3
Mon Oct 21 02:38:01 MSK 2019
17896 ?        00:00:31 python3
Mon Oct 21 03:38:01 MSK 2019
Mon Oct 21 04:38:01 MSK 2019
19524 ?        00:00:32 python3
Mon Oct 21 05:38:01 MSK 2019
20310 ?        00:00:31 python3
Mon Oct 21 06:38:01 MSK 2019
21228 ?        00:00:33 python3
Mon Oct 21 07:38:01 MSK 2019
22073 ?        00:00:32 python3
Mon Oct 21 08:38:01 MSK 2019
22864 ?        00:00:32 python3
Mon Oct 21 09:38:01 MSK 2019
23761 ?        00:00:32 python3
Mon Oct 21 10:38:01 MSK 2019
24579 ?        00:00:33 python3
Mon Oct 21 11:38:01 MSK 2019
25384 ?        00:00:32 python3
Mon Oct 21 12:38:01 MSK 2019
26182 ?        00:00:32 python3
Mon Oct 21 13:38:01 MSK 2019
26976 ?        00:00:31 python3
Mon Oct 21 14:38:01 MSK 2019
27866 ?        00:00:31 python3
Mon Oct 21 15:38:01 MSK 2019
28680 ?        00:00:30 python3
Mon Oct 21 16:38:01 MSK 2019
29514 ?        00:00:30 python3
Mon Oct 21 17:38:01 MSK 2019
30364 ?        00:00:32 python3
Mon Oct 21 18:38:01 MSK 2019
31194 ?        00:00:33 python3
Mon Oct 21 19:38:01 MSK 2019
Mon Oct 21 20:38:01 MSK 2019
  478 ?        00:00:31 python3
Mon Oct 21 21:38:01 MSK 2019
 1333 ?        00:00:33 python3
Mon Oct 21 22:38:01 MSK 2019
 2206 ?        00:02:15 python3
Mon Oct 21 23:38:01 MSK 2019
 3061 ?        00:05:12 python3
Tue Oct 22 00:38:01 MSK 2019
 3875 ?        00:05:08 python3
Tue Oct 22 01:38:01 MSK 2019
Tue Oct 22 02:38:01 MSK 2019
 5466 ?        00:04:46 python3
Tue Oct 22 03:38:01 MSK 2019
 6286 ?        00:04:40 python3
Tue Oct 22 04:38:01 MSK 2019
 7124 ?        00:05:04 python3
Tue Oct 22 05:38:01 MSK 2019
 8316 ?        00:05:05 python3
Tue Oct 22 06:38:01 MSK 2019
15619 ?        00:04:56 python3
Tue Oct 22 07:38:01 MSK 2019
16527 ?        00:04:54 python3
Tue Oct 22 08:38:01 MSK 2019
17366 ?        00:05:02 python3
Tue Oct 22 09:38:01 MSK 2019
18236 ?        00:05:04 python3
Tue Oct 22 10:38:01 MSK 2019
Tue Oct 22 11:38:01 MSK 2019
19900 ?        00:04:49 python3
Tue Oct 22 12:38:01 MSK 2019
20721 ?        00:04:46 python3
Tue Oct 22 13:38:01 MSK 2019
21553 ?        00:04:39 python3
Tue Oct 22 14:38:01 MSK 2019
22345 ?        00:04:34 python3
Tue Oct 22 15:38:01 MSK 2019
23167 ?        00:04:35 python3
Tue Oct 22 16:38:01 MSK 2019
23972 ?        00:04:27 python3
Tue Oct 22 17:38:01 MSK 2019
24759 ?        00:04:25 python3
Tue Oct 22 18:38:01 MSK 2019
25629 ?        00:04:31 python3
Tue Oct 22 19:38:01 MSK 2019
26525 ?        00:04:45 python3
Tue Oct 22 20:38:01 MSK 2019
27414 ?        00:04:47 python3
Tue Oct 22 21:38:01 MSK 2019
Tue Oct 22 22:38:01 MSK 2019
31455 pts/0    00:00:29 python3 <defunct>
Tue Oct 22 23:38:01 MSK 2019
32473 ?        00:00:27 python3
Wed Oct 23 00:38:01 MSK 2019
  813 ?        00:00:29 python3 <defunct>
Wed Oct 23 01:38:01 MSK 2019
 1631 ?        00:00:30 python3
Wed Oct 23 02:38:01 MSK 2019
 2436 ?        00:00:29 python3 <defunct>
Wed Oct 23 03:38:01 MSK 2019
 3248 ?        00:00:29 python3 <defunct>
Wed Oct 23 04:38:01 MSK 2019
 4044 ?        00:00:30 python3 <defunct>
Wed Oct 23 05:38:01 MSK 2019
 4859 ?        00:00:31 python3 <defunct>
Wed Oct 23 06:38:01 MSK 2019
 6071 ?        00:00:27 python3 <defunct>
Wed Oct 23 07:38:01 MSK 2019
 9290 ?        00:00:28 python3
Wed Oct 23 08:38:01 MSK 2019
10093 ?        00:00:34 python3
Wed Oct 23 09:38:01 MSK 2019
10996 ?        00:00:28 python3 <defunct>
Wed Oct 23 10:38:01 MSK 2019
11776 ?        00:00:28 python3 <defunct>
Wed Oct 23 11:38:01 MSK 2019
12596 ?        00:00:26 python3 <defunct>
Wed Oct 23 12:38:01 MSK 2019
13393 ?        00:00:28 python3
Wed Oct 23 13:38:01 MSK 2019
Wed Oct 23 14:38:01 MSK 2019
14963 ?        00:00:41 python3
Wed Oct 23 15:38:01 MSK 2019
15760 ?        00:00:29 python3 <defunct>
Wed Oct 23 16:38:01 MSK 2019
16557 ?        00:00:27 python3 <defunct>
Wed Oct 23 17:38:01 MSK 2019
17425 ?        00:00:37 python3
Wed Oct 23 18:38:01 MSK 2019
Wed Oct 23 19:38:01 MSK 2019
Wed Oct 23 20:38:01 MSK 2019
19854 ?        00:00:29 python3
Wed Oct 23 21:38:01 MSK 2019
20756 ?        00:00:37 python3
Wed Oct 23 22:38:01 MSK 2019
21587 ?        00:00:36 python3
Wed Oct 23 23:38:01 MSK 2019
Thu Oct 24 00:38:01 MSK 2019
23194 ?        00:00:27 python3 <defunct>
Thu Oct 24 01:38:01 MSK 2019
23986 ?        00:00:27 python3
Thu Oct 24 02:38:01 MSK 2019
24794 ?        00:00:25 python3 <defunct>
Thu Oct 24 03:38:01 MSK 2019
25594 ?        00:00:28 python3 <defunct>
Thu Oct 24 04:38:01 MSK 2019
26387 ?        00:00:27 python3 <defunct>
Thu Oct 24 05:38:01 MSK 2019
Thu Oct 24 06:38:01 MSK 2019
28007 ?        00:00:25 python3 <defunct>
Thu Oct 24 07:38:01 MSK 2019
28880 ?        00:00:28 python3
Thu Oct 24 08:38:01 MSK 2019
29656 ?        00:00:35 python3
Thu Oct 24 09:38:01 MSK 2019
Thu Oct 24 10:38:01 MSK 2019
31349 ?        00:00:30 python3
Thu Oct 24 11:38:01 MSK 2019
32157 ?        00:00:26 python3 <defunct>
Thu Oct 24 12:38:01 MSK 2019
Thu Oct 24 13:38:01 MSK 2019
 1344 ?        00:00:32 python3
Thu Oct 24 14:38:01 MSK 2019
 2119 ?        00:00:51 python3
Thu Oct 24 15:38:01 MSK 2019
Thu Oct 24 16:38:01 MSK 2019
 3705 ?        00:00:25 python3 <defunct>
Thu Oct 24 17:38:01 MSK 2019
Thu Oct 24 18:38:01 MSK 2019
 5717 ?        00:00:31 python3 <defunct>
Thu Oct 24 19:38:01 MSK 2019
 6540 ?        00:00:45 python3
Thu Oct 24 20:38:01 MSK 2019
 7349 ?        00:00:26 python3 <defunct>
Thu Oct 24 21:38:01 MSK 2019
 8188 ?        00:00:37 python3
Thu Oct 24 22:38:01 MSK 2019
 8959 ?        00:00:39 python3
Thu Oct 24 23:38:01 MSK 2019
Fri Oct 25 00:38:01 MSK 2019
10564 ?        00:00:28 python3
Fri Oct 25 01:38:01 MSK 2019
11385 ?        00:00:29 python3 <defunct>
Fri Oct 25 02:38:01 MSK 2019
12193 ?        00:00:28 python3 <defunct>
Fri Oct 25 03:38:01 MSK 2019
13029 ?        00:00:27 python3
Fri Oct 25 04:38:01 MSK 2019
14236 ?        00:00:26 python3 <defunct>
Fri Oct 25 05:38:01 MSK 2019
Fri Oct 25 06:38:01 MSK 2019
15869 ?        00:00:27 python3
Fri Oct 25 07:38:01 MSK 2019
16821 ?        00:00:29 python3
Fri Oct 25 08:38:01 MSK 2019
17636 ?        00:00:39 python3
Fri Oct 25 09:38:01 MSK 2019
18503 ?        00:00:27 python3
Fri Oct 25 10:38:01 MSK 2019
19301 ?        00:00:28 python3 <defunct>
Fri Oct 25 11:38:01 MSK 2019
Fri Oct 25 12:38:01 MSK 2019
Fri Oct 25 13:38:01 MSK 2019
21713 ?        00:00:28 python3
Fri Oct 25 14:38:01 MSK 2019
22506 ?        00:00:56 python3
Fri Oct 25 15:38:01 MSK 2019
23360 ?        00:00:29 python3 <defunct>
Fri Oct 25 16:38:01 MSK 2019
24151 ?        00:00:25 python3
Fri Oct 25 17:38:01 MSK 2019
Fri Oct 25 18:38:01 MSK 2019
25755 ?        00:00:29 python3
Fri Oct 25 19:38:01 MSK 2019
26537 ?        00:00:48 python3
Fri Oct 25 20:38:01 MSK 2019
Fri Oct 25 21:38:01 MSK 2019
28217 ?        00:00:41 python3
Fri Oct 25 22:38:01 MSK 2019
29032 ?        00:00:42 python3
Fri Oct 25 23:38:01 MSK 2019
29859 ?        00:00:29 python3 <defunct>
Sat Oct 26 00:38:01 MSK 2019
30707 ?        00:00:29 python3 <defunct>
Sat Oct 26 01:38:01 MSK 2019
31525 ?        00:00:29 python3
Sat Oct 26 02:38:01 MSK 2019
32351 ?        00:00:25 python3
Sat Oct 26 03:38:01 MSK 2019
  750 ?        00:00:29 python3 <defunct>
Sat Oct 26 04:38:01 MSK 2019
 1582 ?        00:00:26 python3
Sat Oct 26 05:38:01 MSK 2019
 2399 ?        00:00:28 python3 <defunct>
Sat Oct 26 06:38:01 MSK 2019
 3177 ?        00:00:27 python3
Sat Oct 26 07:38:01 MSK 2019
 4059 ?        00:00:28 python3
Sat Oct 26 08:38:01 MSK 2019
 4895 ?        00:00:42 python3
Sat Oct 26 09:38:01 MSK 2019
 5767 ?        00:00:27 python3 <defunct>
Sat Oct 26 10:38:01 MSK 2019
 6650 ?        00:00:29 python3 <defunct>
Sat Oct 26 11:38:01 MSK 2019
 7473 ?        00:00:28 python3
Sat Oct 26 12:38:01 MSK 2019
 8257 ?        00:00:26 python3
Sat Oct 26 13:38:02 MSK 2019
Sat Oct 26 14:38:01 MSK 2019
10324 ?        00:01:00 python3
Sat Oct 26 15:38:01 MSK 2019
11124 ?        00:00:26 python3
Sat Oct 26 16:38:01 MSK 2019
11936 ?        00:00:28 python3
Sat Oct 26 17:38:01 MSK 2019
12717 ?        00:00:42 python3
Sat Oct 26 18:38:01 MSK 2019
13523 ?        00:00:26 python3 <defunct>
Sat Oct 26 19:38:01 MSK 2019
14350 ?        00:00:30 python3 <defunct>
Sat Oct 26 20:38:01 MSK 2019
15179 ?        00:00:27 python3
Sat Oct 26 21:38:01 MSK 2019
15980 ?        00:00:42 python3
Sat Oct 26 22:38:01 MSK 2019
16790 ?        00:00:42 python3
Sat Oct 26 23:38:01 MSK 2019
17627 ?        00:00:29 python3 <defunct>
Sun Oct 27 00:38:01 MSK 2019
18525 ?        00:00:25 python3
Sun Oct 27 01:38:01 MSK 2019
19417 ?        00:00:29 python3
Sun Oct 27 02:38:01 MSK 2019
20264 ?        00:00:28 python3
Sun Oct 27 03:38:01 MSK 2019
Sun Oct 27 04:38:01 MSK 2019
21906 ?        00:00:25 python3
Sun Oct 27 05:38:01 MSK 2019
Sun Oct 27 06:38:01 MSK 2019
23634 ?        00:00:28 python3 <defunct>
Sun Oct 27 07:38:01 MSK 2019
24430 ?        00:00:27 python3
Sun Oct 27 08:38:01 MSK 2019
25212 ?        00:00:41 python3
Sun Oct 27 09:38:01 MSK 2019
26083 ?        00:00:29 python3
Sun Oct 27 10:38:01 MSK 2019
27318 ?        00:00:29 python3 <defunct>
Sun Oct 27 11:38:01 MSK 2019
28123 ?        00:00:29 python3 <defunct>
Sun Oct 27 12:38:01 MSK 2019
28929 ?        00:00:32 python3 <defunct>
Sun Oct 27 13:38:01 MSK 2019
29742 ?        00:00:26 python3 <defunct>
Sun Oct 27 14:38:01 MSK 2019
30523 ?        00:01:01 python3
Sun Oct 27 15:38:01 MSK 2019
31341 ?        00:00:28 python3 <defunct>
Sun Oct 27 16:38:01 MSK 2019
32135 ?        00:00:25 python3 <defunct>
Sun Oct 27 17:38:01 MSK 2019
  494 ?        00:00:43 python3
Sun Oct 27 18:38:02 MSK 2019
 1372 ?        00:00:29 python3
Sun Oct 27 19:38:01 MSK 2019
 2207 ?        00:00:29 python3
Sun Oct 27 20:38:01 MSK 2019
 2988 ?        00:00:28 python3
Sun Oct 27 21:38:01 MSK 2019
 3757 ?        00:00:44 python3
Sun Oct 27 22:38:01 MSK 2019
 4550 ?        00:00:44 python3
Sun Oct 27 23:38:01 MSK 2019
 5472 ?        00:00:28 python3 <defunct>
Mon Oct 28 00:38:01 MSK 2019
 6326 ?        00:00:41 python3
Mon Oct 28 01:38:01 MSK 2019
 7110 ?        00:00:28 python3 <defunct>
Mon Oct 28 02:38:01 MSK 2019
 7972 ?        00:00:27 python3 <defunct>
Mon Oct 28 03:38:01 MSK 2019
 8827 ?        00:00:27 python3
Mon Oct 28 04:38:01 MSK 2019
 9624 ?        00:00:28 python3 <defunct>
Mon Oct 28 05:38:01 MSK 2019
10435 ?        00:00:27 python3
Mon Oct 28 06:38:01 MSK 2019
11342 ?        00:00:26 python3 <defunct>
Mon Oct 28 07:38:01 MSK 2019
12152 ?        00:00:27 python3 <defunct>
Mon Oct 28 08:38:01 MSK 2019
12956 ?        00:00:42 python3
Mon Oct 28 09:38:01 MSK 2019
13826 ?        00:00:29 python3 <defunct>
Mon Oct 28 10:38:01 MSK 2019
15946 ?        00:00:07 python3
Mon Oct 28 11:38:01 MSK 2019
16241 ?        00:00:30 python3 <defunct>
Mon Oct 28 12:38:01 MSK 2019
17078 ?        00:00:29 python3 <defunct>
Mon Oct 28 13:38:01 MSK 2019
18163 ?        00:00:30 python3 <defunct>
Mon Oct 28 14:38:01 MSK 2019
18957 ?        00:00:37 python3
Mon Oct 28 15:38:01 MSK 2019
19765 ?        00:00:28 python3
Mon Oct 28 16:38:01 MSK 2019
20539 ?        00:00:29 python3
Mon Oct 28 17:38:01 MSK 2019
21321 ?        00:00:34 python3
Mon Oct 28 18:38:01 MSK 2019
22162 ?        00:00:31 python3
Mon Oct 28 19:38:01 MSK 2019
22986 ?        00:00:36 python3
Mon Oct 28 20:38:01 MSK 2019
23792 ?        00:00:27 python3 <defunct>
Mon Oct 28 21:38:01 MSK 2019
24569 ?        00:00:34 python3
Mon Oct 28 22:38:01 MSK 2019
25378 ?        00:00:32 python3
Mon Oct 28 23:38:01 MSK 2019
26214 ?        00:00:26 python3 <defunct>
Tue Oct 29 00:38:01 MSK 2019
27059 ?        00:00:27 python3 <defunct>
Tue Oct 29 01:38:01 MSK 2019
27871 ?        00:00:28 python3 <defunct>
Tue Oct 29 02:38:01 MSK 2019
Tue Oct 29 03:38:01 MSK 2019
29478 ?        00:00:29 python3
Tue Oct 29 04:38:01 MSK 2019
30675 ?        00:00:29 python3
Tue Oct 29 05:38:01 MSK 2019
Tue Oct 29 06:38:01 MSK 2019
32439 ?        00:00:29 python3
Tue Oct 29 07:38:01 MSK 2019
  798 ?        00:00:29 python3
Tue Oct 29 08:38:01 MSK 2019
 1663 ?        00:00:33 python3
Tue Oct 29 09:38:01 MSK 2019
 2529 ?        00:00:29 python3 <defunct>
Tue Oct 29 10:38:01 MSK 2019
 3308 ?        00:00:29 python3 <defunct>
Tue Oct 29 11:38:01 MSK 2019
 4078 ?        00:00:30 python3 <defunct>
Tue Oct 29 12:38:01 MSK 2019
 4882 ?        00:00:28 python3 <defunct>
Tue Oct 29 13:38:01 MSK 2019
 5694 ?        00:00:32 python3 <defunct>
Tue Oct 29 14:38:01 MSK 2019
 6483 ?        00:00:39 python3
Tue Oct 29 15:38:01 MSK 2019
 7259 ?        00:00:32 python3
Tue Oct 29 16:38:01 MSK 2019
 8173 ?        00:00:29 python3 <defunct>
Tue Oct 29 17:38:01 MSK 2019
 8961 ?        00:00:31 python3
Tue Oct 29 18:38:01 MSK 2019
 9776 ?        00:00:29 python3
Tue Oct 29 19:38:01 MSK 2019
10619 ?        00:00:39 python3
Tue Oct 29 20:38:01 MSK 2019
11421 ?        00:00:28 python3 <defunct>
Tue Oct 29 21:38:01 MSK 2019
12290 ?        00:00:33 python3
Tue Oct 29 22:38:01 MSK 2019
13073 ?        00:00:34 python3
Tue Oct 29 23:38:01 MSK 2019
13888 ?        00:00:40 python3 <defunct>
Wed Oct 30 00:38:01 MSK 2019
14844 ?        00:00:29 python3 <defunct>
Wed Oct 30 01:38:01 MSK 2019
15654 ?        00:00:30 python3 <defunct>
Wed Oct 30 02:38:01 MSK 2019
16479 ?        00:00:26 python3 <defunct>
Wed Oct 30 03:38:01 MSK 2019
17291 ?        00:00:29 python3 <defunct>
Wed Oct 30 04:38:01 MSK 2019
18101 ?        00:00:29 python3 <defunct>
Wed Oct 30 05:38:01 MSK 2019
18907 ?        00:00:31 python3 <defunct>
Wed Oct 30 06:38:01 MSK 2019
19827 ?        00:00:27 python3 <defunct>
Wed Oct 30 07:38:01 MSK 2019
21061 ?        00:00:30 python3 <defunct>
Wed Oct 30 08:38:01 MSK 2019
21885 ?        00:00:35 python3
Wed Oct 30 09:38:01 MSK 2019
22783 ?        00:00:30 python3 <defunct>
Wed Oct 30 10:38:01 MSK 2019
23590 ?        00:00:29 python3 <defunct>
Wed Oct 30 11:38:01 MSK 2019
25210 ?        00:00:13 python3
Wed Oct 30 12:38:01 MSK 2019
25640 ?        00:00:32 python3 <defunct>
Wed Oct 30 13:38:01 MSK 2019
26489 ?        00:01:51 python3
Wed Oct 30 14:38:01 MSK 2019
27287 ?        00:00:52 python3
Wed Oct 30 15:38:01 MSK 2019
28109 ?        00:00:33 python3
Wed Oct 30 16:38:01 MSK 2019
28987 ?        00:00:32 python3
Wed Oct 30 17:38:01 MSK 2019
29823 ?        00:00:47 python3
Wed Oct 30 18:38:01 MSK 2019
30645 ?        00:00:34 python3 <defunct>
Wed Oct 30 19:38:02 MSK 2019
31498 ?        00:01:07 python3
Wed Oct 30 20:38:01 MSK 2019
32333 ?        00:00:40 python3
Wed Oct 30 21:38:01 MSK 2019
  744 ?        00:00:49 python3
Wed Oct 30 22:38:01 MSK 2019
 1602 ?        00:00:54 python3
Wed Oct 30 23:38:01 MSK 2019
 2473 ?        00:00:33 python3 <defunct>
Thu Oct 31 00:38:01 MSK 2019
 3350 ?        00:00:35 python3 <defunct>
Thu Oct 31 01:38:01 MSK 2019
 4160 ?        00:00:34 python3 <defunct>
Thu Oct 31 02:38:01 MSK 2019
 5427 ?        00:00:33 python3 <defunct>
Thu Oct 31 03:38:01 MSK 2019
 6239 ?        00:00:32 python3
Thu Oct 31 04:38:01 MSK 2019
 7063 ?        00:00:34 python3
Thu Oct 31 05:38:01 MSK 2019
 7889 ?        00:00:35 python3 <defunct>
Thu Oct 31 06:38:01 MSK 2019
 8744 ?        00:00:32 python3
Thu Oct 31 07:38:01 MSK 2019
10402 ?        00:00:32 python3 <defunct>
Thu Oct 31 08:38:01 MSK 2019
11237 ?        00:00:47 python3
Thu Oct 31 09:38:02 MSK 2019
12132 ?        00:00:36 python3 <defunct>
Thu Oct 31 10:38:01 MSK 2019
12960 ?        00:00:33 python3 <defunct>
Thu Oct 31 11:38:01 MSK 2019
13828 ?        00:00:34 python3 <defunct>
Thu Oct 31 12:38:01 MSK 2019
16731 pts/0    00:00:06 python3
Thu Oct 31 13:38:01 MSK 2019
17061 ?        00:00:51 python3
Thu Oct 31 14:38:01 MSK 2019
17916 ?        00:00:40 python3
Thu Oct 31 15:38:01 MSK 2019
18822 ?        00:00:40 python3
Thu Oct 31 16:38:01 MSK 2019
19674 ?        00:00:34 python3
Thu Oct 31 17:38:01 MSK 2019
20503 ?        00:00:45 python3
Thu Oct 31 18:38:01 MSK 2019
21642 pts/0    00:00:35 python3
Thu Oct 31 19:38:01 MSK 2019
22542 ?        00:00:40 python3
Thu Oct 31 20:38:01 MSK 2019
23481 ?        00:00:34 python3
Thu Oct 31 21:38:01 MSK 2019
24324 ?        00:00:43 python3
Thu Oct 31 22:38:02 MSK 2019
25148 ?        00:01:55 python3
Thu Oct 31 23:38:01 MSK 2019
25980 ?        00:00:33 python3
Fri Nov 1 00:38:01 MSK 2019
26866 ?        00:00:40 python3
Fri Nov 1 01:38:01 MSK 2019
27700 ?        00:00:34 python3
Fri Nov 1 02:38:01 MSK 2019
28529 ?        00:00:35 python3
Fri Nov 1 03:38:01 MSK 2019
Fri Nov 1 04:38:01 MSK 2019
30213 ?        00:00:32 python3
Fri Nov 1 05:38:01 MSK 2019
31065 ?        00:00:31 python3
Fri Nov 1 06:38:01 MSK 2019
Fri Nov 1 07:38:01 MSK 2019
  423 ?        00:00:35 python3
Fri Nov 1 08:38:01 MSK 2019
 1299 ?        00:00:38 python3
Fri Nov 1 09:38:01 MSK 2019
 2246 ?        00:00:34 python3
Fri Nov 1 10:38:01 MSK 2019
 3118 ?        00:00:36 python3
Fri Nov 1 11:38:01 MSK 2019
 4016 ?        00:00:36 python3
Fri Nov 1 12:38:01 MSK 2019
 4864 ?        00:00:37 python3
Fri Nov 1 13:38:01 MSK 2019
 5705 ?        00:00:42 python3
Fri Nov 1 14:38:01 MSK 2019
 6576 ?        00:00:35 python3
Fri Nov 1 15:38:01 MSK 2019
 7399 ?        00:00:37 python3
Fri Nov 1 16:38:01 MSK 2019
 8219 ?        00:00:34 python3
Fri Nov 1 17:38:01 MSK 2019
 9104 ?        00:00:40 python3
Fri Nov 1 18:38:01 MSK 2019
10350 ?        00:00:36 python3
Fri Nov 1 19:38:01 MSK 2019
11175 ?        00:00:41 python3
Fri Nov 1 20:38:02 MSK 2019
Fri Nov 1 21:38:01 MSK 2019
12804 ?        00:00:46 python3
Fri Nov 1 22:38:01 MSK 2019
13622 ?        00:02:00 python3
Fri Nov 1 23:38:01 MSK 2019
14520 ?        00:00:38 python3
Sat Nov 2 00:38:01 MSK 2019
15365 ?        00:00:35 python3
Sat Nov 2 01:38:01 MSK 2019
16183 ?        00:00:35 python3
Sat Nov 2 02:38:02 MSK 2019
17003 ?        00:00:35 python3
Sat Nov 2 03:38:01 MSK 2019
Sat Nov 2 04:38:01 MSK 2019
18694 ?        00:00:35 python3
Sat Nov 2 05:38:01 MSK 2019
19955 ?        00:00:38 python3
Sat Nov 2 06:38:01 MSK 2019
20915 ?        00:00:36 python3
Sat Nov 2 07:38:01 MSK 2019
21772 ?        00:00:34 python3
Sat Nov 2 08:38:01 MSK 2019
22592 ?        00:00:39 python3
Sat Nov 2 09:38:01 MSK 2019
23543 ?        00:00:36 python3
Sat Nov 2 10:38:01 MSK 2019
24430 ?        00:00:34 python3
Sat Nov 2 11:38:01 MSK 2019
25301 ?        00:00:35 python3
Sat Nov 2 12:38:01 MSK 2019
26132 ?        00:00:37 python3
Sat Nov 2 13:38:01 MSK 2019
26967 ?        00:00:36 python3
Sat Nov 2 14:38:01 MSK 2019
27788 ?        00:00:36 python3
Sat Nov 2 15:38:01 MSK 2019
28662 ?        00:00:35 python3
Sat Nov 2 16:38:01 MSK 2019
29501 ?        00:00:34 python3
Sat Nov 2 17:38:01 MSK 2019
30303 ?        00:00:40 python3
Sat Nov 2 18:38:01 MSK 2019
31162 ?        00:00:36 python3
Sat Nov 2 19:38:01 MSK 2019
32022 ?        00:00:35 python3
Sat Nov 2 20:38:01 MSK 2019
  459 ?        00:00:35 python3
Sat Nov 2 21:38:01 MSK 2019
 1322 ?        00:00:41 python3
Sat Nov 2 22:38:01 MSK 2019
 2155 ?        00:01:58 python3
Sat Nov 2 23:38:01 MSK 2019
 2977 ?        00:00:37 python3
Sun Nov 3 00:38:01 MSK 2019
 3855 ?        00:00:34 python3
Sun Nov 3 01:38:01 MSK 2019
 4686 ?        00:00:33 python3
Sun Nov 3 02:38:01 MSK 2019
 5537 ?        00:00:35 python3
Sun Nov 3 03:38:01 MSK 2019
 6388 ?        00:00:36 python3
Sun Nov 3 04:38:01 MSK 2019
 7260 ?        00:00:36 python3
Sun Nov 3 05:38:02 MSK 2019
 8151 ?        00:00:34 python3
Sun Nov 3 06:38:01 MSK 2019
 9069 ?        00:00:36 python3
Sun Nov 3 07:38:01 MSK 2019
 9895 ?        00:00:36 python3
Sun Nov 3 08:38:01 MSK 2019
10754 ?        00:00:40 python3
Sun Nov 3 09:38:01 MSK 2019
11672 ?        00:00:36 python3
Sun Nov 3 10:38:01 MSK 2019
12522 ?        00:00:35 python3
Sun Nov 3 11:38:01 MSK 2019
13354 ?        00:00:36 python3
Sun Nov 3 12:38:01 MSK 2019
14241 ?        00:00:37 python3
Sun Nov 3 13:38:01 MSK 2019
15062 ?        00:00:36 python3
Sun Nov 3 14:38:02 MSK 2019
16289 ?        00:00:36 python3
Sun Nov 3 15:38:01 MSK 2019
Sun Nov 3 16:38:01 MSK 2019
17984 ?        00:00:35 python3
Sun Nov 3 17:38:01 MSK 2019
18856 ?        00:00:40 python3
Sun Nov 3 18:38:01 MSK 2019
19685 ?        00:00:36 python3
Sun Nov 3 19:38:01 MSK 2019
20534 ?        00:00:35 python3
Sun Nov 3 20:38:01 MSK 2019
