{
    "requests_created": [
        "2020-01-20 15:21:02.055144",
        "2020-01-20 15:24:53.436460",
        "2020-01-20 15:27:07.278271",
        "2020-01-20 15:30:47.175003",
        "2020-01-20 15:32:26.613732",
        "2020-01-20 15:34:13.941800",
        "2020-01-20 15:40:05.836821",
        "2020-01-20 16:06:33.501220",
        "2020-01-20 18:37:36.593850",
        "2020-01-20 19:23:06.574743",
        "2020-01-20 19:35:55.803112",
        "2020-01-20 20:27:44.848523",
        "2020-01-20 20:28:03.819257",
        "2020-01-20 20:29:58.986509",
        "2020-01-20 20:31:41.554511",
        "2020-01-20 20:36:22.549872",
        "2020-01-20 20:41:22.487923",
        "2020-01-20 20:43:55.387316",
        "2020-01-20 20:48:50.587457",
        "2020-01-20 20:51:03.251731",
        "2020-01-20 20:59:09.902451",
        "2020-01-20 21:02:08.612967",
        "2020-01-20 21:06:04.642198",
        "2020-01-20 21:10:04.587788",
        "2020-01-20 21:15:17.454910",
        "2020-01-20 23:43:08.821515",
        "2020-01-21 03:15:30.208930",
        "2020-01-21 12:10:55.196255"
    ],
    "requests_sent": [
        "2020-01-20 15:30:05.067263",
        "2020-01-20 15:33:03.369256",
        "2020-01-20 15:35:05.791544",
        "2020-01-20 16:03:04.300579",
        "2020-01-20 17:00:01.856655",
        "2020-01-20 17:10:03.254926",
        "2020-01-20 17:39:04.402968",
        "2020-01-20 17:40:05.779829",
        "2020-01-20 18:00:03.479660",
        "2020-01-20 18:40:00.166690",
        "2020-01-20 20:00:00.918096",
        "2020-01-20 20:05:04.818552",
        "2020-01-20 20:08:04.297949",
        "2020-01-20 20:30:08.237937",
        "2020-01-20 21:00:04.298910",
        "2020-01-20 21:00:04.639370",
        "2020-01-20 21:15:02.659751",
        "2020-01-20 21:45:01.418515",
        "2020-01-20 21:47:03.501088",
        "2020-01-20 21:52:04.175484",
        "2020-01-20 22:45:04.514339",
        "2020-01-20 23:00:32.683391",
        "2020-01-20 23:00:32.817467",
        "2020-01-20 23:00:35.688485",
        "2020-01-20 23:01:03.319542",
        "2020-01-20 23:40:02.811194",
        "2020-01-20 23:59:00.330067",
        "2020-01-21 01:15:01.586485",
        "2020-01-21 04:50:02.166068",
        "2020-01-21 05:00:03.799440",
        "2020-01-21 06:01:04.549319",
        "2020-01-21 06:07:02.334476",
        "2020-01-21 08:00:03.186328",
        "2020-01-21 09:00:03.367358",
        "2020-01-21 09:00:03.654043",
        "2020-01-21 09:00:03.940533",
        "2020-01-21 09:00:04.309452",
        "2020-01-21 09:30:03.779311",
        "2020-01-21 09:40:03.756423",
        "2020-01-21 09:45:04.798877",
        "2020-01-21 10:00:02.186470",
        "2020-01-21 10:00:02.470259",
        "2020-01-21 13:00:02.135755",
        "2020-01-21 13:00:02.246411",
        "2020-01-21 13:10:04.168173",
        "2020-01-21 14:43:03.824960",
        "2020-01-21 14:50:02.321076",
        "2020-01-21 15:00:04.619293"
    ],
    "requests_created_usr": {
        "640028321": [],
        "161340015": [],
        "300726560": [],
        "106052": [],
        "701947557": [],
        "220142491": [],
        "840104305": [],
        "47403091": [],
        "148805009": [],
        "426814315": [],
        "56721284": [],
        "197462628": [],
        "73153264": [],
        "591317693": [],
        "187171106": [],
        "68918945": [],
        "530201353": [],
        "340573292": [],
        "278387919": [],
        "232252126": [],
        "97528912": [],
        "304485710": [],
        "232348175": [],
        "1020669079": [],
        "297460114": [],
        "476572174": [],
        "273550125": [],
        "190085968": [],
        "136935731": [
            "2020-01-19 20:48:50.015055"
        ],
        "64035010": [
            "2020-01-19 21:37:28.684672",
            "2020-01-19 22:51:54.465100"
        ],
        "129575011": [
            "2020-01-20 01:26:23.564931",
            "2020-01-20 18:37:36.593862",
            "2020-01-20 19:23:06.574754",
            "2020-01-20 19:35:55.803124",
            "2020-01-20 20:27:44.848534",
            "2020-01-20 20:29:58.986521",
            "2020-01-20 20:31:41.554522",
            "2020-01-20 20:36:22.549885",
            "2020-01-20 20:41:22.487936",
            "2020-01-20 20:43:55.387329",
            "2020-01-20 20:48:50.587468",
            "2020-01-20 20:51:03.251743",
            "2020-01-20 20:59:09.902463",
            "2020-01-20 21:02:08.612978",
            "2020-01-20 21:06:04.642219",
            "2020-01-20 21:10:04.587799",
            "2020-01-20 21:15:17.454923"
        ],
        "341363524": [
            "2020-01-20 12:23:30.193085",
            "2020-01-20 12:37:20.723516",
            "2020-01-20 12:54:51.374666",
            "2020-01-20 13:02:30.669334",
            "2020-01-20 23:43:08.821527"
        ],
        "460061194": [
            "2020-01-20 15:21:02.055156",
            "2020-01-20 15:24:53.436473",
            "2020-01-20 15:27:07.278284"
        ],
        "406481040": [
            "2020-01-20 15:30:47.175014",
            "2020-01-20 15:32:26.613743",
            "2020-01-20 15:34:13.941814",
            "2020-01-20 15:40:05.836835",
            "2020-01-20 16:06:33.501231"
        ],
        "918744020": [
            "2020-01-20 20:28:03.819269"
        ],
        "925079064": [
            "2020-01-21 03:15:30.208944"
        ],
        "884836033": [
            "2020-01-21 12:10:55.196267"
        ]
    },
    "requests_sent_usr": {
        "640028321": [],
        "106052": [
            "2020-01-14 09:45:05.350331",
            "2020-01-14 09:45:05.481657",
            "2020-01-14 13:10:02.377065",
            "2020-01-14 20:05:00.277195",
            "2020-01-14 21:45:00.832884",
            "2020-01-14 21:47:04.144888",
            "2020-01-14 21:52:00.389752",
            "2020-01-14 22:45:02.442586",
            "2020-01-14 23:43:42.402336",
            "2020-01-14 23:59:00.854837",
            "2020-01-16 23:40:20.624120",
            "2020-01-16 23:59:00.840271",
            "2020-01-17 09:40:03.847375",
            "2020-01-17 09:45:04.387893",
            "2020-01-17 12:44:01.521059",
            "2020-01-17 13:10:05.386200",
            "2020-01-18 09:40:02.311623",
            "2020-01-18 09:45:03.530826",
            "2020-01-18 12:44:02.754785",
            "2020-01-18 13:00:01.518603",
            "2020-01-18 13:10:03.116056",
            "2020-01-18 21:45:01.465983",
            "2020-01-18 21:47:04.231768",
            "2020-01-18 21:52:04.930200",
            "2020-01-18 22:45:03.844925",
            "2020-01-18 23:40:03.736631",
            "2020-01-18 23:59:02.298601",
            "2020-01-19 09:40:01.112906",
            "2020-01-19 09:45:02.368358",
            "2020-01-19 21:45:01.241669",
            "2020-01-19 21:47:03.651757",
            "2020-01-19 21:52:04.934838",
            "2020-01-19 22:45:01.702456",
            "2020-01-19 23:40:03.643358",
            "2020-01-19 23:59:03.231219",
            "2020-01-20 09:40:04.317563",
            "2020-01-20 09:45:05.092226",
            "2020-01-20 13:00:03.210162",
            "2020-01-20 13:10:00.805736",
            "2020-01-20 20:05:04.818564",
            "2020-01-20 21:45:01.418528",
            "2020-01-20 21:47:03.501102",
            "2020-01-20 21:52:04.175499",
            "2020-01-20 22:45:04.514353",
            "2020-01-20 23:40:02.811207",
            "2020-01-20 23:59:00.330080",
            "2020-01-21 09:40:03.756437",
            "2020-01-21 09:45:04.798890",
            "2020-01-21 13:10:04.168187"
        ],
        "460819310": [],
        "220142491": [
            "2020-01-14 17:00:03.748292",
            "2020-01-14 18:30:04.039245",
            "2020-01-16 17:00:01.455099",
            "2020-01-17 11:00:01.684908",
            "2020-01-17 17:00:06.311482",
            "2020-01-20 11:00:00.818442",
            "2020-01-20 17:00:01.856668"
        ],
        "161340015": [],
        "243751435": [],
        "300726560": [
            "2020-01-14 20:00:00.477977",
            "2020-01-14 23:00:48.894713",
            "2020-01-14 23:00:49.022734",
            "2020-01-18 09:00:04.818432",
            "2020-01-18 20:00:02.071260",
            "2020-01-18 23:01:01.817299",
            "2020-01-18 23:01:01.908119",
            "2020-01-19 23:01:06.669521",
            "2020-01-19 23:01:06.807789",
            "2020-01-20 20:00:00.918109",
            "2020-01-20 23:00:32.683405",
            "2020-01-20 23:00:32.817481"
        ],
        "369873429": [
            "2020-01-14 23:01:05.784218",
            "2020-01-18 23:01:04.770992",
            "2020-01-19 23:01:08.012783",
            "2020-01-20 23:00:35.688501"
        ],
        "355407862": [],
        "701947557": [],
        "840104305": [],
        "148805009": [
            "2020-01-16 17:38:01.791156",
            "2020-01-17 14:00:24.535493",
            "2020-01-17 15:45:03.415424",
            "2020-01-17 15:46:04.787356",
            "2020-01-17 17:39:04.843971",
            "2020-01-18 17:39:01.470165",
            "2020-01-19 17:39:00.178025",
            "2020-01-20 17:39:04.402981"
        ],
        "187171106": [
            "2020-01-17 11:00:02.097030",
            "2020-01-17 15:00:01.300448",
            "2020-01-18 15:00:02.235317",
            "2020-01-19 15:00:03.373885",
            "2020-01-20 15:00:03.064053",
            "2020-01-21 15:00:04.619306"
        ],
        "304485710": [
            "2020-01-17 14:43:01.942629",
            "2020-01-17 14:50:05.087172",
            "2020-01-18 10:00:01.404568",
            "2020-01-18 14:43:02.690550",
            "2020-01-18 14:50:01.478447",
            "2020-01-19 10:00:03.826328",
            "2020-01-19 14:43:17.102205",
            "2020-01-19 14:50:01.529877",
            "2020-01-20 10:00:03.507485",
            "2020-01-20 14:43:02.439246",
            "2020-01-20 14:50:00.830403",
            "2020-01-21 10:00:02.186484",
            "2020-01-21 14:43:03.824975",
            "2020-01-21 14:50:02.321089"
        ],
        "97528912": [
            "2020-01-17 17:40:01.226225",
            "2020-01-20 17:40:05.779845"
        ],
        "340573292": [
            "2020-01-18 08:00:04.369784",
            "2020-01-18 21:00:03.021553",
            "2020-01-18 21:00:03.170635",
            "2020-01-19 08:00:04.249416",
            "2020-01-19 21:00:02.838374",
            "2020-01-19 21:00:03.179521",
            "2020-01-20 08:00:05.197199",
            "2020-01-20 09:00:00.424543",
            "2020-01-20 21:00:04.298922",
            "2020-01-20 21:00:04.639386",
            "2020-01-21 08:00:03.186344",
            "2020-01-21 09:00:03.367371"
        ],
        "232252126": [
            "2020-01-18 09:00:05.139558",
            "2020-01-19 09:00:05.083834",
            "2020-01-20 09:00:00.707229",
            "2020-01-21 09:00:03.654056"
        ],
        "297460114": [
            "2020-01-18 22:10:03.724940",
            "2020-01-19 07:00:02.152240",
            "2020-01-19 09:00:05.373427"
        ],
        "232348175": [
            "2020-01-19 01:15:03.902960",
            "2020-01-19 17:10:02.974357",
            "2020-01-19 20:08:00.303167",
            "2020-01-20 01:15:03.780477",
            "2020-01-20 17:10:03.254941",
            "2020-01-20 20:08:04.297962",
            "2020-01-21 01:15:01.586498"
        ],
        "273550125": [
            "2020-01-19 09:00:05.661142"
        ],
        "190085968": [
            "2020-01-19 09:30:01.548304",
            "2020-01-20 09:30:06.242048",
            "2020-01-21 09:30:03.779330"
        ],
        "68918945": [
            "2020-01-19 20:09:01.588943"
        ],
        "64035010": [
            "2020-01-19 22:53:00.743884"
        ],
        "1020669079": [
            "2020-01-20 04:50:02.758796",
            "2020-01-20 15:30:05.067276",
            "2020-01-20 18:00:03.479674",
            "2020-01-21 04:50:02.166083"
        ],
        "136935731": [
            "2020-01-20 05:00:04.935130",
            "2020-01-21 05:00:03.799454"
        ],
        "476572174": [
            "2020-01-20 09:00:01.097626",
            "2020-01-21 09:00:04.309465"
        ],
        "406481040": [
            "2020-01-20 15:33:03.369269",
            "2020-01-20 15:35:05.791557",
            "2020-01-20 16:03:04.300593",
            "2020-01-20 23:01:03.319554"
        ],
        "129575011": [
            "2020-01-20 18:40:00.166705",
            "2020-01-20 20:30:08.237949",
            "2020-01-20 21:15:02.659764",
            "2020-01-21 06:01:04.549332",
            "2020-01-21 06:07:02.334488",
            "2020-01-21 09:00:03.940546",
            "2020-01-21 10:00:02.470272"
        ],
        "460061194": [
            "2020-01-21 13:00:02.135769",
            "2020-01-21 13:00:02.246429"
        ]
    }
}